#
# There is insufficient memory for the Java Runtime Environment to continue.
# Native memory allocation (malloc) failed to allocate 1770896 bytes for Chunk::new
# Possible reasons:
#   The system is out of physical RAM or swap space
#   The process is running with CompressedOops enabled, and the Java Heap may be blocking the growth of the native heap
# Possible solutions:
#   Reduce memory load on the system
#   Increase physical memory or swap space
#   Check if swap backing store is full
#   Decrease Java heap size (-Xmx/-Xms)
#   Decrease number of Java threads
#   Decrease Java thread stack sizes (-Xss)
#   Set larger code cache with -XX:ReservedCodeCacheSize=
#   JVM is running with Unscaled Compressed Oops mode in which the Java heap is
#     placed in the first 4GB address space. The Java Heap base address is the
#     maximum limit for the native heap growth. Please use -XX:HeapBaseMinAddress
#     to set the Java Heap base and to place the Java Heap above 4GB virtual address.
# This output file may be truncated or incomplete.
#
#  Out of Memory Error (./src/hotspot/share/memory/arena.cpp:197), pid=16276, tid=14248
#
# JRE version: OpenJDK Runtime Environment (11.0.13) (build 11.0.13+0-b1751.21-8125866)
# Java VM: OpenJDK 64-Bit Server VM (11.0.13+0-b1751.21-8125866, mixed mode, tiered, compressed oops, g1 gc, windows-amd64)
# No core dump will be written. Minidumps are not enabled by default on client versions of Windows
#

---------------  S U M M A R Y ------------

Command Line: --add-opens=java.base/java.util=ALL-UNNAMED --add-opens=java.base/java.lang=ALL-UNNAMED --add-opens=java.base/java.lang.invoke=ALL-UNNAMED --add-opens=java.base/java.util=ALL-UNNAMED --add-opens=java.prefs/java.util.prefs=ALL-UNNAMED --add-opens=java.prefs/java.util.prefs=ALL-UNNAMED --add-opens=java.base/java.nio.charset=ALL-UNNAMED --add-opens=java.base/java.net=ALL-UNNAMED --add-opens=java.base/java.util.concurrent.atomic=ALL-UNNAMED -Xmx2048m -Dfile.encoding=UTF-8 -Duser.country=NZ -Duser.language=en -Duser.variant org.gradle.launcher.daemon.bootstrap.GradleDaemon 7.4

Host: Intel(R) Core(TM) i5-7500 CPU @ 3.40GHz, 4 cores, 15G,  Windows 10 , 64 bit Build 19041 (10.0.19041.2251)
Time: Fri Dec 16 19:54:54 2022 New Zealand Daylight Time elapsed time: 990.917993 seconds (0d 0h 16m 30s)

---------------  T H R E A D  ---------------

Current thread (0x000001f7f9632000):  JavaThread "C2 CompilerThread1" daemon [_thread_in_native, id=14248, stack(0x0000002920900000,0x0000002920a00000)]


Current CompileTask:
C2: 990918 25188       4       com.android.tools.r8.internal.ao::a (3498 bytes)

Stack: [0x0000002920900000,0x0000002920a00000]
Native frames: (J=compiled Java code, j=interpreted, Vv=VM code, C=native code)
V  [jvm.dll+0x6100fa]
V  [jvm.dll+0x747090]
V  [jvm.dll+0x7486ad]
V  [jvm.dll+0x748d83]
V  [jvm.dll+0x24ab48]
V  [jvm.dll+0xc04dc]
V  [jvm.dll+0xc0a0c]
V  [jvm.dll+0x35eb9d]
V  [jvm.dll+0x19d9bc]
V  [jvm.dll+0x2033be]
V  [jvm.dll+0x202437]
V  [jvm.dll+0x188e01]
V  [jvm.dll+0x21106b]
V  [jvm.dll+0x20f8c1]
V  [jvm.dll+0x70de0f]
V  [jvm.dll+0x706a75]
V  [jvm.dll+0x60ed66]
C  [ucrtbase.dll+0x21bb2]
C  [KERNEL32.DLL+0x174b4]
C  [ntdll.dll+0x526a1]


---------------  P R O C E S S  ---------------

Threads class SMR info:
_java_thread_list=0x000001f78164acf0, length=102, elements={
0x000001f7daccc000, 0x000001f7f5871800, 0x000001f7f5873000, 0x000001f7f504d000,
0x000001f7f58ca800, 0x000001f7f58ce800, 0x000001f7f58d9800, 0x000001f7f58db800,
0x000001f7f58de800, 0x000001f7f5a40000, 0x000001f7f83c5000, 0x000001f7f6cbd000,
0x000001f7f8060000, 0x000001f7f6a64000, 0x000001f7f6a61800, 0x000001f7f6a66000,
0x000001f7f6a64800, 0x000001f7f6a67000, 0x000001f7f7e16800, 0x000001f7f7e1a800,
0x000001f7f7e16000, 0x000001f7f7e1d000, 0x000001f7f7e1c800, 0x000001f7f6e2d800,
0x000001f7f6e2e800, 0x000001f7fd326800, 0x000001f7fd327000, 0x000001f7fcb23800,
0x000001f7f7726000, 0x000001f7f7720800, 0x000001f7f7725000, 0x000001f7f7727000,
0x000001f7f7724800, 0x000001f7f7723800, 0x000001f7f772a000, 0x000001f7fd329800,
0x000001f7f7e19000, 0x000001f7f7e23800, 0x000001f7f7e17800, 0x000001f7f7e1e000,
0x000001f7f7e1f000, 0x000001f7f7e1f800, 0x000001f7f7e1a000, 0x000001f7f7e20800,
0x000001f7f7e21000, 0x000001f7f7e22000, 0x000001f7f7e24800, 0x000001f7f7e23000,
0x000001f7fcb1b000, 0x000001f7f9632000, 0x000001f7fcb1d800, 0x000001f7fcb20000,
0x000001f7fcb21800, 0x000001f7fcb21000, 0x000001f7fcb1c800, 0x000001f7fcb1c000,
0x000001f7fcb24000, 0x000001f7fcb1f000, 0x000001f7fcb22800, 0x000001f7fcb1e800,
0x000001f7fcb25000, 0x000001f7fcb2a000, 0x000001f7fcb25800, 0x000001f7fcb26800,
0x000001f7fcb27800, 0x000001f7fcb29000, 0x000001f7fcb28000, 0x000001f7f6e26000,
0x000001f7f6e28000, 0x000001f7f6e28800, 0x000001f7f6e27000, 0x000001f7f6e29800,
0x000001f7f6e23800, 0x000001f7f6e24800, 0x000001f7f6e2a000, 0x000001f7f6e25800,
0x000001f7f6e2f000, 0x000001f7f6e2c800, 0x000001f7f6e2b000, 0x000001f7f6e30000,
0x000001f7f6e31800, 0x000001f7f6e2c000, 0x000001f7f6e32800, 0x000001f7fd324800,
0x000001f7fd328000, 0x000001f7fd322800, 0x000001f7fd329000, 0x000001f7fd325800,
0x000001f7fd324000, 0x000001f7fd330000, 0x000001f7fd32d800, 0x000001f7fd32d000,
0x000001f7fd32e800, 0x000001f7fd32c000, 0x000001f7fd32f800, 0x000001f7fd32a800,
0x000001f7fd331000, 0x000001f7fd32b800, 0x000001f7f7721000, 0x000001f7f7727800,
0x000001f7f7722000, 0x000001f7f7728800
}

Java Threads: ( => current thread )
  0x000001f7daccc000 JavaThread "main" [_thread_blocked, id=26816, stack(0x000000291e200000,0x000000291e300000)]
  0x000001f7f5871800 JavaThread "Reference Handler" daemon [_thread_blocked, id=4252, stack(0x000000291e900000,0x000000291ea00000)]
  0x000001f7f5873000 JavaThread "Finalizer" daemon [_thread_blocked, id=18284, stack(0x000000291ea00000,0x000000291eb00000)]
  0x000001f7f504d000 JavaThread "Signal Dispatcher" daemon [_thread_blocked, id=10988, stack(0x000000291eb00000,0x000000291ec00000)]
  0x000001f7f58ca800 JavaThread "Attach Listener" daemon [_thread_blocked, id=6880, stack(0x000000291ec00000,0x000000291ed00000)]
  0x000001f7f58ce800 JavaThread "Service Thread" daemon [_thread_blocked, id=21752, stack(0x000000291ed00000,0x000000291ee00000)]
  0x000001f7f58d9800 JavaThread "C2 CompilerThread0" daemon [_thread_in_native, id=14508, stack(0x000000291ee00000,0x000000291ef00000)]
  0x000001f7f58db800 JavaThread "C1 CompilerThread0" daemon [_thread_blocked, id=6896, stack(0x000000291ef00000,0x000000291f000000)]
  0x000001f7f58de800 JavaThread "Sweeper thread" daemon [_thread_blocked, id=15956, stack(0x000000291f000000,0x000000291f100000)]
  0x000001f7f5a40000 JavaThread "Common-Cleaner" daemon [_thread_blocked, id=6356, stack(0x000000291f100000,0x000000291f200000)]
  0x000001f7f83c5000 JavaThread "Daemon health stats" [_thread_blocked, id=26196, stack(0x000000291f700000,0x000000291f800000)]
  0x000001f7f6cbd000 JavaThread "Incoming local TCP Connector on port 53720" [_thread_in_native, id=25996, stack(0x000000291f800000,0x000000291f900000)]
  0x000001f7f8060000 JavaThread "Daemon periodic checks" [_thread_blocked, id=19508, stack(0x000000291f900000,0x000000291fa00000)]
  0x000001f7f6a64000 JavaThread "Cache worker for journal cache (C:\Users\yjt4\.gradle\caches\journal-1)" [_thread_blocked, id=24008, stack(0x0000002920100000,0x0000002920200000)]
  0x000001f7f6a61800 JavaThread "File lock request listener" [_thread_in_native, id=23080, stack(0x0000002920200000,0x0000002920300000)]
  0x000001f7f6a66000 JavaThread "Cache worker for file hash cache (C:\Users\yjt4\.gradle\caches\7.4\fileHashes)" [_thread_blocked, id=21472, stack(0x0000002920300000,0x0000002920400000)]
  0x000001f7f6a64800 JavaThread "File watcher server" daemon [_thread_in_native, id=19424, stack(0x0000002920400000,0x0000002920500000)]
  0x000001f7f6a67000 JavaThread "File watcher consumer" daemon [_thread_blocked, id=9440, stack(0x0000002920500000,0x0000002920600000)]
  0x000001f7f7e16800 JavaThread "Cache worker for execution history cache (C:\Users\yjt4\.gradle\caches\7.4\executionHistory)" [_thread_blocked, id=14664, stack(0x0000002920a00000,0x0000002920b00000)]
  0x000001f7f7e1a800 JavaThread "jar transforms" [_thread_blocked, id=24556, stack(0x0000002920b00000,0x0000002920c00000)]
  0x000001f7f7e16000 JavaThread "Cache worker for file content cache (C:\Users\yjt4\.gradle\caches\7.4\fileContent)" [_thread_blocked, id=23060, stack(0x0000002920c00000,0x0000002920d00000)]
  0x000001f7f7e1d000 JavaThread "jar transforms Thread 2" [_thread_blocked, id=23852, stack(0x0000002920d00000,0x0000002920e00000)]
  0x000001f7f7e1c800 JavaThread "jar transforms Thread 3" [_thread_blocked, id=23580, stack(0x0000002920f00000,0x0000002921000000)]
  0x000001f7f6e2d800 JavaThread "jar transforms Thread 4" [_thread_blocked, id=14256, stack(0x0000002923900000,0x0000002923a00000)]
  0x000001f7f6e2e800 JavaThread "Memory manager" [_thread_blocked, id=2056, stack(0x0000002923a00000,0x0000002923b00000)]
  0x000001f7fd326800 JavaThread "Daemon Thread 2" [_thread_blocked, id=1288, stack(0x000000291df00000,0x000000291e000000)]
  0x000001f7fd327000 JavaThread "Daemon worker Thread 2" [_thread_blocked, id=14660, stack(0x000000291fa00000,0x000000291fb00000)]
  0x000001f7fcb23800 JavaThread "RMI Scheduler(0)" daemon [_thread_blocked, id=19296, stack(0x0000002924900000,0x0000002924a00000)]
  0x000001f7f7726000 JavaThread "RMI GC Daemon" daemon [_thread_blocked, id=10360, stack(0x0000002924b00000,0x0000002924c00000)]
  0x000001f7f7720800 JavaThread "RMI TCP Accept-0" daemon [_thread_in_native, id=14040, stack(0x0000002924c00000,0x0000002924d00000)]
  0x000001f7f7725000 JavaThread "RMI Reaper" [_thread_blocked, id=23364, stack(0x0000002924d00000,0x0000002924e00000)]
  0x000001f7f7727000 JavaThread "RMI TCP Connection(4)-127.0.0.1" daemon [_thread_in_native, id=14504, stack(0x0000002924e00000,0x0000002924f00000)]
  0x000001f7f7724800 JavaThread "Cache worker for Java compile cache (C:\Users\yjt4\.gradle\caches\7.4\javaCompile)" [_thread_blocked, id=14036, stack(0x0000002924a00000,0x0000002924b00000)]
  0x000001f7f7723800 JavaThread "ForkJoinPool.commonPool-worker-1" daemon [_thread_blocked, id=2896, stack(0x0000002924800000,0x0000002924900000)]
  0x000001f7f772a000 JavaThread "ForkJoinPool.commonPool-worker-3" daemon [_thread_blocked, id=24812, stack(0x0000002925400000,0x0000002925500000)]
  0x000001f7fd329800 JavaThread "included builds" [_thread_blocked, id=16548, stack(0x0000002923b00000,0x0000002923c00000)]
  0x000001f7f7e19000 JavaThread "RMI TCP Connection(idle)" daemon [_thread_blocked, id=13236, stack(0x0000002924200000,0x0000002924300000)]
  0x000001f7f7e23800 JavaThread "ForkJoinPool.commonPool-worker-5" daemon [_thread_blocked, id=11964, stack(0x0000002923800000,0x0000002923900000)]
  0x000001f7f7e17800 JavaThread "Handler for socket connection from /127.0.0.1:53720 to /127.0.0.1:53938" [_thread_in_native, id=26388, stack(0x000000291e000000,0x000000291e100000)]
  0x000001f7f7e1e000 JavaThread "Cancel handler" [_thread_blocked, id=10588, stack(0x000000291e100000,0x000000291e200000)]
  0x000001f7f7e1f000 JavaThread "Asynchronous log dispatcher for DefaultDaemonConnection: socket connection from /127.0.0.1:53720 to /127.0.0.1:53938" [_thread_blocked, id=26824, stack(0x000000291fb00000,0x000000291fc00000)]
  0x000001f7f7e1f800 JavaThread "Stdin handler" [_thread_blocked, id=1868, stack(0x000000291fc00000,0x000000291fd00000)]
  0x000001f7f7e1a000 JavaThread "Daemon client event forwarder" [_thread_blocked, id=16224, stack(0x000000291fd00000,0x000000291fe00000)]
  0x000001f7f7e20800 JavaThread "Cache worker for checksums cache (C:\Users\yjt4\Downloads\FGOApp\.gradle\7.4\checksums)" [_thread_blocked, id=6900, stack(0x000000291fe00000,0x000000291ff00000)]
  0x000001f7f7e21000 JavaThread "Cache worker for cache directory md-rule (C:\Users\yjt4\.gradle\caches\7.4\md-rule)" [_thread_blocked, id=1084, stack(0x000000291ff00000,0x0000002920000000)]
  0x000001f7f7e22000 JavaThread "Cache worker for file hash cache (C:\Users\yjt4\Downloads\FGOApp\.gradle\7.4\fileHashes)" [_thread_blocked, id=18040, stack(0x0000002920000000,0x0000002920100000)]
  0x000001f7f7e24800 JavaThread "Cache worker for cache directory md-supplier (C:\Users\yjt4\.gradle\caches\7.4\md-supplier)" [_thread_blocked, id=22676, stack(0x0000002920600000,0x0000002920700000)]
  0x000001f7f7e23000 JavaThread "Cache worker for dependencies-accessors (C:\Users\yjt4\Downloads\FGOApp\.gradle\7.4\dependencies-accessors)" [_thread_blocked, id=21152, stack(0x0000002920700000,0x0000002920800000)]
  0x000001f7fcb1b000 JavaThread "Cache worker for Build Output Cleanup Cache (C:\Users\yjt4\Downloads\FGOApp\.gradle\buildOutputCleanup)" [_thread_blocked, id=21184, stack(0x0000002920800000,0x0000002920900000)]
=>0x000001f7f9632000 JavaThread "C2 CompilerThread1" daemon [_thread_in_native, id=14248, stack(0x0000002920900000,0x0000002920a00000)]
  0x000001f7fcb1d800 JavaThread "Unconstrained build operations" [_thread_blocked, id=12812, stack(0x0000002920e00000,0x0000002920f00000)]
  0x000001f7fcb20000 JavaThread "Unconstrained build operations Thread 2" [_thread_blocked, id=12572, stack(0x0000002921000000,0x0000002921100000)]
  0x000001f7fcb21800 JavaThread "Unconstrained build operations Thread 3" [_thread_blocked, id=10968, stack(0x0000002921100000,0x0000002921200000)]
  0x000001f7fcb21000 JavaThread "Unconstrained build operations Thread 4" [_thread_blocked, id=23964, stack(0x0000002921200000,0x0000002921300000)]
  0x000001f7fcb1c800 JavaThread "Unconstrained build operations Thread 5" [_thread_blocked, id=18132, stack(0x0000002921300000,0x0000002921400000)]
  0x000001f7fcb1c000 JavaThread "Unconstrained build operations Thread 6" [_thread_blocked, id=19376, stack(0x0000002921400000,0x0000002921500000)]
  0x000001f7fcb24000 JavaThread "Unconstrained build operations Thread 7" [_thread_blocked, id=17448, stack(0x0000002921500000,0x0000002921600000)]
  0x000001f7fcb1f000 JavaThread "Unconstrained build operations Thread 8" [_thread_blocked, id=14980, stack(0x0000002921600000,0x0000002921700000)]
  0x000001f7fcb22800 JavaThread "Unconstrained build operations Thread 9" [_thread_blocked, id=27256, stack(0x0000002921700000,0x0000002921800000)]
  0x000001f7fcb1e800 JavaThread "Unconstrained build operations Thread 10" [_thread_blocked, id=19580, stack(0x0000002921800000,0x0000002921900000)]
  0x000001f7fcb25000 JavaThread "Unconstrained build operations Thread 11" [_thread_blocked, id=26752, stack(0x0000002921900000,0x0000002921a00000)]
  0x000001f7fcb2a000 JavaThread "Unconstrained build operations Thread 12" [_thread_blocked, id=27108, stack(0x0000002921a00000,0x0000002921b00000)]
  0x000001f7fcb25800 JavaThread "Unconstrained build operations Thread 13" [_thread_blocked, id=26296, stack(0x0000002921b00000,0x0000002921c00000)]
  0x000001f7fcb26800 JavaThread "Unconstrained build operations Thread 14" [_thread_blocked, id=25696, stack(0x0000002921c00000,0x0000002921d00000)]
  0x000001f7fcb27800 JavaThread "Unconstrained build operations Thread 15" [_thread_blocked, id=21644, stack(0x0000002921d00000,0x0000002921e00000)]
  0x000001f7fcb29000 JavaThread "Unconstrained build operations Thread 16" [_thread_blocked, id=15652, stack(0x0000002921e00000,0x0000002921f00000)]
  0x000001f7fcb28000 JavaThread "Unconstrained build operations Thread 17" [_thread_blocked, id=21956, stack(0x0000002921f00000,0x0000002922000000)]
  0x000001f7f6e26000 JavaThread "Unconstrained build operations Thread 18" [_thread_blocked, id=804, stack(0x0000002922000000,0x0000002922100000)]
  0x000001f7f6e28000 JavaThread "Unconstrained build operations Thread 19" [_thread_blocked, id=23968, stack(0x0000002922100000,0x0000002922200000)]
  0x000001f7f6e28800 JavaThread "Unconstrained build operations Thread 20" [_thread_blocked, id=20376, stack(0x0000002922200000,0x0000002922300000)]
  0x000001f7f6e27000 JavaThread "Unconstrained build operations Thread 21" [_thread_blocked, id=26912, stack(0x0000002922300000,0x0000002922400000)]
  0x000001f7f6e29800 JavaThread "Unconstrained build operations Thread 22" [_thread_blocked, id=22120, stack(0x0000002922400000,0x0000002922500000)]
  0x000001f7f6e23800 JavaThread "Unconstrained build operations Thread 23" [_thread_blocked, id=24516, stack(0x0000002922500000,0x0000002922600000)]
  0x000001f7f6e24800 JavaThread "Unconstrained build operations Thread 24" [_thread_blocked, id=9892, stack(0x0000002922600000,0x0000002922700000)]
  0x000001f7f6e2a000 JavaThread "Unconstrained build operations Thread 25" [_thread_blocked, id=15432, stack(0x0000002922700000,0x0000002922800000)]
  0x000001f7f6e25800 JavaThread "Unconstrained build operations Thread 26" [_thread_blocked, id=22832, stack(0x0000002922800000,0x0000002922900000)]
  0x000001f7f6e2f000 JavaThread "Unconstrained build operations Thread 27" [_thread_blocked, id=27172, stack(0x0000002922900000,0x0000002922a00000)]
  0x000001f7f6e2c800 JavaThread "Unconstrained build operations Thread 28" [_thread_blocked, id=26896, stack(0x0000002922a00000,0x0000002922b00000)]
  0x000001f7f6e2b000 JavaThread "Unconstrained build operations Thread 29" [_thread_blocked, id=19164, stack(0x0000002922b00000,0x0000002922c00000)]
  0x000001f7f6e30000 JavaThread "Unconstrained build operations Thread 30" [_thread_blocked, id=15228, stack(0x0000002922c00000,0x0000002922d00000)]
  0x000001f7f6e31800 JavaThread "Unconstrained build operations Thread 31" [_thread_blocked, id=20508, stack(0x0000002922d00000,0x0000002922e00000)]
  0x000001f7f6e2c000 JavaThread "Unconstrained build operations Thread 32" [_thread_blocked, id=16152, stack(0x0000002922e00000,0x0000002922f00000)]
  0x000001f7f6e32800 JavaThread "Unconstrained build operations Thread 33" [_thread_blocked, id=8520, stack(0x0000002922f00000,0x0000002923000000)]
  0x000001f7fd324800 JavaThread "Unconstrained build operations Thread 34" [_thread_blocked, id=16936, stack(0x0000002923000000,0x0000002923100000)]
  0x000001f7fd328000 JavaThread "Unconstrained build operations Thread 35" [_thread_blocked, id=1860, stack(0x0000002923100000,0x0000002923200000)]
  0x000001f7fd322800 JavaThread "Unconstrained build operations Thread 36" [_thread_blocked, id=24756, stack(0x0000002923200000,0x0000002923300000)]
  0x000001f7fd329000 JavaThread "Unconstrained build operations Thread 37" [_thread_blocked, id=24864, stack(0x0000002923300000,0x0000002923400000)]
  0x000001f7fd325800 JavaThread "Unconstrained build operations Thread 38" [_thread_blocked, id=3876, stack(0x0000002923400000,0x0000002923500000)]
  0x000001f7fd324000 JavaThread "Unconstrained build operations Thread 39" [_thread_blocked, id=26600, stack(0x0000002923500000,0x0000002923600000)]
  0x000001f7fd330000 JavaThread "Unconstrained build operations Thread 40" [_thread_blocked, id=6644, stack(0x0000002923600000,0x0000002923700000)]
  0x000001f7fd32d800 JavaThread "build event listener" [_thread_blocked, id=15340, stack(0x0000002923700000,0x0000002923800000)]
  0x000001f7fd32d000 JavaThread "included builds" [_thread_blocked, id=14452, stack(0x0000002923c00000,0x0000002923d00000)]
  0x000001f7fd32e800 JavaThread "Execution worker for ':'" [_thread_blocked, id=9456, stack(0x0000002923d00000,0x0000002923e00000)]
  0x000001f7fd32c000 JavaThread "Execution worker for ':' Thread 2" [_thread_blocked, id=22908, stack(0x0000002923e00000,0x0000002923f00000)]
  0x000001f7fd32f800 JavaThread "Execution worker for ':' Thread 3" [_thread_blocked, id=15828, stack(0x0000002923f00000,0x0000002924000000)]
  0x000001f7fd32a800 JavaThread "Cache worker for execution history cache (C:\Users\yjt4\Downloads\FGOApp\.gradle\7.4\executionHistory)" [_thread_blocked, id=18892, stack(0x0000002924000000,0x0000002924100000)]
  0x000001f7fd331000 JavaThread "WorkerExecutor Queue" [_thread_blocked, id=14696, stack(0x0000002924100000,0x0000002924200000)]
  0x000001f7fd32b800 JavaThread "RMI RenewClean-[127.0.0.1:17557,org.jetbrains.kotlin.daemon.common.LoopbackNetworkInterface$ClientLoopbackSocketFactory@6fb56022]" daemon [_thread_blocked, id=14612, stack(0x0000002924300000,0x0000002924400000)]
  0x000001f7f7721000 JavaThread "WorkerExecutor Queue Thread 2" [_thread_blocked, id=10288, stack(0x0000002924500000,0x0000002924600000)]
  0x000001f7f7727800 JavaThread "WorkerExecutor Queue Thread 3" [_thread_in_native, id=23660, stack(0x0000002924600000,0x0000002924700000)]
  0x000001f7f7722000 JavaThread "WorkerExecutor Queue Thread 4" [_thread_blocked, id=13424, stack(0x0000002924700000,0x0000002924800000)]
  0x000001f7f7728800 JavaThread "WorkerExecutor Queue Thread 5" [_thread_blocked, id=12756, stack(0x0000002924f00000,0x0000002925000000)]

Other Threads:
  0x000001f7f5046800 VMThread "VM Thread" [stack: 0x000000291e800000,0x000000291e900000] [id=2456]
  0x000001f7f5a68800 WatcherThread [stack: 0x000000291f200000,0x000000291f300000] [id=24660]
  0x000001f7dace4800 GCTaskThread "GC Thread#0" [stack: 0x000000291e300000,0x000000291e400000] [id=15928]
  0x000001f7f5f70800 GCTaskThread "GC Thread#1" [stack: 0x000000291f300000,0x000000291f400000] [id=15568]
  0x000001f7f6220000 GCTaskThread "GC Thread#2" [stack: 0x000000291f400000,0x000000291f500000] [id=11716]
  0x000001f7f5dcc800 GCTaskThread "GC Thread#3" [stack: 0x000000291f500000,0x000000291f600000] [id=12684]
  0x000001f7dad16000 ConcurrentGCThread "G1 Main Marker" [stack: 0x000000291e400000,0x000000291e500000] [id=19564]
  0x000001f7dad17800 ConcurrentGCThread "G1 Conc#0" [stack: 0x000000291e500000,0x000000291e600000] [id=10932]
  0x000001f7dadad000 ConcurrentGCThread "G1 Refine#0" [stack: 0x000000291e600000,0x000000291e700000] [id=24856]
  0x000001f7dadae800 ConcurrentGCThread "G1 Young RemSet Sampling" [stack: 0x000000291e700000,0x000000291e800000] [id=4272]

Threads with active compile tasks:
C2 CompilerThread0 990950 25224       4       com.android.tools.r8.internal.FW::b (908 bytes)
C2 CompilerThread1 990950 25188       4       com.android.tools.r8.internal.ao::a (3498 bytes)

VM state:not at safepoint (normal execution)

VM Mutex/Monitor currently owned by a thread: None

Heap address: 0x0000000080000000, size: 2048 MB, Compressed Oops mode: 32-bit
Narrow klass base: 0x0000000000000000, Narrow klass shift: 3
Compressed class space size: 1073741824 Address: 0x0000000100000000

Heap:
 garbage-first heap   total 314368K, used 130186K [0x0000000080000000, 0x0000000100000000)
  region size 1024K, 8 young (8192K), 7 survivors (7168K)
 Metaspace       used 128954K, capacity 132575K, committed 132820K, reserved 1165312K
  class space    used 15893K, capacity 17280K, committed 17280K, reserved 1048576K
Heap Regions: E=young(eden), S=young(survivor), O=old, HS=humongous(starts), HC=humongous(continues), CS=collection set, F=free, A=archive, TAMS=top-at-mark-start (previous, next)
|   0|0x0000000080000000, 0x0000000080100000, 0x0000000080100000|100%|HS|  |TAMS 0x0000000080100000, 0x0000000080100000| Complete 
|   1|0x0000000080100000, 0x0000000080200000, 0x0000000080200000|100%|HC|  |TAMS 0x0000000080200000, 0x0000000080200000| Complete 
|   2|0x0000000080200000, 0x0000000080300000, 0x0000000080300000|100%|HC|  |TAMS 0x0000000080300000, 0x0000000080300000| Complete 
|   3|0x0000000080300000, 0x0000000080400000, 0x0000000080400000|100%| O|  |TAMS 0x0000000080400000, 0x0000000080400000| Untracked 
|   4|0x0000000080400000, 0x0000000080500000, 0x0000000080500000|100%| O|  |TAMS 0x0000000080500000, 0x0000000080500000| Untracked 
|   5|0x0000000080500000, 0x0000000080600000, 0x0000000080600000|100%| O|  |TAMS 0x0000000080600000, 0x0000000080600000| Untracked 
|   6|0x0000000080600000, 0x0000000080700000, 0x0000000080700000|100%| O|  |TAMS 0x0000000080700000, 0x0000000080700000| Untracked 
|   7|0x0000000080700000, 0x0000000080800000, 0x0000000080800000|100%| O|  |TAMS 0x0000000080800000, 0x0000000080800000| Untracked 
|   8|0x0000000080800000, 0x0000000080900000, 0x0000000080900000|100%| O|  |TAMS 0x0000000080900000, 0x0000000080900000| Untracked 
|   9|0x0000000080900000, 0x0000000080a00000, 0x0000000080a00000|100%| O|  |TAMS 0x0000000080a00000, 0x0000000080a00000| Untracked 
|  10|0x0000000080a00000, 0x0000000080b00000, 0x0000000080b00000|100%| O|  |TAMS 0x0000000080b00000, 0x0000000080b00000| Untracked 
|  11|0x0000000080b00000, 0x0000000080c00000, 0x0000000080c00000|100%| O|  |TAMS 0x0000000080c00000, 0x0000000080c00000| Untracked 
|  12|0x0000000080c00000, 0x0000000080d00000, 0x0000000080d00000|100%| O|  |TAMS 0x0000000080d00000, 0x0000000080d00000| Untracked 
|  13|0x0000000080d00000, 0x0000000080e00000, 0x0000000080e00000|100%| O|  |TAMS 0x0000000080e00000, 0x0000000080e00000| Untracked 
|  14|0x0000000080e00000, 0x0000000080f00000, 0x0000000080f00000|100%| O|  |TAMS 0x0000000080f00000, 0x0000000080f00000| Untracked 
|  15|0x0000000080f00000, 0x0000000081000000, 0x0000000081000000|100%| O|  |TAMS 0x0000000081000000, 0x0000000081000000| Untracked 
|  16|0x0000000081000000, 0x0000000081100000, 0x0000000081100000|100%|HS|  |TAMS 0x0000000081100000, 0x0000000081100000| Complete 
|  17|0x0000000081100000, 0x0000000081200000, 0x0000000081200000|100%|HS|  |TAMS 0x0000000081200000, 0x0000000081200000| Complete 
|  18|0x0000000081200000, 0x0000000081300000, 0x0000000081300000|100%|HS|  |TAMS 0x0000000081300000, 0x0000000081300000| Complete 
|  19|0x0000000081300000, 0x0000000081400000, 0x0000000081400000|100%|HS|  |TAMS 0x0000000081400000, 0x0000000081400000| Complete 
|  20|0x0000000081400000, 0x0000000081500000, 0x0000000081500000|100%|HC|  |TAMS 0x0000000081500000, 0x0000000081500000| Complete 
|  21|0x0000000081500000, 0x0000000081600000, 0x0000000081600000|100%|HC|  |TAMS 0x0000000081600000, 0x0000000081600000| Complete 
|  22|0x0000000081600000, 0x0000000081700000, 0x0000000081700000|100%|HC|  |TAMS 0x0000000081700000, 0x0000000081700000| Complete 
|  23|0x0000000081700000, 0x0000000081800000, 0x0000000081800000|100%| O|  |TAMS 0x0000000081800000, 0x0000000081800000| Untracked 
|  24|0x0000000081800000, 0x0000000081900000, 0x0000000081900000|100%|HS|  |TAMS 0x0000000081900000, 0x0000000081900000| Complete 
|  25|0x0000000081900000, 0x0000000081a00000, 0x0000000081a00000|100%|HC|  |TAMS 0x0000000081a00000, 0x0000000081a00000| Complete 
|  26|0x0000000081a00000, 0x0000000081b00000, 0x0000000081b00000|100%| O|  |TAMS 0x0000000081b00000, 0x0000000081b00000| Untracked 
|  27|0x0000000081b00000, 0x0000000081c00000, 0x0000000081c00000|100%| O|  |TAMS 0x0000000081c00000, 0x0000000081c00000| Untracked 
|  28|0x0000000081c00000, 0x0000000081d00000, 0x0000000081d00000|100%| O|  |TAMS 0x0000000081d00000, 0x0000000081d00000| Untracked 
|  29|0x0000000081d00000, 0x0000000081e00000, 0x0000000081e00000|100%| O|  |TAMS 0x0000000081e00000, 0x0000000081e00000| Untracked 
|  30|0x0000000081e00000, 0x0000000081f00000, 0x0000000081f00000|100%| O|  |TAMS 0x0000000081f00000, 0x0000000081f00000| Untracked 
|  31|0x0000000081f00000, 0x0000000082000000, 0x0000000082000000|100%| O|  |TAMS 0x0000000082000000, 0x0000000082000000| Untracked 
|  32|0x0000000082000000, 0x0000000082100000, 0x0000000082100000|100%| O|  |TAMS 0x0000000082100000, 0x0000000082100000| Untracked 
|  33|0x0000000082100000, 0x0000000082200000, 0x0000000082200000|100%| O|  |TAMS 0x0000000082200000, 0x0000000082200000| Untracked 
|  34|0x0000000082200000, 0x0000000082300000, 0x0000000082300000|100%| O|  |TAMS 0x0000000082300000, 0x0000000082300000| Untracked 
|  35|0x0000000082300000, 0x0000000082400000, 0x0000000082400000|100%| O|  |TAMS 0x0000000082400000, 0x0000000082400000| Untracked 
|  36|0x0000000082400000, 0x0000000082500000, 0x0000000082500000|100%| O|  |TAMS 0x0000000082500000, 0x0000000082500000| Untracked 
|  37|0x0000000082500000, 0x0000000082600000, 0x0000000082600000|100%| O|  |TAMS 0x0000000082600000, 0x0000000082600000| Untracked 
|  38|0x0000000082600000, 0x0000000082700000, 0x0000000082700000|100%| O|  |TAMS 0x0000000082700000, 0x0000000082700000| Untracked 
|  39|0x0000000082700000, 0x0000000082800000, 0x0000000082800000|100%| O|  |TAMS 0x0000000082800000, 0x0000000082800000| Untracked 
|  40|0x0000000082800000, 0x0000000082900000, 0x0000000082900000|100%| O|  |TAMS 0x0000000082900000, 0x0000000082900000| Untracked 
|  41|0x0000000082900000, 0x0000000082a00000, 0x0000000082a00000|100%| O|  |TAMS 0x0000000082a00000, 0x0000000082a00000| Untracked 
|  42|0x0000000082a00000, 0x0000000082b00000, 0x0000000082b00000|100%| O|  |TAMS 0x0000000082b00000, 0x0000000082b00000| Untracked 
|  43|0x0000000082b00000, 0x0000000082c00000, 0x0000000082c00000|100%| O|  |TAMS 0x0000000082c00000, 0x0000000082c00000| Untracked 
|  44|0x0000000082c00000, 0x0000000082d00000, 0x0000000082d00000|100%| O|  |TAMS 0x0000000082d00000, 0x0000000082d00000| Untracked 
|  45|0x0000000082d00000, 0x0000000082e00000, 0x0000000082e00000|100%| O|  |TAMS 0x0000000082e00000, 0x0000000082e00000| Untracked 
|  46|0x0000000082e00000, 0x0000000082f00000, 0x0000000082f00000|100%| O|  |TAMS 0x0000000082f00000, 0x0000000082f00000| Untracked 
|  47|0x0000000082f00000, 0x0000000083000000, 0x0000000083000000|100%| O|  |TAMS 0x0000000083000000, 0x0000000083000000| Untracked 
|  48|0x0000000083000000, 0x0000000083100000, 0x0000000083100000|100%| O|  |TAMS 0x0000000083100000, 0x0000000083100000| Untracked 
|  49|0x0000000083100000, 0x0000000083200000, 0x0000000083200000|100%| O|  |TAMS 0x0000000083200000, 0x0000000083200000| Untracked 
|  50|0x0000000083200000, 0x0000000083300000, 0x0000000083300000|100%| O|  |TAMS 0x0000000083300000, 0x0000000083300000| Untracked 
|  51|0x0000000083300000, 0x0000000083400000, 0x0000000083400000|100%| O|  |TAMS 0x0000000083400000, 0x0000000083400000| Untracked 
|  52|0x0000000083400000, 0x0000000083500000, 0x0000000083500000|100%| O|  |TAMS 0x0000000083500000, 0x0000000083500000| Untracked 
|  53|0x0000000083500000, 0x0000000083600000, 0x0000000083600000|100%| O|  |TAMS 0x0000000083600000, 0x0000000083600000| Untracked 
|  54|0x0000000083600000, 0x0000000083700000, 0x0000000083700000|100%| O|  |TAMS 0x0000000083700000, 0x0000000083700000| Untracked 
|  55|0x0000000083700000, 0x0000000083800000, 0x0000000083800000|100%| O|  |TAMS 0x0000000083800000, 0x0000000083800000| Untracked 
|  56|0x0000000083800000, 0x0000000083900000, 0x0000000083900000|100%| O|  |TAMS 0x0000000083900000, 0x0000000083900000| Untracked 
|  57|0x0000000083900000, 0x0000000083a00000, 0x0000000083a00000|100%| O|  |TAMS 0x0000000083a00000, 0x0000000083a00000| Untracked 
|  58|0x0000000083a00000, 0x0000000083b00000, 0x0000000083b00000|100%| O|  |TAMS 0x0000000083b00000, 0x0000000083b00000| Untracked 
|  59|0x0000000083b00000, 0x0000000083c00000, 0x0000000083c00000|100%| O|  |TAMS 0x0000000083c00000, 0x0000000083c00000| Untracked 
|  60|0x0000000083c00000, 0x0000000083d00000, 0x0000000083d00000|100%| O|  |TAMS 0x0000000083d00000, 0x0000000083d00000| Untracked 
|  61|0x0000000083d00000, 0x0000000083e00000, 0x0000000083e00000|100%|HS|  |TAMS 0x0000000083d00000, 0x0000000083d00000| Complete 
|  62|0x0000000083e00000, 0x0000000083f00000, 0x0000000083f00000|100%| O|  |TAMS 0x0000000083f00000, 0x0000000083f00000| Untracked 
|  63|0x0000000083f00000, 0x0000000084000000, 0x0000000084000000|100%| O|  |TAMS 0x0000000084000000, 0x0000000084000000| Untracked 
|  64|0x0000000084000000, 0x0000000084100000, 0x0000000084100000|100%| O|  |TAMS 0x0000000084100000, 0x0000000084100000| Untracked 
|  65|0x0000000084100000, 0x0000000084200000, 0x0000000084200000|100%| O|  |TAMS 0x0000000084200000, 0x0000000084200000| Untracked 
|  66|0x0000000084200000, 0x0000000084200000, 0x0000000084300000|  0%| F|  |TAMS 0x0000000084200000, 0x0000000084200000| Untracked 
|  67|0x0000000084300000, 0x0000000084400000, 0x0000000084400000|100%| O|  |TAMS 0x0000000084400000, 0x0000000084400000| Untracked 
|  68|0x0000000084400000, 0x0000000084500000, 0x0000000084500000|100%| O|  |TAMS 0x0000000084500000, 0x0000000084500000| Untracked 
|  69|0x0000000084500000, 0x0000000084600000, 0x0000000084600000|100%| O|  |TAMS 0x0000000084600000, 0x0000000084600000| Untracked 
|  70|0x0000000084600000, 0x0000000084700000, 0x0000000084700000|100%| O|  |TAMS 0x0000000084700000, 0x0000000084700000| Untracked 
|  71|0x0000000084700000, 0x0000000084800000, 0x0000000084800000|100%| O|  |TAMS 0x0000000084800000, 0x0000000084800000| Untracked 
|  72|0x0000000084800000, 0x0000000084900000, 0x0000000084900000|100%| O|  |TAMS 0x0000000084900000, 0x0000000084900000| Untracked 
|  73|0x0000000084900000, 0x0000000084a00000, 0x0000000084a00000|100%| O|  |TAMS 0x0000000084a00000, 0x0000000084a00000| Untracked 
|  74|0x0000000084a00000, 0x0000000084b00000, 0x0000000084b00000|100%| O|  |TAMS 0x0000000084b00000, 0x0000000084b00000| Untracked 
|  75|0x0000000084b00000, 0x0000000084c00000, 0x0000000084c00000|100%| O|  |TAMS 0x0000000084c00000, 0x0000000084c00000| Untracked 
|  76|0x0000000084c00000, 0x0000000084c00000, 0x0000000084d00000|  0%| F|  |TAMS 0x0000000084c00000, 0x0000000084c00000| Untracked 
|  77|0x0000000084d00000, 0x0000000084e00000, 0x0000000084e00000|100%| O|  |TAMS 0x0000000084e00000, 0x0000000084e00000| Untracked 
|  78|0x0000000084e00000, 0x0000000084f00000, 0x0000000084f00000|100%| O|  |TAMS 0x0000000084e71200, 0x0000000084f00000| Untracked 
|  79|0x0000000084f00000, 0x0000000085000000, 0x0000000085000000|100%| O|  |TAMS 0x0000000085000000, 0x0000000085000000| Untracked 
|  80|0x0000000085000000, 0x0000000085000000, 0x0000000085100000|  0%| F|  |TAMS 0x0000000085000000, 0x0000000085000000| Untracked 
|  81|0x0000000085100000, 0x0000000085100000, 0x0000000085200000|  0%| F|  |TAMS 0x0000000085100000, 0x0000000085100000| Untracked 
|  82|0x0000000085200000, 0x0000000085200000, 0x0000000085300000|  0%| F|  |TAMS 0x0000000085200000, 0x0000000085200000| Untracked 
|  83|0x0000000085300000, 0x0000000085400000, 0x0000000085400000|100%| O|  |TAMS 0x0000000085400000, 0x0000000085400000| Untracked 
|  84|0x0000000085400000, 0x0000000085400000, 0x0000000085500000|  0%| F|  |TAMS 0x0000000085400000, 0x0000000085400000| Untracked 
|  85|0x0000000085500000, 0x0000000085600000, 0x0000000085600000|100%| O|  |TAMS 0x0000000085600000, 0x0000000085600000| Untracked 
|  86|0x0000000085600000, 0x0000000085700000, 0x0000000085700000|100%| O|  |TAMS 0x0000000085700000, 0x0000000085700000| Untracked 
|  87|0x0000000085700000, 0x0000000085800000, 0x0000000085800000|100%| O|  |TAMS 0x0000000085800000, 0x0000000085800000| Untracked 
|  88|0x0000000085800000, 0x0000000085900000, 0x0000000085900000|100%| O|  |TAMS 0x0000000085900000, 0x0000000085900000| Untracked 
|  89|0x0000000085900000, 0x0000000085a00000, 0x0000000085a00000|100%| O|  |TAMS 0x0000000085a00000, 0x0000000085a00000| Untracked 
|  90|0x0000000085a00000, 0x0000000085b00000, 0x0000000085b00000|100%| O|  |TAMS 0x0000000085b00000, 0x0000000085b00000| Untracked 
|  91|0x0000000085b00000, 0x0000000085c00000, 0x0000000085c00000|100%| O|  |TAMS 0x0000000085c00000, 0x0000000085c00000| Untracked 
|  92|0x0000000085c00000, 0x0000000085d00000, 0x0000000085d00000|100%| O|  |TAMS 0x0000000085d00000, 0x0000000085d00000| Untracked 
|  93|0x0000000085d00000, 0x0000000085e00000, 0x0000000085e00000|100%| O|  |TAMS 0x0000000085d00000, 0x0000000085e00000| Untracked 
|  94|0x0000000085e00000, 0x0000000085f00000, 0x0000000085f00000|100%| O|  |TAMS 0x0000000085f00000, 0x0000000085f00000| Untracked 
|  95|0x0000000085f00000, 0x0000000086000000, 0x0000000086000000|100%| O|  |TAMS 0x0000000086000000, 0x0000000086000000| Untracked 
|  96|0x0000000086000000, 0x0000000086100000, 0x0000000086100000|100%| O|  |TAMS 0x0000000086100000, 0x0000000086100000| Untracked 
|  97|0x0000000086100000, 0x0000000086100000, 0x0000000086200000|  0%| F|  |TAMS 0x0000000086100000, 0x0000000086100000| Untracked 
|  98|0x0000000086200000, 0x0000000086200000, 0x0000000086300000|  0%| F|  |TAMS 0x0000000086200000, 0x0000000086200000| Untracked 
|  99|0x0000000086300000, 0x0000000086300000, 0x0000000086400000|  0%| F|  |TAMS 0x0000000086300000, 0x0000000086300000| Untracked 
| 100|0x0000000086400000, 0x0000000086400000, 0x0000000086500000|  0%| F|  |TAMS 0x0000000086400000, 0x0000000086400000| Untracked 
| 101|0x0000000086500000, 0x0000000086600000, 0x0000000086600000|100%| O|  |TAMS 0x0000000086600000, 0x0000000086600000| Untracked 
| 102|0x0000000086600000, 0x0000000086700000, 0x0000000086700000|100%| O|  |TAMS 0x0000000086700000, 0x0000000086700000| Untracked 
| 103|0x0000000086700000, 0x0000000086800000, 0x0000000086800000|100%| O|  |TAMS 0x0000000086800000, 0x0000000086800000| Untracked 
| 104|0x0000000086800000, 0x0000000086800000, 0x0000000086900000|  0%| F|  |TAMS 0x0000000086800000, 0x0000000086800000| Untracked 
| 105|0x0000000086900000, 0x0000000086a00000, 0x0000000086a00000|100%| O|  |TAMS 0x0000000086900000, 0x0000000086a00000| Untracked 
| 106|0x0000000086a00000, 0x0000000086b00000, 0x0000000086b00000|100%| O|  |TAMS 0x0000000086b00000, 0x0000000086b00000| Untracked 
| 107|0x0000000086b00000, 0x0000000086c00000, 0x0000000086c00000|100%| O|  |TAMS 0x0000000086b00000, 0x0000000086c00000| Untracked 
| 108|0x0000000086c00000, 0x0000000086c00000, 0x0000000086d00000|  0%| F|  |TAMS 0x0000000086c00000, 0x0000000086c00000| Untracked 
| 109|0x0000000086d00000, 0x0000000086e00000, 0x0000000086e00000|100%| O|  |TAMS 0x0000000086e00000, 0x0000000086e00000| Untracked 
| 110|0x0000000086e00000, 0x0000000086f00000, 0x0000000086f00000|100%| O|  |TAMS 0x0000000086f00000, 0x0000000086f00000| Untracked 
| 111|0x0000000086f00000, 0x0000000087000000, 0x0000000087000000|100%| O|  |TAMS 0x0000000087000000, 0x0000000087000000| Untracked 
| 112|0x0000000087000000, 0x0000000087100000, 0x0000000087100000|100%| O|  |TAMS 0x0000000087100000, 0x0000000087100000| Untracked 
| 113|0x0000000087100000, 0x0000000087200000, 0x0000000087200000|100%| O|  |TAMS 0x0000000087200000, 0x0000000087200000| Untracked 
| 114|0x0000000087200000, 0x0000000087300000, 0x0000000087300000|100%| O|  |TAMS 0x0000000087300000, 0x0000000087300000| Untracked 
| 115|0x0000000087300000, 0x0000000087400000, 0x0000000087400000|100%| O|  |TAMS 0x0000000087300000, 0x0000000087400000| Untracked 
| 116|0x0000000087400000, 0x0000000087500000, 0x0000000087500000|100%| O|  |TAMS 0x0000000087500000, 0x0000000087500000| Untracked 
| 117|0x0000000087500000, 0x0000000087600000, 0x0000000087600000|100%| O|  |TAMS 0x0000000087600000, 0x0000000087600000| Untracked 
| 118|0x0000000087600000, 0x0000000087700000, 0x0000000087700000|100%| O|  |TAMS 0x0000000087700000, 0x0000000087700000| Untracked 
| 119|0x0000000087700000, 0x0000000087800000, 0x0000000087800000|100%| O|  |TAMS 0x0000000087700000, 0x0000000087800000| Untracked 
| 120|0x0000000087800000, 0x0000000087800000, 0x0000000087900000|  0%| F|  |TAMS 0x0000000087800000, 0x0000000087800000| Untracked 
| 121|0x0000000087900000, 0x0000000087a00000, 0x0000000087a00000|100%| O|  |TAMS 0x0000000087900000, 0x0000000087a00000| Untracked 
| 122|0x0000000087a00000, 0x0000000087b00000, 0x0000000087b00000|100%| O|  |TAMS 0x0000000087a00000, 0x0000000087b00000| Untracked 
| 123|0x0000000087b00000, 0x0000000087b00000, 0x0000000087c00000|  0%| F|  |TAMS 0x0000000087b00000, 0x0000000087b00000| Untracked 
| 124|0x0000000087c00000, 0x0000000087d00000, 0x0000000087d00000|100%| O|  |TAMS 0x0000000087c00000, 0x0000000087d00000| Untracked 
| 125|0x0000000087d00000, 0x0000000087e00000, 0x0000000087e00000|100%| O|  |TAMS 0x0000000087e00000, 0x0000000087e00000| Untracked 
| 126|0x0000000087e00000, 0x0000000087f00000, 0x0000000087f00000|100%| O|  |TAMS 0x0000000087e00000, 0x0000000087f00000| Untracked 
| 127|0x0000000087f00000, 0x0000000088000000, 0x0000000088000000|100%| O|  |TAMS 0x0000000087f00000, 0x0000000088000000| Untracked 
| 128|0x0000000088000000, 0x0000000088076800, 0x0000000088100000| 46%| O|  |TAMS 0x0000000088000000, 0x0000000088076800| Untracked 
| 129|0x0000000088100000, 0x0000000088100000, 0x0000000088200000|  0%| F|  |TAMS 0x0000000088100000, 0x0000000088100000| Untracked 
| 130|0x0000000088200000, 0x0000000088300000, 0x0000000088300000|100%| O|  |TAMS 0x0000000088300000, 0x0000000088300000| Untracked 
| 131|0x0000000088300000, 0x0000000088300000, 0x0000000088400000|  0%| F|  |TAMS 0x0000000088300000, 0x0000000088300000| Untracked 
| 132|0x0000000088400000, 0x0000000088400000, 0x0000000088500000|  0%| F|  |TAMS 0x0000000088400000, 0x0000000088400000| Untracked 
| 133|0x0000000088500000, 0x0000000088500000, 0x0000000088600000|  0%| F|  |TAMS 0x0000000088500000, 0x0000000088500000| Untracked 
| 134|0x0000000088600000, 0x0000000088700000, 0x0000000088700000|100%| O|  |TAMS 0x0000000088700000, 0x0000000088700000| Untracked 
| 135|0x0000000088700000, 0x0000000088700000, 0x0000000088800000|  0%| F|  |TAMS 0x0000000088700000, 0x0000000088700000| Untracked 
| 136|0x0000000088800000, 0x0000000088900000, 0x0000000088900000|100%| O|  |TAMS 0x0000000088900000, 0x0000000088900000| Untracked 
| 137|0x0000000088900000, 0x0000000088a00000, 0x0000000088a00000|100%| O|  |TAMS 0x0000000088a00000, 0x0000000088a00000| Untracked 
| 138|0x0000000088a00000, 0x0000000088b00000, 0x0000000088b00000|100%| O|  |TAMS 0x0000000088b00000, 0x0000000088b00000| Untracked 
| 139|0x0000000088b00000, 0x0000000088c00000, 0x0000000088c00000|100%| O|  |TAMS 0x0000000088c00000, 0x0000000088c00000| Untracked 
| 140|0x0000000088c00000, 0x0000000088c00000, 0x0000000088d00000|  0%| F|  |TAMS 0x0000000088c00000, 0x0000000088c00000| Untracked 
| 141|0x0000000088d00000, 0x0000000088d00000, 0x0000000088e00000|  0%| F|  |TAMS 0x0000000088d00000, 0x0000000088d00000| Untracked 
| 142|0x0000000088e00000, 0x0000000088e00000, 0x0000000088f00000|  0%| F|  |TAMS 0x0000000088e00000, 0x0000000088e00000| Untracked 
| 143|0x0000000088f00000, 0x0000000088f00000, 0x0000000089000000|  0%| F|  |TAMS 0x0000000088f00000, 0x0000000088f00000| Untracked 
| 144|0x0000000089000000, 0x0000000089000000, 0x0000000089100000|  0%| F|  |TAMS 0x0000000089000000, 0x0000000089000000| Untracked 
| 145|0x0000000089100000, 0x0000000089100000, 0x0000000089200000|  0%| F|  |TAMS 0x0000000089100000, 0x0000000089100000| Untracked 
| 146|0x0000000089200000, 0x0000000089200000, 0x0000000089300000|  0%| F|  |TAMS 0x0000000089200000, 0x0000000089200000| Untracked 
| 147|0x0000000089300000, 0x0000000089300000, 0x0000000089400000|  0%| F|  |TAMS 0x0000000089300000, 0x0000000089300000| Untracked 
| 148|0x0000000089400000, 0x0000000089400000, 0x0000000089500000|  0%| F|  |TAMS 0x0000000089400000, 0x0000000089400000| Untracked 
| 149|0x0000000089500000, 0x0000000089500000, 0x0000000089600000|  0%| F|  |TAMS 0x0000000089500000, 0x0000000089500000| Untracked 
| 150|0x0000000089600000, 0x0000000089600000, 0x0000000089700000|  0%| F|  |TAMS 0x0000000089600000, 0x0000000089600000| Untracked 
| 151|0x0000000089700000, 0x0000000089700000, 0x0000000089800000|  0%| F|  |TAMS 0x0000000089700000, 0x0000000089700000| Untracked 
| 152|0x0000000089800000, 0x0000000089800000, 0x0000000089900000|  0%| F|  |TAMS 0x0000000089800000, 0x0000000089800000| Untracked 
| 153|0x0000000089900000, 0x0000000089900000, 0x0000000089a00000|  0%| F|  |TAMS 0x0000000089900000, 0x0000000089900000| Untracked 
| 154|0x0000000089a00000, 0x0000000089a00000, 0x0000000089b00000|  0%| F|  |TAMS 0x0000000089a00000, 0x0000000089a00000| Untracked 
| 155|0x0000000089b00000, 0x0000000089b00000, 0x0000000089c00000|  0%| F|  |TAMS 0x0000000089b00000, 0x0000000089b00000| Untracked 
| 156|0x0000000089c00000, 0x0000000089c00000, 0x0000000089d00000|  0%| F|  |TAMS 0x0000000089c00000, 0x0000000089c00000| Untracked 
| 157|0x0000000089d00000, 0x0000000089d00000, 0x0000000089e00000|  0%| F|  |TAMS 0x0000000089d00000, 0x0000000089d00000| Untracked 
| 158|0x0000000089e00000, 0x0000000089e00000, 0x0000000089f00000|  0%| F|  |TAMS 0x0000000089e00000, 0x0000000089e00000| Untracked 
| 159|0x0000000089f00000, 0x0000000089f00000, 0x000000008a000000|  0%| F|  |TAMS 0x0000000089f00000, 0x0000000089f00000| Untracked 
| 160|0x000000008a000000, 0x000000008a000000, 0x000000008a100000|  0%| F|  |TAMS 0x000000008a000000, 0x000000008a000000| Untracked 
| 161|0x000000008a100000, 0x000000008a100000, 0x000000008a200000|  0%| F|  |TAMS 0x000000008a100000, 0x000000008a100000| Untracked 
| 162|0x000000008a200000, 0x000000008a200000, 0x000000008a300000|  0%| F|  |TAMS 0x000000008a200000, 0x000000008a200000| Untracked 
| 163|0x000000008a300000, 0x000000008a300000, 0x000000008a400000|  0%| F|  |TAMS 0x000000008a300000, 0x000000008a300000| Untracked 
| 164|0x000000008a400000, 0x000000008a400000, 0x000000008a500000|  0%| F|  |TAMS 0x000000008a400000, 0x000000008a400000| Untracked 
| 165|0x000000008a500000, 0x000000008a500000, 0x000000008a600000|  0%| F|  |TAMS 0x000000008a500000, 0x000000008a500000| Untracked 
| 166|0x000000008a600000, 0x000000008a600000, 0x000000008a700000|  0%| F|  |TAMS 0x000000008a600000, 0x000000008a600000| Untracked 
| 167|0x000000008a700000, 0x000000008a700000, 0x000000008a800000|  0%| F|  |TAMS 0x000000008a700000, 0x000000008a700000| Untracked 
| 168|0x000000008a800000, 0x000000008a800000, 0x000000008a900000|  0%| F|  |TAMS 0x000000008a800000, 0x000000008a800000| Untracked 
| 169|0x000000008a900000, 0x000000008a900000, 0x000000008aa00000|  0%| F|  |TAMS 0x000000008a900000, 0x000000008a900000| Untracked 
| 170|0x000000008aa00000, 0x000000008aa00000, 0x000000008ab00000|  0%| F|  |TAMS 0x000000008aa00000, 0x000000008aa00000| Untracked 
| 171|0x000000008ab00000, 0x000000008ab00000, 0x000000008ac00000|  0%| F|  |TAMS 0x000000008ab00000, 0x000000008ab00000| Untracked 
| 172|0x000000008ac00000, 0x000000008ac00000, 0x000000008ad00000|  0%| F|  |TAMS 0x000000008ac00000, 0x000000008ac00000| Untracked 
| 173|0x000000008ad00000, 0x000000008ad00000, 0x000000008ae00000|  0%| F|  |TAMS 0x000000008ad00000, 0x000000008ad00000| Untracked 
| 174|0x000000008ae00000, 0x000000008ae00000, 0x000000008af00000|  0%| F|  |TAMS 0x000000008ae00000, 0x000000008ae00000| Untracked 
| 175|0x000000008af00000, 0x000000008af00000, 0x000000008b000000|  0%| F|  |TAMS 0x000000008af00000, 0x000000008af00000| Untracked 
| 176|0x000000008b000000, 0x000000008b000000, 0x000000008b100000|  0%| F|  |TAMS 0x000000008b000000, 0x000000008b000000| Untracked 
| 177|0x000000008b100000, 0x000000008b100000, 0x000000008b200000|  0%| F|  |TAMS 0x000000008b100000, 0x000000008b100000| Untracked 
| 178|0x000000008b200000, 0x000000008b200000, 0x000000008b300000|  0%| F|  |TAMS 0x000000008b200000, 0x000000008b200000| Untracked 
| 179|0x000000008b300000, 0x000000008b300000, 0x000000008b400000|  0%| F|  |TAMS 0x000000008b300000, 0x000000008b300000| Untracked 
| 180|0x000000008b400000, 0x000000008b400000, 0x000000008b500000|  0%| F|  |TAMS 0x000000008b400000, 0x000000008b400000| Untracked 
| 181|0x000000008b500000, 0x000000008b500000, 0x000000008b600000|  0%| F|  |TAMS 0x000000008b500000, 0x000000008b500000| Untracked 
| 182|0x000000008b600000, 0x000000008b600000, 0x000000008b700000|  0%| F|  |TAMS 0x000000008b600000, 0x000000008b600000| Untracked 
| 183|0x000000008b700000, 0x000000008b700000, 0x000000008b800000|  0%| F|  |TAMS 0x000000008b700000, 0x000000008b700000| Untracked 
| 184|0x000000008b800000, 0x000000008b800000, 0x000000008b900000|  0%| F|  |TAMS 0x000000008b800000, 0x000000008b800000| Untracked 
| 185|0x000000008b900000, 0x000000008b900000, 0x000000008ba00000|  0%| F|  |TAMS 0x000000008b900000, 0x000000008b900000| Untracked 
| 186|0x000000008ba00000, 0x000000008ba00000, 0x000000008bb00000|  0%| F|  |TAMS 0x000000008ba00000, 0x000000008ba00000| Untracked 
| 187|0x000000008bb00000, 0x000000008bb00000, 0x000000008bc00000|  0%| F|  |TAMS 0x000000008bb00000, 0x000000008bb00000| Untracked 
| 188|0x000000008bc00000, 0x000000008bc00000, 0x000000008bd00000|  0%| F|  |TAMS 0x000000008bc00000, 0x000000008bc00000| Untracked 
| 189|0x000000008bd00000, 0x000000008bd00000, 0x000000008be00000|  0%| F|  |TAMS 0x000000008bd00000, 0x000000008bd00000| Untracked 
| 190|0x000000008be00000, 0x000000008be00000, 0x000000008bf00000|  0%| F|  |TAMS 0x000000008be00000, 0x000000008be00000| Untracked 
| 191|0x000000008bf00000, 0x000000008bf00000, 0x000000008c000000|  0%| F|  |TAMS 0x000000008bf00000, 0x000000008bf00000| Untracked 
| 192|0x000000008c000000, 0x000000008c000000, 0x000000008c100000|  0%| F|  |TAMS 0x000000008c000000, 0x000000008c000000| Untracked 
| 193|0x000000008c100000, 0x000000008c100000, 0x000000008c200000|  0%| F|  |TAMS 0x000000008c100000, 0x000000008c100000| Untracked 
| 194|0x000000008c200000, 0x000000008c200000, 0x000000008c300000|  0%| F|  |TAMS 0x000000008c200000, 0x000000008c200000| Untracked 
| 195|0x000000008c300000, 0x000000008c300000, 0x000000008c400000|  0%| F|  |TAMS 0x000000008c300000, 0x000000008c300000| Untracked 
| 196|0x000000008c400000, 0x000000008c400000, 0x000000008c500000|  0%| F|  |TAMS 0x000000008c400000, 0x000000008c400000| Untracked 
| 197|0x000000008c500000, 0x000000008c500000, 0x000000008c600000|  0%| F|  |TAMS 0x000000008c500000, 0x000000008c500000| Untracked 
| 198|0x000000008c600000, 0x000000008c600000, 0x000000008c700000|  0%| F|  |TAMS 0x000000008c600000, 0x000000008c600000| Untracked 
| 199|0x000000008c700000, 0x000000008c700000, 0x000000008c800000|  0%| F|  |TAMS 0x000000008c700000, 0x000000008c700000| Untracked 
| 200|0x000000008c800000, 0x000000008c800000, 0x000000008c900000|  0%| F|  |TAMS 0x000000008c800000, 0x000000008c800000| Untracked 
| 201|0x000000008c900000, 0x000000008c900000, 0x000000008ca00000|  0%| F|  |TAMS 0x000000008c900000, 0x000000008c900000| Untracked 
| 202|0x000000008ca00000, 0x000000008ca00000, 0x000000008cb00000|  0%| F|  |TAMS 0x000000008ca00000, 0x000000008ca00000| Untracked 
| 203|0x000000008cb00000, 0x000000008cb00000, 0x000000008cc00000|  0%| F|  |TAMS 0x000000008cb00000, 0x000000008cb00000| Untracked 
| 204|0x000000008cc00000, 0x000000008cc00000, 0x000000008cd00000|  0%| F|  |TAMS 0x000000008cc00000, 0x000000008cc00000| Untracked 
| 205|0x000000008cd00000, 0x000000008cd00000, 0x000000008ce00000|  0%| F|  |TAMS 0x000000008cd00000, 0x000000008cd00000| Untracked 
| 206|0x000000008ce00000, 0x000000008ce00000, 0x000000008cf00000|  0%| F|  |TAMS 0x000000008ce00000, 0x000000008ce00000| Untracked 
| 207|0x000000008cf00000, 0x000000008cf00000, 0x000000008d000000|  0%| F|  |TAMS 0x000000008cf00000, 0x000000008cf00000| Untracked 
| 208|0x000000008d000000, 0x000000008d000000, 0x000000008d100000|  0%| F|  |TAMS 0x000000008d000000, 0x000000008d000000| Untracked 
| 209|0x000000008d100000, 0x000000008d100000, 0x000000008d200000|  0%| F|  |TAMS 0x000000008d100000, 0x000000008d100000| Untracked 
| 210|0x000000008d200000, 0x000000008d200000, 0x000000008d300000|  0%| F|  |TAMS 0x000000008d200000, 0x000000008d200000| Untracked 
| 211|0x000000008d300000, 0x000000008d300000, 0x000000008d400000|  0%| F|  |TAMS 0x000000008d300000, 0x000000008d300000| Untracked 
| 212|0x000000008d400000, 0x000000008d400000, 0x000000008d500000|  0%| F|  |TAMS 0x000000008d400000, 0x000000008d400000| Untracked 
| 213|0x000000008d500000, 0x000000008d500000, 0x000000008d600000|  0%| F|  |TAMS 0x000000008d500000, 0x000000008d500000| Untracked 
| 214|0x000000008d600000, 0x000000008d600000, 0x000000008d700000|  0%| F|  |TAMS 0x000000008d600000, 0x000000008d600000| Untracked 
| 215|0x000000008d700000, 0x000000008d700000, 0x000000008d800000|  0%| F|  |TAMS 0x000000008d700000, 0x000000008d700000| Untracked 
| 216|0x000000008d800000, 0x000000008d800000, 0x000000008d900000|  0%| F|  |TAMS 0x000000008d800000, 0x000000008d800000| Untracked 
| 217|0x000000008d900000, 0x000000008d900000, 0x000000008da00000|  0%| F|  |TAMS 0x000000008d900000, 0x000000008d900000| Untracked 
| 218|0x000000008da00000, 0x000000008da00000, 0x000000008db00000|  0%| F|  |TAMS 0x000000008da00000, 0x000000008da00000| Untracked 
| 219|0x000000008db00000, 0x000000008db00000, 0x000000008dc00000|  0%| F|  |TAMS 0x000000008db00000, 0x000000008db00000| Untracked 
| 220|0x000000008dc00000, 0x000000008dc00000, 0x000000008dd00000|  0%| F|  |TAMS 0x000000008dc00000, 0x000000008dc00000| Untracked 
| 221|0x000000008dd00000, 0x000000008dd00000, 0x000000008de00000|  0%| F|  |TAMS 0x000000008dd00000, 0x000000008dd00000| Untracked 
| 222|0x000000008de00000, 0x000000008de00000, 0x000000008df00000|  0%| F|  |TAMS 0x000000008de00000, 0x000000008de00000| Untracked 
| 223|0x000000008df00000, 0x000000008df00000, 0x000000008e000000|  0%| F|  |TAMS 0x000000008df00000, 0x000000008df00000| Untracked 
| 224|0x000000008e000000, 0x000000008e000000, 0x000000008e100000|  0%| F|  |TAMS 0x000000008e000000, 0x000000008e000000| Untracked 
| 225|0x000000008e100000, 0x000000008e100000, 0x000000008e200000|  0%| F|  |TAMS 0x000000008e100000, 0x000000008e100000| Untracked 
| 226|0x000000008e200000, 0x000000008e200000, 0x000000008e300000|  0%| F|  |TAMS 0x000000008e200000, 0x000000008e200000| Untracked 
| 227|0x000000008e300000, 0x000000008e300000, 0x000000008e400000|  0%| F|  |TAMS 0x000000008e300000, 0x000000008e300000| Untracked 
| 228|0x000000008e400000, 0x000000008e400000, 0x000000008e500000|  0%| F|  |TAMS 0x000000008e400000, 0x000000008e400000| Untracked 
| 229|0x000000008e500000, 0x000000008e500000, 0x000000008e600000|  0%| F|  |TAMS 0x000000008e500000, 0x000000008e500000| Untracked 
| 230|0x000000008e600000, 0x000000008e6ac150, 0x000000008e700000| 67%| S|CS|TAMS 0x000000008e600000, 0x000000008e600000| Complete 
| 231|0x000000008e700000, 0x000000008e800000, 0x000000008e800000|100%| S|CS|TAMS 0x000000008e700000, 0x000000008e700000| Complete 
| 232|0x000000008e800000, 0x000000008e900000, 0x000000008e900000|100%| S|CS|TAMS 0x000000008e800000, 0x000000008e800000| Complete 
| 233|0x000000008e900000, 0x000000008ea00000, 0x000000008ea00000|100%| S|CS|TAMS 0x000000008e900000, 0x000000008e900000| Complete 
| 234|0x000000008ea00000, 0x000000008eb00000, 0x000000008eb00000|100%| S|CS|TAMS 0x000000008ea00000, 0x000000008ea00000| Complete 
| 235|0x000000008eb00000, 0x000000008ec00000, 0x000000008ec00000|100%| S|CS|TAMS 0x000000008eb00000, 0x000000008eb00000| Complete 
| 236|0x000000008ec00000, 0x000000008ed00000, 0x000000008ed00000|100%| S|CS|TAMS 0x000000008ec00000, 0x000000008ec00000| Complete 
| 237|0x000000008ed00000, 0x000000008ed00000, 0x000000008ee00000|  0%| F|  |TAMS 0x000000008ed00000, 0x000000008ed00000| Untracked 
| 238|0x000000008ee00000, 0x000000008ee00000, 0x000000008ef00000|  0%| F|  |TAMS 0x000000008ee00000, 0x000000008ee00000| Untracked 
| 239|0x000000008ef00000, 0x000000008ef00000, 0x000000008f000000|  0%| F|  |TAMS 0x000000008ef00000, 0x000000008ef00000| Untracked 
| 240|0x000000008f000000, 0x000000008f000000, 0x000000008f100000|  0%| F|  |TAMS 0x000000008f000000, 0x000000008f000000| Untracked 
| 241|0x000000008f100000, 0x000000008f100000, 0x000000008f200000|  0%| F|  |TAMS 0x000000008f100000, 0x000000008f100000| Untracked 
| 242|0x000000008f200000, 0x000000008f200000, 0x000000008f300000|  0%| F|  |TAMS 0x000000008f200000, 0x000000008f200000| Untracked 
| 243|0x000000008f300000, 0x000000008f300000, 0x000000008f400000|  0%| F|  |TAMS 0x000000008f300000, 0x000000008f300000| Untracked 
| 244|0x000000008f400000, 0x000000008f400000, 0x000000008f500000|  0%| F|  |TAMS 0x000000008f400000, 0x000000008f400000| Untracked 
| 245|0x000000008f500000, 0x000000008f500000, 0x000000008f600000|  0%| F|  |TAMS 0x000000008f500000, 0x000000008f500000| Untracked 
| 246|0x000000008f600000, 0x000000008f600000, 0x000000008f700000|  0%| F|  |TAMS 0x000000008f600000, 0x000000008f600000| Untracked 
| 247|0x000000008f700000, 0x000000008f700000, 0x000000008f800000|  0%| F|  |TAMS 0x000000008f700000, 0x000000008f700000| Untracked 
| 248|0x000000008f800000, 0x000000008f800000, 0x000000008f900000|  0%| F|  |TAMS 0x000000008f800000, 0x000000008f800000| Untracked 
| 249|0x000000008f900000, 0x000000008f900000, 0x000000008fa00000|  0%| F|  |TAMS 0x000000008f900000, 0x000000008f900000| Untracked 
| 250|0x000000008fa00000, 0x000000008fa00000, 0x000000008fb00000|  0%| F|  |TAMS 0x000000008fa00000, 0x000000008fa00000| Untracked 
| 251|0x000000008fb00000, 0x000000008fb00000, 0x000000008fc00000|  0%| F|  |TAMS 0x000000008fb00000, 0x000000008fb00000| Untracked 
| 252|0x000000008fc00000, 0x000000008fc00000, 0x000000008fd00000|  0%| F|  |TAMS 0x000000008fc00000, 0x000000008fc00000| Untracked 
| 253|0x000000008fd00000, 0x000000008fd00000, 0x000000008fe00000|  0%| F|  |TAMS 0x000000008fd00000, 0x000000008fd00000| Untracked 
| 254|0x000000008fe00000, 0x000000008fe00000, 0x000000008ff00000|  0%| F|  |TAMS 0x000000008fe00000, 0x000000008fe00000| Untracked 
| 255|0x000000008ff00000, 0x000000008ff00000, 0x0000000090000000|  0%| F|  |TAMS 0x000000008ff00000, 0x000000008ff00000| Untracked 
| 256|0x0000000090000000, 0x0000000090000000, 0x0000000090100000|  0%| F|  |TAMS 0x0000000090000000, 0x0000000090000000| Untracked 
| 257|0x0000000090100000, 0x0000000090100000, 0x0000000090200000|  0%| F|  |TAMS 0x0000000090100000, 0x0000000090100000| Untracked 
| 258|0x0000000090200000, 0x0000000090200000, 0x0000000090300000|  0%| F|  |TAMS 0x0000000090200000, 0x0000000090200000| Untracked 
| 259|0x0000000090300000, 0x0000000090300000, 0x0000000090400000|  0%| F|  |TAMS 0x0000000090300000, 0x0000000090300000| Untracked 
| 260|0x0000000090400000, 0x0000000090400000, 0x0000000090500000|  0%| F|  |TAMS 0x0000000090400000, 0x0000000090400000| Untracked 
| 261|0x0000000090500000, 0x0000000090500000, 0x0000000090600000|  0%| F|  |TAMS 0x0000000090500000, 0x0000000090500000| Untracked 
| 262|0x0000000090600000, 0x0000000090600000, 0x0000000090700000|  0%| F|  |TAMS 0x0000000090600000, 0x0000000090600000| Untracked 
| 263|0x0000000090700000, 0x0000000090700000, 0x0000000090800000|  0%| F|  |TAMS 0x0000000090700000, 0x0000000090700000| Untracked 
| 264|0x0000000090800000, 0x0000000090800000, 0x0000000090900000|  0%| F|  |TAMS 0x0000000090800000, 0x0000000090800000| Untracked 
| 265|0x0000000090900000, 0x0000000090900000, 0x0000000090a00000|  0%| F|  |TAMS 0x0000000090900000, 0x0000000090900000| Untracked 
| 266|0x0000000090a00000, 0x0000000090a00000, 0x0000000090b00000|  0%| F|  |TAMS 0x0000000090a00000, 0x0000000090a00000| Untracked 
| 267|0x0000000090b00000, 0x0000000090b00000, 0x0000000090c00000|  0%| F|  |TAMS 0x0000000090b00000, 0x0000000090b00000| Untracked 
| 268|0x0000000090c00000, 0x0000000090c00000, 0x0000000090d00000|  0%| F|  |TAMS 0x0000000090c00000, 0x0000000090c00000| Untracked 
| 269|0x0000000090d00000, 0x0000000090d00000, 0x0000000090e00000|  0%| F|  |TAMS 0x0000000090d00000, 0x0000000090d00000| Untracked 
| 270|0x0000000090e00000, 0x0000000090e00000, 0x0000000090f00000|  0%| F|  |TAMS 0x0000000090e00000, 0x0000000090e00000| Untracked 
| 271|0x0000000090f00000, 0x0000000090f00000, 0x0000000091000000|  0%| F|  |TAMS 0x0000000090f00000, 0x0000000090f00000| Untracked 
| 272|0x0000000091000000, 0x0000000091000000, 0x0000000091100000|  0%| F|  |TAMS 0x0000000091000000, 0x0000000091000000| Untracked 
| 273|0x0000000091100000, 0x0000000091100000, 0x0000000091200000|  0%| F|  |TAMS 0x0000000091100000, 0x0000000091100000| Untracked 
| 274|0x0000000091200000, 0x0000000091200000, 0x0000000091300000|  0%| F|  |TAMS 0x0000000091200000, 0x0000000091200000| Untracked 
| 275|0x0000000091300000, 0x0000000091300000, 0x0000000091400000|  0%| F|  |TAMS 0x0000000091300000, 0x0000000091300000| Untracked 
| 276|0x0000000091400000, 0x0000000091400000, 0x0000000091500000|  0%| F|  |TAMS 0x0000000091400000, 0x0000000091400000| Untracked 
| 277|0x0000000091500000, 0x0000000091500000, 0x0000000091600000|  0%| F|  |TAMS 0x0000000091500000, 0x0000000091500000| Untracked 
| 278|0x0000000091600000, 0x0000000091600000, 0x0000000091700000|  0%| F|  |TAMS 0x0000000091600000, 0x0000000091600000| Untracked 
| 279|0x0000000091700000, 0x0000000091700000, 0x0000000091800000|  0%| F|  |TAMS 0x0000000091700000, 0x0000000091700000| Untracked 
| 280|0x0000000091800000, 0x0000000091800000, 0x0000000091900000|  0%| F|  |TAMS 0x0000000091800000, 0x0000000091800000| Untracked 
| 281|0x0000000091900000, 0x0000000091900000, 0x0000000091a00000|  0%| F|  |TAMS 0x0000000091900000, 0x0000000091900000| Untracked 
| 282|0x0000000091a00000, 0x0000000091a00000, 0x0000000091b00000|  0%| F|  |TAMS 0x0000000091a00000, 0x0000000091a00000| Untracked 
| 283|0x0000000091b00000, 0x0000000091b00000, 0x0000000091c00000|  0%| F|  |TAMS 0x0000000091b00000, 0x0000000091b00000| Untracked 
| 284|0x0000000091c00000, 0x0000000091c00000, 0x0000000091d00000|  0%| F|  |TAMS 0x0000000091c00000, 0x0000000091c00000| Untracked 
| 285|0x0000000091d00000, 0x0000000091d00000, 0x0000000091e00000|  0%| F|  |TAMS 0x0000000091d00000, 0x0000000091d00000| Untracked 
| 286|0x0000000091e00000, 0x0000000091e00000, 0x0000000091f00000|  0%| F|  |TAMS 0x0000000091e00000, 0x0000000091e00000| Untracked 
| 287|0x0000000091f00000, 0x0000000091f00000, 0x0000000092000000|  0%| F|  |TAMS 0x0000000091f00000, 0x0000000091f00000| Untracked 
| 288|0x0000000092000000, 0x0000000092000000, 0x0000000092100000|  0%| F|  |TAMS 0x0000000092000000, 0x0000000092000000| Untracked 
| 289|0x0000000092100000, 0x0000000092100000, 0x0000000092200000|  0%| F|  |TAMS 0x0000000092100000, 0x0000000092100000| Untracked 
| 290|0x0000000092200000, 0x0000000092200000, 0x0000000092300000|  0%| F|  |TAMS 0x0000000092200000, 0x0000000092200000| Untracked 
| 291|0x0000000092300000, 0x0000000092300000, 0x0000000092400000|  0%| F|  |TAMS 0x0000000092300000, 0x0000000092300000| Untracked 
| 292|0x0000000092400000, 0x0000000092400000, 0x0000000092500000|  0%| F|  |TAMS 0x0000000092400000, 0x0000000092400000| Untracked 
| 293|0x0000000092500000, 0x0000000092500000, 0x0000000092600000|  0%| F|  |TAMS 0x0000000092500000, 0x0000000092500000| Untracked 
| 294|0x0000000092600000, 0x0000000092600000, 0x0000000092700000|  0%| F|  |TAMS 0x0000000092600000, 0x0000000092600000| Untracked 
| 295|0x0000000092700000, 0x0000000092700000, 0x0000000092800000|  0%| F|  |TAMS 0x0000000092700000, 0x0000000092700000| Untracked 
| 296|0x0000000092800000, 0x0000000092800000, 0x0000000092900000|  0%| F|  |TAMS 0x0000000092800000, 0x0000000092800000| Untracked 
| 297|0x0000000092900000, 0x0000000092900000, 0x0000000092a00000|  0%| F|  |TAMS 0x0000000092900000, 0x0000000092900000| Untracked 
| 298|0x0000000092a00000, 0x0000000092a00000, 0x0000000092b00000|  0%| F|  |TAMS 0x0000000092a00000, 0x0000000092a00000| Untracked 
| 299|0x0000000092b00000, 0x0000000092b00000, 0x0000000092c00000|  0%| F|  |TAMS 0x0000000092b00000, 0x0000000092b00000| Untracked 
| 300|0x0000000092c00000, 0x0000000092c00000, 0x0000000092d00000|  0%| F|  |TAMS 0x0000000092c00000, 0x0000000092c00000| Untracked 
| 301|0x0000000092d00000, 0x0000000092d00000, 0x0000000092e00000|  0%| F|  |TAMS 0x0000000092d00000, 0x0000000092d00000| Untracked 
| 302|0x0000000092e00000, 0x0000000092e00000, 0x0000000092f00000|  0%| F|  |TAMS 0x0000000092e00000, 0x0000000092e00000| Untracked 
| 303|0x0000000092f00000, 0x0000000092f00000, 0x0000000093000000|  0%| F|  |TAMS 0x0000000092f00000, 0x0000000092f00000| Untracked 
| 304|0x0000000093000000, 0x0000000093000000, 0x0000000093100000|  0%| F|  |TAMS 0x0000000093000000, 0x0000000093000000| Untracked 
| 305|0x0000000093100000, 0x0000000093100000, 0x0000000093200000|  0%| F|  |TAMS 0x0000000093100000, 0x0000000093100000| Untracked 
| 306|0x0000000093200000, 0x00000000932fce30, 0x0000000093300000| 98%| E|  |TAMS 0x0000000093200000, 0x0000000093200000| Complete 

Card table byte_map: [0x000001f7ee210000,0x000001f7ee610000] _byte_map_base: 0x000001f7ede10000

Marking Bits (Prev, Next): (CMBitMap*) 0x000001f7dad0d5d8, (CMBitMap*) 0x000001f7dad0d610
 Prev Bits: [0x000001f7eea10000, 0x000001f7f0a10000)
 Next Bits: [0x000001f7f0a10000, 0x000001f7f2a10000)

Polling page: 0x000001f7d9400000

Metaspace:

Usage:
  Non-class:    112.59 MB capacity,   110.41 MB ( 98%) used,     1.73 MB (  2%) free+waste,   465.00 KB ( <1%) overhead. 
      Class:     16.88 MB capacity,    15.52 MB ( 92%) used,     1.16 MB (  7%) free+waste,   200.63 KB (  1%) overhead. 
       Both:    129.47 MB capacity,   125.93 MB ( 97%) used,     2.89 MB (  2%) free+waste,   665.63 KB ( <1%) overhead. 

Virtual space:
  Non-class space:      114.00 MB reserved,     112.83 MB ( 99%) committed 
      Class space:        1.00 GB reserved,      16.88 MB (  2%) committed 
             Both:        1.11 GB reserved,     129.71 MB ( 11%) committed 

Chunk freelists:
   Non-Class:  53.00 KB
       Class:  0 bytes
        Both:  53.00 KB

MaxMetaspaceSize: 17179869184.00 GB
CompressedClassSpaceSize: 1.00 GB
Initial GC threshold: 20.80 MB
Current GC threshold: 214.93 MB
CDS: off

CodeHeap 'non-profiled nmethods': size=120064Kb used=15917Kb max_used=15917Kb free=104146Kb
 bounds [0x000001f7e62b0000, 0x000001f7e7240000, 0x000001f7ed7f0000]
CodeHeap 'profiled nmethods': size=120000Kb used=53902Kb max_used=53902Kb free=66098Kb
 bounds [0x000001f7ded80000, 0x000001f7e2230000, 0x000001f7e62b0000]
CodeHeap 'non-nmethods': size=5696Kb used=2481Kb max_used=2548Kb free=3215Kb
 bounds [0x000001f7de7f0000, 0x000001f7dea90000, 0x000001f7ded80000]
 total_blobs=23627 nmethods=22607 adapters=930
 compilation: enabled
              stopped_count=0, restarted_count=0
 full_count=0

Compilation events (20 events):
Event: 990.798 Thread 0x000001f7f58db800 25318       1       com.android.tools.r8.code.n2::v (3 bytes)
Event: 990.798 Thread 0x000001f7f58db800 nmethod 25318 0x000001f7e7230d90 code [0x000001f7e7230f40, 0x000001f7e7230ff8]
Event: 990.802 Thread 0x000001f7f58db800 25321       3       com.android.tools.r8.internal.t3::a (116 bytes)
Event: 990.803 Thread 0x000001f7f58db800 nmethod 25321 0x000001f7e221b810 code [0x000001f7e221bb60, 0x000001f7e221d288]
Event: 990.803 Thread 0x000001f7f58db800 25322 %     3       com.android.tools.r8.graph.i0::a @ 35 (77 bytes)
Event: 990.804 Thread 0x000001f7f58db800 nmethod 25322% 0x000001f7e221db90 code [0x000001f7e221ddc0, 0x000001f7e221e568]
Event: 990.807 Thread 0x000001f7f58db800 25330       3       com.android.tools.r8.graph.i0::a (77 bytes)
Event: 990.807 Thread 0x000001f7f58db800 nmethod 25330 0x000001f7e221e890 code [0x000001f7e221eac0, 0x000001f7e221f1a8]
Event: 990.810 Thread 0x000001f7f58db800 25332 %     3       java.lang.Long::toString @ 61 (139 bytes)
Event: 990.810 Thread 0x000001f7f58db800 nmethod 25332% 0x000001f7e221f490 code [0x000001f7e221f6c0, 0x000001f7e221ffd8]
Event: 990.811 Thread 0x000001f7f58db800 25334 %     3       com.android.tools.r8.graph.i0::n0 @ 65 (102 bytes)
Event: 990.812 Thread 0x000001f7f58db800 nmethod 25334% 0x000001f7e2220310 code [0x000001f7e2220540, 0x000001f7e2220b98]
Event: 990.874 Thread 0x000001f7f58db800 25336 %     3       com.android.tools.r8.internal.jJ::g @ 74 (316 bytes)
Event: 990.875 Thread 0x000001f7f58db800 nmethod 25336% 0x000001f7e2220e90 code [0x000001f7e2221160, 0x000001f7e2222318]
Event: 990.905 Thread 0x000001f7f58db800 25337 %     3       com.android.tools.r8.internal.Rk::a @ 20 (214 bytes)
Event: 990.906 Thread 0x000001f7f58db800 nmethod 25337% 0x000001f7e2222a90 code [0x000001f7e2222e40, 0x000001f7e2224948]
Event: 990.906 Thread 0x000001f7f58db800 25338       3       com.android.tools.r8.internal.Rk::a (214 bytes)
Event: 990.907 Thread 0x000001f7f58db800 nmethod 25338 0x000001f7e2225290 code [0x000001f7e2225640, 0x000001f7e22270f8]
Event: 990.914 Thread 0x000001f7f58d9800 nmethod 25189 0x000001f7e7231090 code [0x000001f7e72315e0, 0x000001f7e7237620]
Event: 990.914 Thread 0x000001f7f58d9800 25209       4       com.android.tools.r8.ir.regalloc.c::d (184 bytes)

GC Heap History (20 events):
Event: 874.343 GC heap before
{Heap before GC invocations=55 (full 0):
 garbage-first heap   total 260096K, used 215002K [0x0000000080000000, 0x0000000100000000)
  region size 1024K, 79 young (80896K), 1 survivors (1024K)
 Metaspace       used 127524K, capacity 130967K, committed 131156K, reserved 1163264K
  class space    used 15805K, capacity 17134K, committed 17152K, reserved 1048576K
}
Event: 874.348 GC heap after
{Heap after GC invocations=56 (full 0):
 garbage-first heap   total 260096K, used 136835K [0x0000000080000000, 0x0000000100000000)
  region size 1024K, 2 young (2048K), 2 survivors (2048K)
 Metaspace       used 127524K, capacity 130967K, committed 131156K, reserved 1163264K
  class space    used 15805K, capacity 17134K, committed 17152K, reserved 1048576K
}
Event: 874.704 GC heap before
{Heap before GC invocations=57 (full 0):
 garbage-first heap   total 260096K, used 216707K [0x0000000080000000, 0x0000000100000000)
  region size 1024K, 81 young (82944K), 2 survivors (2048K)
 Metaspace       used 127525K, capacity 130967K, committed 131156K, reserved 1163264K
  class space    used 15805K, capacity 17134K, committed 17152K, reserved 1048576K
}
Event: 874.710 GC heap after
{Heap after GC invocations=58 (full 0):
 garbage-first heap   total 260096K, used 137447K [0x0000000080000000, 0x0000000100000000)
  region size 1024K, 4 young (4096K), 4 survivors (4096K)
 Metaspace       used 127525K, capacity 130967K, committed 131156K, reserved 1163264K
  class space    used 15805K, capacity 17134K, committed 17152K, reserved 1048576K
}
Event: 874.731 GC heap before
{Heap before GC invocations=58 (full 0):
 garbage-first heap   total 260096K, used 145639K [0x0000000080000000, 0x0000000100000000)
  region size 1024K, 12 young (12288K), 4 survivors (4096K)
 Metaspace       used 127526K, capacity 130967K, committed 131156K, reserved 1163264K
  class space    used 15805K, capacity 17134K, committed 17152K, reserved 1048576K
}
Event: 874.743 GC heap after
{Heap after GC invocations=59 (full 0):
 garbage-first heap   total 260096K, used 129553K [0x0000000080000000, 0x0000000100000000)
  region size 1024K, 1 young (1024K), 1 survivors (1024K)
 Metaspace       used 127526K, capacity 130967K, committed 131156K, reserved 1163264K
  class space    used 15805K, capacity 17134K, committed 17152K, reserved 1048576K
}
Event: 875.280 GC heap before
{Heap before GC invocations=59 (full 0):
 garbage-first heap   total 260096K, used 213521K [0x0000000080000000, 0x0000000100000000)
  region size 1024K, 84 young (86016K), 1 survivors (1024K)
 Metaspace       used 127617K, capacity 131054K, committed 131156K, reserved 1163264K
  class space    used 15805K, capacity 17134K, committed 17152K, reserved 1048576K
}
Event: 875.288 GC heap after
{Heap after GC invocations=60 (full 0):
 garbage-first heap   total 314368K, used 133308K [0x0000000080000000, 0x0000000100000000)
  region size 1024K, 5 young (5120K), 5 survivors (5120K)
 Metaspace       used 127617K, capacity 131054K, committed 131156K, reserved 1163264K
  class space    used 15805K, capacity 17134K, committed 17152K, reserved 1048576K
}
Event: 933.619 GC heap before
{Heap before GC invocations=61 (full 0):
 garbage-first heap   total 314368K, used 261308K [0x0000000080000000, 0x0000000100000000)
  region size 1024K, 111 young (113664K), 5 survivors (5120K)
 Metaspace       used 127788K, capacity 131199K, committed 131412K, reserved 1163264K
  class space    used 15813K, capacity 17135K, committed 17152K, reserved 1048576K
}
Event: 933.624 GC heap after
{Heap after GC invocations=62 (full 0):
 garbage-first heap   total 314368K, used 130217K [0x0000000080000000, 0x0000000100000000)
  region size 1024K, 2 young (2048K), 2 survivors (2048K)
 Metaspace       used 127788K, capacity 131199K, committed 131412K, reserved 1163264K
  class space    used 15813K, capacity 17135K, committed 17152K, reserved 1048576K
}
Event: 933.816 GC heap before
{Heap before GC invocations=62 (full 0):
 garbage-first heap   total 314368K, used 143529K [0x0000000080000000, 0x0000000100000000)
  region size 1024K, 15 young (15360K), 2 survivors (2048K)
 Metaspace       used 127913K, capacity 131436K, committed 131796K, reserved 1163264K
  class space    used 15827K, capacity 17161K, committed 17280K, reserved 1048576K
}
Event: 933.821 GC heap after
{Heap after GC invocations=63 (full 0):
 garbage-first heap   total 314368K, used 129446K [0x0000000080000000, 0x0000000100000000)
  region size 1024K, 2 young (2048K), 2 survivors (2048K)
 Metaspace       used 127913K, capacity 131436K, committed 131796K, reserved 1163264K
  class space    used 15827K, capacity 17161K, committed 17280K, reserved 1048576K
}
Event: 937.762 GC heap before
{Heap before GC invocations=63 (full 0):
 garbage-first heap   total 314368K, used 243110K [0x0000000080000000, 0x0000000100000000)
  region size 1024K, 114 young (116736K), 2 survivors (2048K)
 Metaspace       used 128376K, capacity 131850K, committed 132052K, reserved 1165312K
  class space    used 15848K, capacity 17198K, committed 17280K, reserved 1048576K
}
Event: 937.777 GC heap after
{Heap after GC invocations=64 (full 0):
 garbage-first heap   total 314368K, used 139259K [0x0000000080000000, 0x0000000100000000)
  region size 1024K, 12 young (12288K), 12 survivors (12288K)
 Metaspace       used 128376K, capacity 131850K, committed 132052K, reserved 1165312K
  class space    used 15848K, capacity 17198K, committed 17280K, reserved 1048576K
}
Event: 988.181 GC heap before
{Heap before GC invocations=65 (full 0):
 garbage-first heap   total 314368K, used 267259K [0x0000000080000000, 0x0000000100000000)
  region size 1024K, 119 young (121856K), 12 survivors (12288K)
 Metaspace       used 128871K, capacity 132446K, committed 132564K, reserved 1165312K
  class space    used 15884K, capacity 17263K, committed 17280K, reserved 1048576K
}
Event: 988.194 GC heap after
{Heap after GC invocations=66 (full 0):
 garbage-first heap   total 314368K, used 137559K [0x0000000080000000, 0x0000000100000000)
  region size 1024K, 9 young (9216K), 9 survivors (9216K)
 Metaspace       used 128871K, capacity 132446K, committed 132564K, reserved 1165312K
  class space    used 15884K, capacity 17263K, committed 17280K, reserved 1048576K
}
Event: 990.401 GC heap before
{Heap before GC invocations=66 (full 0):
 garbage-first heap   total 314368K, used 143703K [0x0000000080000000, 0x0000000100000000)
  region size 1024K, 15 young (15360K), 9 survivors (9216K)
 Metaspace       used 128886K, capacity 132464K, committed 132564K, reserved 1165312K
  class space    used 15887K, capacity 17269K, committed 17280K, reserved 1048576K
}
Event: 990.412 GC heap after
{Heap after GC invocations=67 (full 0):
 garbage-first heap   total 314368K, used 123742K [0x0000000080000000, 0x0000000100000000)
  region size 1024K, 2 young (2048K), 2 survivors (2048K)
 Metaspace       used 128886K, capacity 132464K, committed 132564K, reserved 1165312K
  class space    used 15887K, capacity 17269K, committed 17280K, reserved 1048576K
}
Event: 990.887 GC heap before
{Heap before GC invocations=67 (full 0):
 garbage-first heap   total 314368K, used 191326K [0x0000000080000000, 0x0000000100000000)
  region size 1024K, 70 young (71680K), 2 survivors (2048K)
 Metaspace       used 128954K, capacity 132575K, committed 132820K, reserved 1165312K
  class space    used 15893K, capacity 17280K, committed 17280K, reserved 1048576K
}
Event: 990.903 GC heap after
{Heap after GC invocations=68 (full 0):
 garbage-first heap   total 314368K, used 129162K [0x0000000080000000, 0x0000000100000000)
  region size 1024K, 7 young (7168K), 7 survivors (7168K)
 Metaspace       used 128954K, capacity 132575K, committed 132820K, reserved 1165312K
  class space    used 15893K, capacity 17280K, committed 17280K, reserved 1048576K
}

Deoptimization events (20 events):
Event: 990.620 Thread 0x000001f7fd331000 DEOPT PACKING pc=0x000001f7e0beac20 sp=0x00000029241fb550
Event: 990.620 Thread 0x000001f7fd331000 DEOPT UNPACKING pc=0x000001f7de83a95e sp=0x00000029241fab88 mode 0
Event: 990.637 Thread 0x000001f7fd331000 Uncommon trap: trap_request=0xffffffc6 fr.pc=0x000001f7e712a600 relative=0x0000000000001000
Event: 990.637 Thread 0x000001f7fd331000 Uncommon trap: reason=bimorphic_or_optimized_type_check action=maybe_recompile pc=0x000001f7e712a600 method=com.android.tools.r8.internal.FW.b(Lcom/android/tools/r8/internal/Xq;)V @ 618 c2
Event: 990.637 Thread 0x000001f7fd331000 DEOPT PACKING pc=0x000001f7e712a600 sp=0x00000029241fbd40
Event: 990.637 Thread 0x000001f7fd331000 DEOPT UNPACKING pc=0x000001f7de83a1af sp=0x00000029241fbd30 mode 2
Event: 990.637 Thread 0x000001f7fd331000 Uncommon trap: trap_request=0xffffffc6 fr.pc=0x000001f7e712a600 relative=0x0000000000001000
Event: 990.637 Thread 0x000001f7fd331000 Uncommon trap: reason=bimorphic_or_optimized_type_check action=maybe_recompile pc=0x000001f7e712a600 method=com.android.tools.r8.internal.FW.b(Lcom/android/tools/r8/internal/Xq;)V @ 618 c2
Event: 990.637 Thread 0x000001f7fd331000 DEOPT PACKING pc=0x000001f7e712a600 sp=0x00000029241fbd40
Event: 990.637 Thread 0x000001f7fd331000 DEOPT UNPACKING pc=0x000001f7de83a1af sp=0x00000029241fbd30 mode 2
Event: 990.732 Thread 0x000001f7f7727800 DEOPT PACKING pc=0x000001f7defeb960 sp=0x00000029246fdfb0
Event: 990.732 Thread 0x000001f7f7727800 DEOPT UNPACKING pc=0x000001f7de83a95e sp=0x00000029246fd470 mode 0
Event: 990.742 Thread 0x000001f7f7727800 DEOPT PACKING pc=0x000001f7defeb960 sp=0x00000029246fdfb0
Event: 990.742 Thread 0x000001f7f7727800 DEOPT UNPACKING pc=0x000001f7de83a95e sp=0x00000029246fd470 mode 0
Event: 990.790 Thread 0x000001f7f7727800 Uncommon trap: trap_request=0xffffff4d fr.pc=0x000001f7e7166808 relative=0x0000000000000068
Event: 990.790 Thread 0x000001f7f7727800 Uncommon trap: reason=unstable_if action=reinterpret pc=0x000001f7e7166808 method=com.android.tools.r8.internal.EE.a(Lcom/android/tools/r8/graph/a1;)Lcom/android/tools/r8/internal/EE; @ 18 c2
Event: 990.790 Thread 0x000001f7f7727800 DEOPT PACKING pc=0x000001f7e7166808 sp=0x00000029246fdd00
Event: 990.790 Thread 0x000001f7f7727800 DEOPT UNPACKING pc=0x000001f7de83a1af sp=0x00000029246fdc88 mode 2
Event: 990.907 Thread 0x000001f7f7727800 DEOPT PACKING pc=0x000001f7e0f99325 sp=0x00000029246fc680
Event: 990.907 Thread 0x000001f7f7727800 DEOPT UNPACKING pc=0x000001f7de83a95e sp=0x00000029246fbbe8 mode 0

Classes redefined (0 events):
No events

Internal exceptions (20 events):
Event: 934.030 Thread 0x000001f7fd327000 Exception <a 'sun/nio/fs/WindowsException'{0x0000000091a83858}> (0x0000000091a83858) thrown at [./src/hotspot/share/prims/jni.cpp, line 616]
Event: 934.031 Thread 0x000001f7fd327000 Exception <a 'sun/nio/fs/WindowsException'{0x0000000091a84c20}> (0x0000000091a84c20) thrown at [./src/hotspot/share/prims/jni.cpp, line 616]
Event: 937.545 Thread 0x000001f7fd331000 Exception <a 'sun/nio/fs/WindowsException'{0x000000008e791100}> (0x000000008e791100) thrown at [./src/hotspot/share/prims/jni.cpp, line 616]
Event: 937.602 Thread 0x000001f7fd331000 Implicit null exception at 0x000001f7e696fb26 to 0x000001f7e696ff58
Event: 937.667 Thread 0x000001f7fd331000 Exception <a 'sun/nio/fs/WindowsException'{0x000000008cc29868}> (0x000000008cc29868) thrown at [./src/hotspot/share/prims/jni.cpp, line 616]
Event: 937.753 Thread 0x000001f7f7e1e000 Exception <a 'sun/nio/fs/WindowsException'{0x000000008c74bef8}> (0x000000008c74bef8) thrown at [./src/hotspot/share/prims/jni.cpp, line 616]
Event: 937.947 Thread 0x000001f7f7e1e000 Exception <a 'sun/nio/fs/WindowsException'{0x0000000091fe0d18}> (0x0000000091fe0d18) thrown at [./src/hotspot/share/prims/jni.cpp, line 616]
Event: 940.469 Thread 0x000001f7fd327000 Exception <a 'sun/nio/fs/WindowsException'{0x00000000914b6e10}> (0x00000000914b6e10) thrown at [./src/hotspot/share/prims/jni.cpp, line 616]
Event: 940.469 Thread 0x000001f7fd327000 Exception <a 'sun/nio/fs/WindowsException'{0x00000000914b6e90}> (0x00000000914b6e90) thrown at [./src/hotspot/share/prims/jni.cpp, line 616]
Event: 940.469 Thread 0x000001f7fd327000 Exception <a 'sun/nio/fs/WindowsException'{0x00000000914b87c0}> (0x00000000914b87c0) thrown at [./src/hotspot/share/prims/jni.cpp, line 616]
Event: 987.505 Thread 0x000001f7fd327000 Exception <a 'sun/nio/fs/WindowsException'{0x000000008f7e1a80}> (0x000000008f7e1a80) thrown at [./src/hotspot/share/prims/jni.cpp, line 616]
Event: 987.654 Thread 0x000001f7fd327000 Exception <a 'sun/nio/fs/WindowsException'{0x000000008eb90900}> (0x000000008eb90900) thrown at [./src/hotspot/share/prims/jni.cpp, line 616]
Event: 987.659 Thread 0x000001f7fd327000 Exception <a 'sun/nio/fs/WindowsException'{0x000000008ea2e898}> (0x000000008ea2e898) thrown at [./src/hotspot/share/prims/jni.cpp, line 616]
Event: 987.659 Thread 0x000001f7fd327000 Exception <a 'sun/nio/fs/WindowsException'{0x000000008ea2fc10}> (0x000000008ea2fc10) thrown at [./src/hotspot/share/prims/jni.cpp, line 616]
Event: 987.659 Thread 0x000001f7fd327000 Exception <a 'sun/nio/fs/WindowsException'{0x000000008ea30fd8}> (0x000000008ea30fd8) thrown at [./src/hotspot/share/prims/jni.cpp, line 616]
Event: 987.659 Thread 0x000001f7fd327000 Exception <a 'sun/nio/fs/WindowsException'{0x000000008ea323a0}> (0x000000008ea323a0) thrown at [./src/hotspot/share/prims/jni.cpp, line 616]
Event: 990.565 Thread 0x000001f7fd331000 Exception <a 'sun/nio/fs/WindowsException'{0x0000000092ac4698}> (0x0000000092ac4698) thrown at [./src/hotspot/share/prims/jni.cpp, line 616]
Event: 990.672 Thread 0x000001f7fd331000 Exception <a 'sun/nio/fs/WindowsException'{0x0000000090c223d8}> (0x0000000090c223d8) thrown at [./src/hotspot/share/prims/jni.cpp, line 616]
Event: 990.755 Thread 0x000001f7f7727800 Exception <a 'sun/nio/fs/WindowsException'{0x0000000090786510}> (0x0000000090786510) thrown at [./src/hotspot/share/prims/jni.cpp, line 616]
Event: 990.913 Thread 0x000001f7f7727800 Exception <a 'sun/nio/fs/WindowsException'{0x000000009329c5e0}> (0x000000009329c5e0) thrown at [./src/hotspot/share/prims/jni.cpp, line 616]

Events (20 events):
Event: 988.197 Executing coalesced safepoint VM operation: RevokeBias done
Event: 988.197 Executing VM operation: RevokeBias done
Event: 988.242 Executing VM operation: RevokeBias
Event: 988.242 Executing VM operation: RevokeBias done
Event: 988.300 Executing VM operation: RevokeBias
Event: 988.300 Executing VM operation: RevokeBias done
Event: 990.190 Executing VM operation: RevokeBias
Event: 990.190 Executing VM operation: RevokeBias done
Event: 990.401 Executing VM operation: G1CollectForAllocation
Event: 990.412 Executing VM operation: G1CollectForAllocation done
Event: 990.560 Thread 0x000001f7f7721000 Thread added: 0x000001f7f7721000
Event: 990.560 Executing VM operation: RevokeBias
Event: 990.561 Executing VM operation: RevokeBias done
Event: 990.561 Thread 0x000001f7f7727800 Thread added: 0x000001f7f7727800
Event: 990.571 Thread 0x000001f7f7722000 Thread added: 0x000001f7f7722000
Event: 990.573 Thread 0x000001f7f7728800 Thread added: 0x000001f7f7728800
Event: 990.585 Executing VM operation: RevokeBias
Event: 990.585 Executing VM operation: RevokeBias done
Event: 990.887 Executing VM operation: G1CollectForAllocation
Event: 990.903 Executing VM operation: G1CollectForAllocation done


Dynamic libraries:
0x00007ff77b850000 - 0x00007ff77b85a000 	C:\Users\yjt4\Downloads\android-studio-2021.3.1.17-windows\android-studio\jre\bin\java.exe
0x00007ffaa9870000 - 0x00007ffaa9a68000 	C:\WINDOWS\SYSTEM32\ntdll.dll
0x00007ffaa9770000 - 0x00007ffaa982f000 	C:\WINDOWS\System32\KERNEL32.DLL
0x00007ffaa7130000 - 0x00007ffaa7402000 	C:\WINDOWS\System32\KERNELBASE.dll
0x00007ffaa1f10000 - 0x00007ffaa1f29000 	C:\Users\yjt4\Downloads\android-studio-2021.3.1.17-windows\android-studio\jre\bin\jli.dll
0x00007ffaa1ef0000 - 0x00007ffaa1f07000 	C:\Users\yjt4\Downloads\android-studio-2021.3.1.17-windows\android-studio\jre\bin\VCRUNTIME140.dll
0x00007ffaa9080000 - 0x00007ffaa921d000 	C:\WINDOWS\System32\USER32.dll
0x00007ffa9b400000 - 0x00007ffa9b69a000 	C:\WINDOWS\WinSxS\amd64_microsoft.windows.common-controls_6595b64144ccf1df_6.0.19041.1110_none_60b5254171f9507e\COMCTL32.dll
0x00007ffaa7100000 - 0x00007ffaa7122000 	C:\WINDOWS\System32\win32u.dll
0x00007ffaa79b0000 - 0x00007ffaa7a4e000 	C:\WINDOWS\System32\msvcrt.dll
0x00007ffaa7fa0000 - 0x00007ffaa7fcb000 	C:\WINDOWS\System32\GDI32.dll
0x00007ffaa7480000 - 0x00007ffaa7580000 	C:\WINDOWS\System32\ucrtbase.dll
0x00007ffaa7760000 - 0x00007ffaa786f000 	C:\WINDOWS\System32\gdi32full.dll
0x00007ffaa7060000 - 0x00007ffaa70fd000 	C:\WINDOWS\System32\msvcp_win.dll
0x00007ffaa7a70000 - 0x00007ffaa7aa2000 	C:\WINDOWS\System32\IMM32.DLL
0x00007ffa81a70000 - 0x00007ffa81b0d000 	C:\Users\yjt4\Downloads\android-studio-2021.3.1.17-windows\android-studio\jre\bin\msvcp140.dll
0x00007ffa53300000 - 0x00007ffa53e02000 	C:\Users\yjt4\Downloads\android-studio-2021.3.1.17-windows\android-studio\jre\bin\server\jvm.dll
0x00007ffaa9220000 - 0x00007ffaa92ce000 	C:\WINDOWS\System32\ADVAPI32.dll
0x00007ffaa8fe0000 - 0x00007ffaa907c000 	C:\WINDOWS\System32\sechost.dll
0x00007ffaa9340000 - 0x00007ffaa9465000 	C:\WINDOWS\System32\RPCRT4.dll
0x00007ffaa94e0000 - 0x00007ffaa94e8000 	C:\WINDOWS\System32\PSAPI.DLL
0x00007ffa9a400000 - 0x00007ffa9a409000 	C:\WINDOWS\SYSTEM32\WSOCK32.dll
0x00007ffa9d710000 - 0x00007ffa9d737000 	C:\WINDOWS\SYSTEM32\WINMM.dll
0x00007ffaa2780000 - 0x00007ffaa278a000 	C:\WINDOWS\SYSTEM32\VERSION.dll
0x00007ffaa92d0000 - 0x00007ffaa933b000 	C:\WINDOWS\System32\WS2_32.dll
0x00007ffaa4f40000 - 0x00007ffaa4f52000 	C:\WINDOWS\SYSTEM32\kernel.appcore.dll
0x00007ffaa1e20000 - 0x00007ffaa1e31000 	C:\Users\yjt4\Downloads\android-studio-2021.3.1.17-windows\android-studio\jre\bin\verify.dll
0x00007ffaa3170000 - 0x00007ffaa3354000 	C:\WINDOWS\SYSTEM32\DBGHELP.DLL
0x00007ffaa2000000 - 0x00007ffaa202c000 	C:\WINDOWS\SYSTEM32\dbgcore.DLL
0x00007ffaa7920000 - 0x00007ffaa79a2000 	C:\WINDOWS\System32\bcryptPrimitives.dll
0x00007ffa899f0000 - 0x00007ffa89a19000 	C:\Users\yjt4\Downloads\android-studio-2021.3.1.17-windows\android-studio\jre\bin\java.dll
0x00007ffaa1e10000 - 0x00007ffaa1e1b000 	C:\Users\yjt4\Downloads\android-studio-2021.3.1.17-windows\android-studio\jre\bin\jimage.dll
0x00007ffaa13f0000 - 0x00007ffaa1408000 	C:\Users\yjt4\Downloads\android-studio-2021.3.1.17-windows\android-studio\jre\bin\zip.dll
0x00007ffaa8700000 - 0x00007ffaa8e43000 	C:\WINDOWS\System32\SHELL32.dll
0x00007ffaa5140000 - 0x00007ffaa58d2000 	C:\WINDOWS\SYSTEM32\windows.storage.dll
0x00007ffaa7c40000 - 0x00007ffaa7f94000 	C:\WINDOWS\System32\combase.dll
0x00007ffaa6a50000 - 0x00007ffaa6a80000 	C:\WINDOWS\SYSTEM32\Wldp.dll
0x00007ffaa8f30000 - 0x00007ffaa8fdd000 	C:\WINDOWS\System32\SHCORE.dll
0x00007ffaa7ab0000 - 0x00007ffaa7b05000 	C:\WINDOWS\System32\shlwapi.dll
0x00007ffaa6fa0000 - 0x00007ffaa6fbf000 	C:\WINDOWS\SYSTEM32\profapi.dll
0x00007ffaa10e0000 - 0x00007ffaa10fa000 	C:\Users\yjt4\Downloads\android-studio-2021.3.1.17-windows\android-studio\jre\bin\net.dll
0x00007ffaa3f60000 - 0x00007ffaa406c000 	C:\WINDOWS\SYSTEM32\WINHTTP.dll
0x00007ffaa6740000 - 0x00007ffaa67aa000 	C:\WINDOWS\system32\mswsock.dll
0x00007ffa887a0000 - 0x00007ffa887b4000 	C:\Users\yjt4\Downloads\android-studio-2021.3.1.17-windows\android-studio\jre\bin\nio.dll
0x00007ffaa1f30000 - 0x00007ffaa1f57000 	C:\Users\yjt4\.gradle\native\e1d6ef7f7dcc3fd88c89a11ec53ec762bb8ba0a96d01ffa2cd45eb1d1d8dd5c5\windows-amd64\native-platform.dll
0x00007ffa6d730000 - 0x00007ffa6d874000 	C:\Users\yjt4\.gradle\native\0d407fdbe67a94daf76414ababcb853783967236a71b16ec16e742cd7a986fd3\windows-amd64\native-platform-file-events.dll
0x00007ffaa1510000 - 0x00007ffaa151a000 	C:\Users\yjt4\Downloads\android-studio-2021.3.1.17-windows\android-studio\jre\bin\management.dll
0x00007ffaa12f0000 - 0x00007ffaa12fd000 	C:\Users\yjt4\Downloads\android-studio-2021.3.1.17-windows\android-studio\jre\bin\management_ext.dll
0x00007ffaa69a0000 - 0x00007ffaa69b8000 	C:\WINDOWS\SYSTEM32\CRYPTSP.dll
0x00007ffaa6060000 - 0x00007ffaa6094000 	C:\WINDOWS\system32\rsaenh.dll
0x00007ffaa7730000 - 0x00007ffaa7757000 	C:\WINDOWS\System32\bcrypt.dll
0x00007ffaa6f60000 - 0x00007ffaa6f8e000 	C:\WINDOWS\SYSTEM32\USERENV.dll
0x00007ffaa69c0000 - 0x00007ffaa69cc000 	C:\WINDOWS\SYSTEM32\CRYPTBASE.dll
0x00007ffaa6430000 - 0x00007ffaa646b000 	C:\WINDOWS\SYSTEM32\IPHLPAPI.DLL
0x00007ffaa9470000 - 0x00007ffaa9478000 	C:\WINDOWS\System32\NSI.dll
0x00007ffaa2b00000 - 0x00007ffaa2b17000 	C:\WINDOWS\SYSTEM32\dhcpcsvc6.DLL
0x00007ffaa2aa0000 - 0x00007ffaa2abd000 	C:\WINDOWS\SYSTEM32\dhcpcsvc.DLL
0x00007ffaa6470000 - 0x00007ffaa653a000 	C:\WINDOWS\SYSTEM32\DNSAPI.dll
0x00007ffa859d0000 - 0x00007ffa859f7000 	C:\Users\yjt4\Downloads\android-studio-2021.3.1.17-windows\android-studio\jre\bin\sunec.dll
0x00007ffaa6180000 - 0x00007ffaa61b3000 	C:\WINDOWS\SYSTEM32\ntmarta.dll
0x00007ffaa1fe0000 - 0x00007ffaa1fe8000 	C:\Users\yjt4\Downloads\android-studio-2021.3.1.17-windows\android-studio\jre\bin\rmi.dll

dbghelp: loaded successfully - version: 4.0.5 - missing functions: none
symbol engine: initialized successfully - sym options: 0x614 - pdb path: .;C:\Users\yjt4\Downloads\android-studio-2021.3.1.17-windows\android-studio\jre\bin;C:\WINDOWS\SYSTEM32;C:\WINDOWS\WinSxS\amd64_microsoft.windows.common-controls_6595b64144ccf1df_6.0.19041.1110_none_60b5254171f9507e;C:\Users\yjt4\Downloads\android-studio-2021.3.1.17-windows\android-studio\jre\bin\server;C:\Users\yjt4\.gradle\native\e1d6ef7f7dcc3fd88c89a11ec53ec762bb8ba0a96d01ffa2cd45eb1d1d8dd5c5\windows-amd64;C:\Users\yjt4\.gradle\native\0d407fdbe67a94daf76414ababcb853783967236a71b16ec16e742cd7a986fd3\windows-amd64

VM Arguments:
jvm_args: --add-opens=java.base/java.util=ALL-UNNAMED --add-opens=java.base/java.lang=ALL-UNNAMED --add-opens=java.base/java.lang.invoke=ALL-UNNAMED --add-opens=java.base/java.util=ALL-UNNAMED --add-opens=java.prefs/java.util.prefs=ALL-UNNAMED --add-opens=java.prefs/java.util.prefs=ALL-UNNAMED --add-opens=java.base/java.nio.charset=ALL-UNNAMED --add-opens=java.base/java.net=ALL-UNNAMED --add-opens=java.base/java.util.concurrent.atomic=ALL-UNNAMED -Xmx2048m -Dfile.encoding=UTF-8 -Duser.country=NZ -Duser.language=en -Duser.variant 
java_command: org.gradle.launcher.daemon.bootstrap.GradleDaemon 7.4
java_class_path (initial): C:\Users\yjt4\.gradle\wrapper\dists\gradle-7.4-bin\c0gwcg53nkjbqw7r0h0umtfvt\gradle-7.4\lib\gradle-launcher-7.4.jar
Launcher Type: SUN_STANDARD

[Global flags]
     intx CICompilerCount                          = 3                                         {product} {ergonomic}
     uint ConcGCThreads                            = 1                                         {product} {ergonomic}
     uint G1ConcRefinementThreads                  = 4                                         {product} {ergonomic}
   size_t G1HeapRegionSize                         = 1048576                                   {product} {ergonomic}
    uintx GCDrainStackTargetSize                   = 64                                        {product} {ergonomic}
   size_t InitialHeapSize                          = 266338304                                 {product} {ergonomic}
   size_t MarkStackSize                            = 4194304                                   {product} {ergonomic}
   size_t MaxHeapSize                              = 2147483648                                {product} {command line}
   size_t MaxNewSize                               = 1287651328                                {product} {ergonomic}
   size_t MinHeapDeltaBytes                        = 1048576                                   {product} {ergonomic}
    uintx NonNMethodCodeHeapSize                   = 5830732                                {pd product} {ergonomic}
    uintx NonProfiledCodeHeapSize                  = 122913754                              {pd product} {ergonomic}
    uintx ProfiledCodeHeapSize                     = 122913754                              {pd product} {ergonomic}
    uintx ReservedCodeCacheSize                    = 251658240                              {pd product} {ergonomic}
     bool SegmentedCodeCache                       = true                                      {product} {ergonomic}
     bool UseCompressedClassPointers               = true                                 {lp64_product} {ergonomic}
     bool UseCompressedOops                        = true                                 {lp64_product} {ergonomic}
     bool UseG1GC                                  = true                                      {product} {ergonomic}
     bool UseLargePagesIndividualAllocation        = false                                  {pd product} {ergonomic}

Logging:
Log output configuration:
 #0: stdout all=warning uptime,level,tags
 #1: stderr all=off uptime,level,tags

Environment Variables:
PATH=C:\Program Files (x86)\NVIDIA Corporation\PhysX\Common;C:\ProgramData\Oracle\Java\javapath;C:\WINDOWS\system32;C:\WINDOWS;C:\WINDOWS\System32\Wbem;C:\WINDOWS\System32\WindowsPowerShell\v1.0\;C:\Program Files\Google\Google Apps Sync\;C:\Program Files\Microsoft SQL Server\Client SDK\ODBC\110\Tools\Binn\;C:\Program Files (x86)\Microsoft SQL Server\120\Tools\Binn\;C:\Program Files\Microsoft SQL Server\120\Tools\Binn\;C:\Program Files\Microsoft SQL Server\120\DTS\Binn\;C:\Program Files (x86)\Windows Kits\8.1\Windows Performance Toolkit\;C:\PROGRA~1\Matlab\R2017b\runtime\win64;C:\PROGRA~1\Matlab\R2017b\bin;C:\Program Files (x86)\Skype\Phone\;C:\texlive\2017\bin\win32;C:\Program Files\dotnet\;C:\Program Files\Microsoft SQL Server\130\Tools\Binn\;C:\Program Files\Microsoft SQL Server\Client SDK\ODBC\170\Tools\Binn\;C:\Program Files\Microsoft SQL Server\110\Tools\Binn\;C:\Program Files (x86)\Common Files\AspenTech Shared\;C:\WINDOWS\System32\OpenSSH\;C:\Users\yjt4\AppData\Local\Programs\Python\Launcher\;C:\Users\yjt4\AppData\Local\Microsoft\WindowsApps;C:\Users\yjt4\AppData\Local\Programs\Microsoft VS Code\bin;C:\Users\yjt4\AppData\Local\JetBrains\IntelliJ IDEA Community Edition 2022.2.2\bin;;C:\Users\yjt4\AppData\Local\GitHubDesktop\bin;C:\Users\yjt4\AppData\Local\Programs\Git\cmd
USERNAME=yjt4
OS=Windows_NT
PROCESSOR_IDENTIFIER=Intel64 Family 6 Model 158 Stepping 9, GenuineIntel



---------------  S Y S T E M  ---------------

OS: Windows 10 , 64 bit Build 19041 (10.0.19041.2251)
OS uptime: 35 days 19:02 hours

CPU:total 4 (initial active 4) (4 cores per cpu, 1 threads per core) family 6 model 158 stepping 9 microcode 0xf0, cmov, cx8, fxsr, mmx, sse, sse2, sse3, ssse3, sse4.1, sse4.2, popcnt, avx, avx2, aes, clmul, erms, rtm, 3dnowpref, lzcnt, tsc, tscinvbit, bmi1, bmi2, adx, fma

Memory: 4k page, system-wide physical 16247M (1957M free)
TotalPageFile size 31138M (AvailPageFile size 6M)
current process WorkingSet (physical memory assigned to process): 681M, peak: 683M
current process commit charge ("private bytes"): 714M, peak: 716M

vm_info: OpenJDK 64-Bit Server VM (11.0.13+0-b1751.21-8125866) for windows-amd64 JRE (11.0.13+0-b1751.21-8125866), built on Feb  2 2022 03:00:22 by "builder" with MS VC++ 14.0 (VS2015)

END.
