#
# There is insufficient memory for the Java Runtime Environment to continue.
# Native memory allocation (mmap) failed to map 53477376 bytes for Failed to commit area from 0x000000008fe00000 to 0x0000000093100000 of length 53477376.
# Possible reasons:
#   The system is out of physical RAM or swap space
#   The process is running with CompressedOops enabled, and the Java Heap may be blocking the growth of the native heap
# Possible solutions:
#   Reduce memory load on the system
#   Increase physical memory or swap space
#   Check if swap backing store is full
#   Decrease Java heap size (-Xmx/-Xms)
#   Decrease number of Java threads
#   Decrease Java thread stack sizes (-Xss)
#   Set larger code cache with -XX:ReservedCodeCacheSize=
#   JVM is running with Unscaled Compressed Oops mode in which the Java heap is
#     placed in the first 4GB address space. The Java Heap base address is the
#     maximum limit for the native heap growth. Please use -XX:HeapBaseMinAddress
#     to set the Java Heap base and to place the Java Heap above 4GB virtual address.
# This output file may be truncated or incomplete.
#
#  Out of Memory Error (./src/hotspot/os/windows/os_windows.cpp:3619), pid=15924, tid=25340
#
# JRE version: OpenJDK Runtime Environment (11.0.13) (build 11.0.13+0-b1751.21-8125866)
# Java VM: OpenJDK 64-Bit Server VM (11.0.13+0-b1751.21-8125866, mixed mode, tiered, compressed oops, g1 gc, windows-amd64)
# No core dump will be written. Minidumps are not enabled by default on client versions of Windows
#

---------------  S U M M A R Y ------------

Command Line: --add-opens=java.base/java.util=ALL-UNNAMED --add-opens=java.base/java.lang=ALL-UNNAMED --add-opens=java.base/java.lang.invoke=ALL-UNNAMED --add-opens=java.base/java.util=ALL-UNNAMED --add-opens=java.prefs/java.util.prefs=ALL-UNNAMED --add-opens=java.prefs/java.util.prefs=ALL-UNNAMED --add-opens=java.base/java.nio.charset=ALL-UNNAMED --add-opens=java.base/java.net=ALL-UNNAMED --add-opens=java.base/java.util.concurrent.atomic=ALL-UNNAMED -Xmx2048m -Dfile.encoding=UTF-8 -Duser.country=NZ -Duser.language=en -Duser.variant org.gradle.launcher.daemon.bootstrap.GradleDaemon 7.4

Host: Intel(R) Core(TM) i5-7500 CPU @ 3.40GHz, 4 cores, 15G,  Windows 10 , 64 bit Build 19041 (10.0.19041.2251)
Time: Fri Dec 16 19:38:07 2022 New Zealand Daylight Time elapsed time: 1694.280569 seconds (0d 0h 28m 14s)

---------------  T H R E A D  ---------------

Current thread (0x000002c469180800):  VMThread "VM Thread" [stack: 0x000000e8d6d00000,0x000000e8d6e00000] [id=25340]

Stack: [0x000000e8d6d00000,0x000000e8d6e00000]
[error occurred during error reporting (printing stack bounds), id 0xc0000005, EXCEPTION_ACCESS_VIOLATION (0xc0000005) at pc=0x000002c4520a112d]

Native frames: (J=compiled Java code, j=interpreted, Vv=VM code, C=native code)
V  [jvm.dll+0x6100fa]
V  [jvm.dll+0x747090]
V  [jvm.dll+0x7486ad]
V  [jvm.dll+0x748ce5]
V  [jvm.dll+0x748c9b]
V  [jvm.dll+0x60f224]
V  [jvm.dll+0x60f9b8]
C  [ntdll.dll+0xa241f]
C  [ntdll.dll+0x514a4]
C  [ntdll.dll+0xa0f4e]
C  0x000002c4520a112d

VM_Operation (0x000000e8dc8fb000): G1CollectForAllocation, mode: safepoint, requested by thread 0x000002c469696800


---------------  P R O C E S S  ---------------

Threads class SMR info:
_java_thread_list=0x000002c4717433b0, length=103, elements={
0x000002c44cd8b800, 0x000002c469184800, 0x000002c469185800, 0x000002c4691e1800,
0x000002c4691e6000, 0x000002c4691e8800, 0x000002c4691ed800, 0x000002c4691f0800,
0x000002c469253800, 0x000002c469355800, 0x000002c46b50e800, 0x000002c46b9f3800,
0x000002c46b9f4000, 0x000002c46b3c5000, 0x000002c46b3c2800, 0x000002c46b3c7800,
0x000002c46b3c5800, 0x000002c46b3c8000, 0x000002c46b3c6800, 0x000002c46b3c9000,
0x000002c46b3c3000, 0x000002c46b3c4000, 0x000002c46bb64000, 0x000002c46bb65800,
0x000002c4694ba000, 0x000002c4694b3800, 0x000002c4694b4800, 0x000002c4694b3000,
0x000002c4694b1000, 0x000002c4694b5800, 0x000002c4694b2000, 0x000002c4694af800,
0x000002c4694b6000, 0x000002c4694b0800, 0x000002c4694b8800, 0x000002c4694bc800,
0x000002c4694bb000, 0x000002c4694b9800, 0x000002c4694bc000, 0x000002c4694b7000,
0x000002c4694bd800, 0x000002c4694b7800, 0x000002c4694be800, 0x000002c46bb60000,
0x000002c46bb61800, 0x000002c46bb64800, 0x000002c46bb5f000, 0x000002c46bb67000,
0x000002c46bb62000, 0x000002c46bb68000, 0x000002c46bb68800, 0x000002c46bb63000,
0x000002c46bb6d800, 0x000002c46bb69800, 0x000002c46bb6a800, 0x000002c46bb6b000,
0x000002c46bb6d000, 0x000002c46bb6c000, 0x000002c46ec56000, 0x000002c46ec57000,
0x000002c46ec58800, 0x000002c46ec58000, 0x000002c46ec5b000, 0x000002c46ec59800,
0x000002c46ec55800, 0x000002c46ec5a800, 0x000002c46ec5c000, 0x000002c46a655000,
0x000002c46a653800, 0x000002c46a656000, 0x000002c46a652800, 0x000002c46a650000,
0x000002c46a654800, 0x000002c46a652000, 0x000002c46a657000, 0x000002c46a651000,
0x000002c46a65d800, 0x000002c46a657800, 0x000002c46a65b000, 0x000002c46a65a000,
0x000002c46a65c800, 0x000002c46a65b800, 0x000002c46a65e000, 0x000002c46a658800,
0x000002c46a65f000, 0x000002c46a659000, 0x000002c469696800, 0x000002c469694000,
0x000002c469695800, 0x000002c469699800, 0x000002c469698800, 0x000002c469697000,
0x000002c4696a0000, 0x000002c46969d800, 0x000002c46969b000, 0x000002c46969d000,
0x000002c46c8a5000, 0x000002c469694800, 0x000002c46969e800, 0x000002c4696a1000,
0x000002c46969f000, 0x000002c4696a1800, 0x000002c46969c000
}

Java Threads: ( => current thread )
  0x000002c44cd8b800 JavaThread "main" [_thread_blocked, id=6380, stack(0x000000e8d6700000,0x000000e8d6800000)]
  0x000002c469184800 JavaThread "Reference Handler" daemon [_thread_blocked, id=19748, stack(0x000000e8d6e00000,0x000000e8d6f00000)]
  0x000002c469185800 JavaThread "Finalizer" daemon [_thread_blocked, id=16176, stack(0x000000e8d6f00000,0x000000e8d7000000)]
  0x000002c4691e1800 JavaThread "Signal Dispatcher" daemon [_thread_blocked, id=14896, stack(0x000000e8d7000000,0x000000e8d7100000)]
  0x000002c4691e6000 JavaThread "Attach Listener" daemon [_thread_blocked, id=25824, stack(0x000000e8d7100000,0x000000e8d7200000)]
  0x000002c4691e8800 JavaThread "Service Thread" daemon [_thread_blocked, id=15780, stack(0x000000e8d7200000,0x000000e8d7300000)]
  0x000002c4691ed800 JavaThread "C2 CompilerThread0" daemon [_thread_in_native, id=17588, stack(0x000000e8d7300000,0x000000e8d7400000)]
  0x000002c4691f0800 JavaThread "C1 CompilerThread0" daemon [_thread_blocked, id=20864, stack(0x000000e8d7400000,0x000000e8d7500000)]
  0x000002c469253800 JavaThread "Sweeper thread" daemon [_thread_blocked, id=25560, stack(0x000000e8d7500000,0x000000e8d7600000)]
  0x000002c469355800 JavaThread "Common-Cleaner" daemon [_thread_blocked, id=26120, stack(0x000000e8d7600000,0x000000e8d7700000)]
  0x000002c46b50e800 JavaThread "Daemon health stats" [_thread_blocked, id=26640, stack(0x000000e8d7c00000,0x000000e8d7d00000)]
  0x000002c46b9f3800 JavaThread "Incoming local TCP Connector on port 53446" [_thread_in_native, id=12804, stack(0x000000e8d7d00000,0x000000e8d7e00000)]
  0x000002c46b9f4000 JavaThread "Daemon periodic checks" [_thread_blocked, id=8800, stack(0x000000e8d7e00000,0x000000e8d7f00000)]
  0x000002c46b3c5000 JavaThread "Cache worker for journal cache (C:\Users\yjt4\.gradle\caches\journal-1)" [_thread_blocked, id=11480, stack(0x000000e8d8600000,0x000000e8d8700000)]
  0x000002c46b3c2800 JavaThread "File lock request listener" [_thread_in_native, id=6716, stack(0x000000e8d8700000,0x000000e8d8800000)]
  0x000002c46b3c7800 JavaThread "Cache worker for file hash cache (C:\Users\yjt4\.gradle\caches\7.4\fileHashes)" [_thread_blocked, id=14572, stack(0x000000e8d8800000,0x000000e8d8900000)]
  0x000002c46b3c5800 JavaThread "File watcher server" daemon [_thread_in_native, id=24948, stack(0x000000e8d8900000,0x000000e8d8a00000)]
  0x000002c46b3c8000 JavaThread "File watcher consumer" daemon [_thread_blocked, id=8412, stack(0x000000e8d8a00000,0x000000e8d8b00000)]
  0x000002c46b3c6800 JavaThread "jar transforms" [_thread_blocked, id=9560, stack(0x000000e8d8b00000,0x000000e8d8c00000)]
  0x000002c46b3c9000 JavaThread "jar transforms Thread 2" [_thread_blocked, id=11104, stack(0x000000e8d8c00000,0x000000e8d8d00000)]
  0x000002c46b3c3000 JavaThread "jar transforms Thread 3" [_thread_blocked, id=20116, stack(0x000000e8d8d00000,0x000000e8d8e00000)]
  0x000002c46b3c4000 JavaThread "jar transforms Thread 4" [_thread_blocked, id=22028, stack(0x000000e8d8e00000,0x000000e8d8f00000)]
  0x000002c46bb64000 JavaThread "Cache worker for execution history cache (C:\Users\yjt4\.gradle\caches\7.4\executionHistory)" [_thread_blocked, id=13152, stack(0x000000e8d9300000,0x000000e8d9400000)]
  0x000002c46bb65800 JavaThread "Cache worker for file content cache (C:\Users\yjt4\.gradle\caches\7.4\fileContent)" [_thread_blocked, id=6632, stack(0x000000e8d9400000,0x000000e8d9500000)]
  0x000002c4694ba000 JavaThread "Memory manager" [_thread_blocked, id=20720, stack(0x000000e8dbf00000,0x000000e8dc000000)]
  0x000002c4694b3800 JavaThread "Daemon Thread 2" [_thread_blocked, id=20708, stack(0x000000e8d6400000,0x000000e8d6500000)]
  0x000002c4694b4800 JavaThread "Handler for socket connection from /127.0.0.1:53446 to /127.0.0.1:53698" [_thread_in_native, id=14476, stack(0x000000e8d6500000,0x000000e8d6600000)]
  0x000002c4694b3000 JavaThread "Cancel handler" [_thread_blocked, id=13776, stack(0x000000e8d6600000,0x000000e8d6700000)]
  0x000002c4694b1000 JavaThread "Daemon worker Thread 2" [_thread_blocked, id=20220, stack(0x000000e8d7f00000,0x000000e8d8000000)]
  0x000002c4694b5800 JavaThread "Asynchronous log dispatcher for DefaultDaemonConnection: socket connection from /127.0.0.1:53446 to /127.0.0.1:53698" [_thread_blocked, id=24480, stack(0x000000e8d8100000,0x000000e8d8200000)]
  0x000002c4694b2000 JavaThread "Stdin handler" [_thread_blocked, id=22316, stack(0x000000e8d8200000,0x000000e8d8300000)]
  0x000002c4694af800 JavaThread "Daemon client event forwarder" [_thread_blocked, id=24904, stack(0x000000e8d8300000,0x000000e8d8400000)]
  0x000002c4694b6000 JavaThread "Cache worker for checksums cache (C:\Users\yjt4\Downloads\FGOApp\.gradle\7.4\checksums)" [_thread_blocked, id=15192, stack(0x000000e8d8400000,0x000000e8d8500000)]
  0x000002c4694b0800 JavaThread "Cache worker for cache directory md-rule (C:\Users\yjt4\.gradle\caches\7.4\md-rule)" [_thread_blocked, id=26056, stack(0x000000e8d8500000,0x000000e8d8600000)]
  0x000002c4694b8800 JavaThread "Cache worker for file hash cache (C:\Users\yjt4\Downloads\FGOApp\.gradle\7.4\fileHashes)" [_thread_blocked, id=8584, stack(0x000000e8d8f00000,0x000000e8d9000000)]
  0x000002c4694bc800 JavaThread "Cache worker for cache directory md-supplier (C:\Users\yjt4\.gradle\caches\7.4\md-supplier)" [_thread_blocked, id=25904, stack(0x000000e8d9000000,0x000000e8d9100000)]
  0x000002c4694bb000 JavaThread "Cache worker for dependencies-accessors (C:\Users\yjt4\Downloads\FGOApp\.gradle\7.4\dependencies-accessors)" [_thread_blocked, id=24708, stack(0x000000e8d9100000,0x000000e8d9200000)]
  0x000002c4694b9800 JavaThread "Cache worker for Build Output Cleanup Cache (C:\Users\yjt4\Downloads\FGOApp\.gradle\buildOutputCleanup)" [_thread_blocked, id=19352, stack(0x000000e8d9200000,0x000000e8d9300000)]
  0x000002c4694bc000 JavaThread "Unconstrained build operations" [_thread_blocked, id=1076, stack(0x000000e8d9500000,0x000000e8d9600000)]
  0x000002c4694b7000 JavaThread "Unconstrained build operations Thread 2" [_thread_blocked, id=2176, stack(0x000000e8d9600000,0x000000e8d9700000)]
  0x000002c4694bd800 JavaThread "Unconstrained build operations Thread 3" [_thread_blocked, id=15252, stack(0x000000e8d9700000,0x000000e8d9800000)]
  0x000002c4694b7800 JavaThread "Unconstrained build operations Thread 4" [_thread_blocked, id=27000, stack(0x000000e8d9800000,0x000000e8d9900000)]
  0x000002c4694be800 JavaThread "Unconstrained build operations Thread 5" [_thread_blocked, id=12644, stack(0x000000e8d9900000,0x000000e8d9a00000)]
  0x000002c46bb60000 JavaThread "Unconstrained build operations Thread 6" [_thread_blocked, id=16644, stack(0x000000e8d9a00000,0x000000e8d9b00000)]
  0x000002c46bb61800 JavaThread "Unconstrained build operations Thread 7" [_thread_blocked, id=24476, stack(0x000000e8d9b00000,0x000000e8d9c00000)]
  0x000002c46bb64800 JavaThread "Unconstrained build operations Thread 8" [_thread_blocked, id=21844, stack(0x000000e8d9c00000,0x000000e8d9d00000)]
  0x000002c46bb5f000 JavaThread "Unconstrained build operations Thread 9" [_thread_blocked, id=6120, stack(0x000000e8d9d00000,0x000000e8d9e00000)]
  0x000002c46bb67000 JavaThread "Unconstrained build operations Thread 10" [_thread_blocked, id=20044, stack(0x000000e8d9e00000,0x000000e8d9f00000)]
  0x000002c46bb62000 JavaThread "Unconstrained build operations Thread 11" [_thread_blocked, id=1828, stack(0x000000e8d9f00000,0x000000e8da000000)]
  0x000002c46bb68000 JavaThread "Unconstrained build operations Thread 12" [_thread_blocked, id=19932, stack(0x000000e8da000000,0x000000e8da100000)]
  0x000002c46bb68800 JavaThread "Unconstrained build operations Thread 13" [_thread_blocked, id=25112, stack(0x000000e8da100000,0x000000e8da200000)]
  0x000002c46bb63000 JavaThread "Unconstrained build operations Thread 14" [_thread_blocked, id=12864, stack(0x000000e8da200000,0x000000e8da300000)]
  0x000002c46bb6d800 JavaThread "Unconstrained build operations Thread 15" [_thread_blocked, id=16660, stack(0x000000e8da300000,0x000000e8da400000)]
  0x000002c46bb69800 JavaThread "Unconstrained build operations Thread 16" [_thread_blocked, id=22304, stack(0x000000e8da400000,0x000000e8da500000)]
  0x000002c46bb6a800 JavaThread "Unconstrained build operations Thread 17" [_thread_blocked, id=6284, stack(0x000000e8da500000,0x000000e8da600000)]
  0x000002c46bb6b000 JavaThread "Unconstrained build operations Thread 18" [_thread_blocked, id=24088, stack(0x000000e8da600000,0x000000e8da700000)]
  0x000002c46bb6d000 JavaThread "Unconstrained build operations Thread 19" [_thread_blocked, id=13600, stack(0x000000e8da700000,0x000000e8da800000)]
  0x000002c46bb6c000 JavaThread "Unconstrained build operations Thread 20" [_thread_blocked, id=22200, stack(0x000000e8da800000,0x000000e8da900000)]
  0x000002c46ec56000 JavaThread "Unconstrained build operations Thread 21" [_thread_blocked, id=7144, stack(0x000000e8da900000,0x000000e8daa00000)]
  0x000002c46ec57000 JavaThread "Unconstrained build operations Thread 22" [_thread_blocked, id=3376, stack(0x000000e8daa00000,0x000000e8dab00000)]
  0x000002c46ec58800 JavaThread "Unconstrained build operations Thread 23" [_thread_blocked, id=18012, stack(0x000000e8dab00000,0x000000e8dac00000)]
  0x000002c46ec58000 JavaThread "Unconstrained build operations Thread 24" [_thread_blocked, id=22156, stack(0x000000e8dac00000,0x000000e8dad00000)]
  0x000002c46ec5b000 JavaThread "Unconstrained build operations Thread 25" [_thread_blocked, id=22844, stack(0x000000e8dad00000,0x000000e8dae00000)]
  0x000002c46ec59800 JavaThread "Unconstrained build operations Thread 26" [_thread_blocked, id=18348, stack(0x000000e8dae00000,0x000000e8daf00000)]
  0x000002c46ec55800 JavaThread "Unconstrained build operations Thread 27" [_thread_blocked, id=4832, stack(0x000000e8daf00000,0x000000e8db000000)]
  0x000002c46ec5a800 JavaThread "Unconstrained build operations Thread 28" [_thread_blocked, id=14504, stack(0x000000e8db000000,0x000000e8db100000)]
  0x000002c46ec5c000 JavaThread "Unconstrained build operations Thread 29" [_thread_blocked, id=17964, stack(0x000000e8db100000,0x000000e8db200000)]
  0x000002c46a655000 JavaThread "Unconstrained build operations Thread 30" [_thread_blocked, id=19124, stack(0x000000e8db200000,0x000000e8db300000)]
  0x000002c46a653800 JavaThread "Unconstrained build operations Thread 31" [_thread_blocked, id=22016, stack(0x000000e8db300000,0x000000e8db400000)]
  0x000002c46a656000 JavaThread "Unconstrained build operations Thread 32" [_thread_blocked, id=19036, stack(0x000000e8db400000,0x000000e8db500000)]
  0x000002c46a652800 JavaThread "Unconstrained build operations Thread 33" [_thread_blocked, id=23568, stack(0x000000e8db500000,0x000000e8db600000)]
  0x000002c46a650000 JavaThread "Unconstrained build operations Thread 34" [_thread_blocked, id=7656, stack(0x000000e8db600000,0x000000e8db700000)]
  0x000002c46a654800 JavaThread "Unconstrained build operations Thread 35" [_thread_blocked, id=17488, stack(0x000000e8db700000,0x000000e8db800000)]
  0x000002c46a652000 JavaThread "Unconstrained build operations Thread 36" [_thread_blocked, id=13832, stack(0x000000e8db800000,0x000000e8db900000)]
  0x000002c46a657000 JavaThread "Unconstrained build operations Thread 37" [_thread_blocked, id=8392, stack(0x000000e8db900000,0x000000e8dba00000)]
  0x000002c46a651000 JavaThread "Unconstrained build operations Thread 38" [_thread_blocked, id=1508, stack(0x000000e8dba00000,0x000000e8dbb00000)]
  0x000002c46a65d800 JavaThread "Unconstrained build operations Thread 39" [_thread_blocked, id=14660, stack(0x000000e8dbb00000,0x000000e8dbc00000)]
  0x000002c46a657800 JavaThread "Unconstrained build operations Thread 40" [_thread_blocked, id=23464, stack(0x000000e8dbc00000,0x000000e8dbd00000)]
  0x000002c46a65b000 JavaThread "build event listener" [_thread_blocked, id=24168, stack(0x000000e8dbe00000,0x000000e8dbf00000)]
  0x000002c46a65a000 JavaThread "included builds" [_thread_blocked, id=14128, stack(0x000000e8dc000000,0x000000e8dc100000)]
  0x000002c46a65c800 JavaThread "Execution worker for ':'" [_thread_blocked, id=1956, stack(0x000000e8dc100000,0x000000e8dc200000)]
  0x000002c46a65b800 JavaThread "Execution worker for ':' Thread 2" [_thread_blocked, id=18508, stack(0x000000e8dc200000,0x000000e8dc300000)]
  0x000002c46a65e000 JavaThread "Execution worker for ':' Thread 3" [_thread_blocked, id=25888, stack(0x000000e8dc300000,0x000000e8dc400000)]
  0x000002c46a658800 JavaThread "Cache worker for execution history cache (C:\Users\yjt4\Downloads\FGOApp\.gradle\7.4\executionHistory)" [_thread_blocked, id=3940, stack(0x000000e8dc400000,0x000000e8dc500000)]
  0x000002c46a65f000 JavaThread "WorkerExecutor Queue" [_thread_blocked, id=5188, stack(0x000000e8dc600000,0x000000e8dc700000)]
  0x000002c46a659000 JavaThread "WorkerExecutor Queue Thread 2" [_thread_blocked, id=24084, stack(0x000000e8dc700000,0x000000e8dc800000)]
  0x000002c469696800 JavaThread "WorkerExecutor Queue Thread 3" [_thread_blocked, id=7120, stack(0x000000e8dc800000,0x000000e8dc900000)]
  0x000002c469694000 JavaThread "WorkerExecutor Queue Thread 4" [_thread_in_native, id=14744, stack(0x000000e8dca00000,0x000000e8dcb00000)]
  0x000002c469695800 JavaThread "pool-4-thread-1" [_thread_blocked, id=11176, stack(0x000000e8dcb00000,0x000000e8dcc00000)]
  0x000002c469699800 JavaThread "stderr" [_thread_in_native, id=968, stack(0x000000e8dcc00000,0x000000e8dcd00000)]
  0x000002c469698800 JavaThread "stdout" [_thread_in_native, id=13692, stack(0x000000e8dcd00000,0x000000e8dce00000)]
  0x000002c469697000 JavaThread "RMI Scheduler(0)" daemon [_thread_blocked, id=23640, stack(0x000000e8dbd00000,0x000000e8dbe00000)]
  0x000002c4696a0000 JavaThread "RMI GC Daemon" daemon [_thread_blocked, id=2148, stack(0x000000e8dd000000,0x000000e8dd100000)]
  0x000002c46969d800 JavaThread "RMI TCP Accept-0" daemon [_thread_in_native, id=23724, stack(0x000000e8dd100000,0x000000e8dd200000)]
  0x000002c46969b000 JavaThread "RMI Reaper" [_thread_blocked, id=15012, stack(0x000000e8dd200000,0x000000e8dd300000)]
  0x000002c46969d000 JavaThread "RMI TCP Connection(2)-127.0.0.1" daemon [_thread_in_native, id=260, stack(0x000000e8dd300000,0x000000e8dd400000)]
  0x000002c46c8a5000 JavaThread "C2 CompilerThread1" daemon [_thread_in_native, id=12520, stack(0x000000e8dc900000,0x000000e8dca00000)]
  0x000002c469694800 JavaThread "Cache worker for Java compile cache (C:\Users\yjt4\.gradle\caches\7.4\javaCompile)" [_thread_blocked, id=9772, stack(0x000000e8dce00000,0x000000e8dcf00000)]
  0x000002c46969e800 JavaThread "Build operations" [_thread_blocked, id=8220, stack(0x000000e8dcf00000,0x000000e8dd000000)]
  0x000002c4696a1000 JavaThread "Build operations Thread 2" [_thread_blocked, id=24180, stack(0x000000e8dd400000,0x000000e8dd500000)]
  0x000002c46969f000 JavaThread "Build operations Thread 3" [_thread_blocked, id=11816, stack(0x000000e8dd500000,0x000000e8dd600000)]
  0x000002c4696a1800 JavaThread "Build operations Thread 4" [_thread_blocked, id=5336, stack(0x000000e8dd600000,0x000000e8dd700000)]
  0x000002c46969c000 JavaThread "WorkerExecutor Queue Thread 5" [_thread_in_native, id=22648, stack(0x000000e8dd700000,0x000000e8dd800000)]

Other Threads:
=>0x000002c469180800 VMThread "VM Thread" [stack: 0x000000e8d6d00000,0x000000e8d6e00000] [id=25340]
  0x000002c469388800 WatcherThread [stack: 0x000000e8d7700000,0x000000e8d7800000] [id=19992]
  0x000002c44cda6000 GCTaskThread "GC Thread#0" [stack: 0x000000e8d6800000,0x000000e8d6900000] [id=7668]
  0x000002c469735000 GCTaskThread "GC Thread#1" [stack: 0x000000e8d7900000,0x000000e8d7a00000] [id=20240]
  0x000002c469909000 GCTaskThread "GC Thread#2" [stack: 0x000000e8d7a00000,0x000000e8d7b00000] [id=27124]
  0x000002c46982f800 GCTaskThread "GC Thread#3" [stack: 0x000000e8d7b00000,0x000000e8d7c00000] [id=7072]
  0x000002c44cdd7000 ConcurrentGCThread "G1 Main Marker" [stack: 0x000000e8d6900000,0x000000e8d6a00000] [id=16492]
  0x000002c44cdd8800 ConcurrentGCThread "G1 Conc#0" [stack: 0x000000e8d6a00000,0x000000e8d6b00000] [id=7920]
  0x000002c4687c8800 ConcurrentGCThread "G1 Refine#0" [stack: 0x000000e8d6b00000,0x000000e8d6c00000] [id=4008]
  0x000002c46b3d6000 ConcurrentGCThread "G1 Refine#1" [stack: 0x000000e8dc500000,0x000000e8dc600000] [id=21544]
  0x000002c4687c9000 ConcurrentGCThread "G1 Young RemSet Sampling" [stack: 0x000000e8d6c00000,0x000000e8d6d00000] [id=24276]

Threads with active compile tasks:
C2 CompilerThread01694302 20473       4       com.android.tools.r8.internal.GM::a (447 bytes)
C2 CompilerThread11694302 20375       4       com.android.tools.r8.ir.regalloc.b::c (4031 bytes)

VM state:at safepoint (normal execution)

VM Mutex/Monitor currently owned by a thread:  ([mutex/lock_event])
[0x000002c44cd87ca0] Threads_lock - owner thread: 0x000002c469180800
[0x000002c44cd87670] Heap_lock - owner thread: 0x000002c469696800

Heap address: 0x0000000080000000, size: 2048 MB, Compressed Oops mode: 32-bit
Narrow klass base: 0x0000000000000000, Narrow klass shift: 3
Compressed class space size: 1073741824 Address: 0x0000000100000000

Heap:
 garbage-first heap   total 312320K, used 211643K [0x0000000080000000, 0x0000000100000000)
  region size 1024K, 2 young (2048K), 2 survivors (2048K)
 Metaspace       used 134456K, capacity 138448K, committed 138688K, reserved 1169408K
  class space    used 16904K, capacity 18399K, committed 18508K, reserved 1048576K
Heap Regions: E=young(eden), S=young(survivor), O=old, HS=humongous(starts), HC=humongous(continues), CS=collection set, F=free, A=archive, TAMS=top-at-mark-start (previous, next)
|   0|0x0000000080000000, 0x0000000080100000, 0x0000000080100000|100%|HS|  |TAMS 0x0000000080100000, 0x0000000080000000| Complete 
|   1|0x0000000080100000, 0x0000000080200000, 0x0000000080200000|100%|HC|  |TAMS 0x0000000080200000, 0x0000000080100000| Complete 
|   2|0x0000000080200000, 0x0000000080300000, 0x0000000080300000|100%|HC|  |TAMS 0x0000000080300000, 0x0000000080200000| Complete 
|   3|0x0000000080300000, 0x0000000080400000, 0x0000000080400000|100%| O|  |TAMS 0x0000000080400000, 0x0000000080300000| Untracked 
|   4|0x0000000080400000, 0x0000000080500000, 0x0000000080500000|100%| O|  |TAMS 0x0000000080500000, 0x0000000080400000| Untracked 
|   5|0x0000000080500000, 0x0000000080600000, 0x0000000080600000|100%| O|  |TAMS 0x0000000080600000, 0x0000000080500000| Untracked 
|   6|0x0000000080600000, 0x0000000080700000, 0x0000000080700000|100%| O|  |TAMS 0x0000000080700000, 0x0000000080600000| Untracked 
|   7|0x0000000080700000, 0x0000000080800000, 0x0000000080800000|100%| O|  |TAMS 0x0000000080800000, 0x0000000080700000| Untracked 
|   8|0x0000000080800000, 0x0000000080900000, 0x0000000080900000|100%| O|  |TAMS 0x0000000080900000, 0x0000000080800000| Untracked 
|   9|0x0000000080900000, 0x0000000080a00000, 0x0000000080a00000|100%| O|  |TAMS 0x0000000080a00000, 0x0000000080900000| Untracked 
|  10|0x0000000080a00000, 0x0000000080b00000, 0x0000000080b00000|100%| O|  |TAMS 0x0000000080b00000, 0x0000000080a00000| Untracked 
|  11|0x0000000080b00000, 0x0000000080c00000, 0x0000000080c00000|100%|HS|  |TAMS 0x0000000080c00000, 0x0000000080b00000| Complete 
|  12|0x0000000080c00000, 0x0000000080d00000, 0x0000000080d00000|100%|HC|  |TAMS 0x0000000080d00000, 0x0000000080c00000| Complete 
|  13|0x0000000080d00000, 0x0000000080e00000, 0x0000000080e00000|100%|HS|  |TAMS 0x0000000080e00000, 0x0000000080d00000| Complete 
|  14|0x0000000080e00000, 0x0000000080f00000, 0x0000000080f00000|100%|HC|  |TAMS 0x0000000080f00000, 0x0000000080e00000| Complete 
|  15|0x0000000080f00000, 0x0000000081000000, 0x0000000081000000|100%|HC|  |TAMS 0x0000000081000000, 0x0000000080f00000| Complete 
|  16|0x0000000081000000, 0x0000000081100000, 0x0000000081100000|100%|HS|  |TAMS 0x0000000081100000, 0x0000000081000000| Complete 
|  17|0x0000000081100000, 0x0000000081200000, 0x0000000081200000|100%|HC|  |TAMS 0x0000000081200000, 0x0000000081100000| Complete 
|  18|0x0000000081200000, 0x0000000081300000, 0x0000000081300000|100%|HC|  |TAMS 0x0000000081300000, 0x0000000081200000| Complete 
|  19|0x0000000081300000, 0x0000000081400000, 0x0000000081400000|100%| O|  |TAMS 0x0000000081400000, 0x0000000081300000| Untracked 
|  20|0x0000000081400000, 0x0000000081500000, 0x0000000081500000|100%| O|  |TAMS 0x0000000081500000, 0x0000000081400000| Untracked 
|  21|0x0000000081500000, 0x0000000081600000, 0x0000000081600000|100%| O|  |TAMS 0x0000000081600000, 0x0000000081500000| Untracked 
|  22|0x0000000081600000, 0x0000000081700000, 0x0000000081700000|100%| O|  |TAMS 0x0000000081700000, 0x0000000081600000| Untracked 
|  23|0x0000000081700000, 0x0000000081800000, 0x0000000081800000|100%| O|  |TAMS 0x0000000081800000, 0x0000000081700000| Untracked 
|  24|0x0000000081800000, 0x0000000081900000, 0x0000000081900000|100%|HS|  |TAMS 0x0000000081900000, 0x0000000081800000| Complete 
|  25|0x0000000081900000, 0x0000000081a00000, 0x0000000081a00000|100%|HC|  |TAMS 0x0000000081a00000, 0x0000000081900000| Complete 
|  26|0x0000000081a00000, 0x0000000081b00000, 0x0000000081b00000|100%|HC|  |TAMS 0x0000000081b00000, 0x0000000081a00000| Complete 
|  27|0x0000000081b00000, 0x0000000081c00000, 0x0000000081c00000|100%|HC|  |TAMS 0x0000000081c00000, 0x0000000081b00000| Complete 
|  28|0x0000000081c00000, 0x0000000081d00000, 0x0000000081d00000|100%|HS|  |TAMS 0x0000000081d00000, 0x0000000081c00000| Complete 
|  29|0x0000000081d00000, 0x0000000081e00000, 0x0000000081e00000|100%|HC|  |TAMS 0x0000000081e00000, 0x0000000081d00000| Complete 
|  30|0x0000000081e00000, 0x0000000081f00000, 0x0000000081f00000|100%|HC|  |TAMS 0x0000000081f00000, 0x0000000081e00000| Complete 
|  31|0x0000000081f00000, 0x0000000082000000, 0x0000000082000000|100%|HC|  |TAMS 0x0000000082000000, 0x0000000081f00000| Complete 
|  32|0x0000000082000000, 0x0000000082100000, 0x0000000082100000|100%|HC|  |TAMS 0x0000000082100000, 0x0000000082000000| Complete 
|  33|0x0000000082100000, 0x0000000082200000, 0x0000000082200000|100%|HS|  |TAMS 0x0000000082200000, 0x0000000082100000| Complete 
|  34|0x0000000082200000, 0x0000000082300000, 0x0000000082300000|100%|HS|  |TAMS 0x0000000082300000, 0x0000000082200000| Complete 
|  35|0x0000000082300000, 0x0000000082400000, 0x0000000082400000|100%| O|  |TAMS 0x0000000082400000, 0x0000000082300000| Untracked 
|  36|0x0000000082400000, 0x0000000082500000, 0x0000000082500000|100%| O|  |TAMS 0x0000000082500000, 0x0000000082400000| Untracked 
|  37|0x0000000082500000, 0x0000000082600000, 0x0000000082600000|100%|HS|  |TAMS 0x0000000082600000, 0x0000000082500000| Complete 
|  38|0x0000000082600000, 0x0000000082700000, 0x0000000082700000|100%|HC|  |TAMS 0x0000000082700000, 0x0000000082600000| Complete 
|  39|0x0000000082700000, 0x0000000082800000, 0x0000000082800000|100%|HC|  |TAMS 0x0000000082800000, 0x0000000082700000| Complete 
|  40|0x0000000082800000, 0x0000000082900000, 0x0000000082900000|100%|HC|  |TAMS 0x0000000082900000, 0x0000000082800000| Complete 
|  41|0x0000000082900000, 0x0000000082a00000, 0x0000000082a00000|100%|HS|  |TAMS 0x0000000082a00000, 0x0000000082900000| Complete 
|  42|0x0000000082a00000, 0x0000000082b00000, 0x0000000082b00000|100%|HC|  |TAMS 0x0000000082b00000, 0x0000000082a00000| Complete 
|  43|0x0000000082b00000, 0x0000000082c00000, 0x0000000082c00000|100%|HC|  |TAMS 0x0000000082c00000, 0x0000000082b00000| Complete 
|  44|0x0000000082c00000, 0x0000000082d00000, 0x0000000082d00000|100%|HS|  |TAMS 0x0000000082d00000, 0x0000000082c00000| Complete 
|  45|0x0000000082d00000, 0x0000000082e00000, 0x0000000082e00000|100%|HC|  |TAMS 0x0000000082e00000, 0x0000000082d00000| Complete 
|  46|0x0000000082e00000, 0x0000000082f00000, 0x0000000082f00000|100%|HS|  |TAMS 0x0000000082f00000, 0x0000000082e00000| Complete 
|  47|0x0000000082f00000, 0x0000000083000000, 0x0000000083000000|100%|HC|  |TAMS 0x0000000083000000, 0x0000000082f00000| Complete 
|  48|0x0000000083000000, 0x0000000083100000, 0x0000000083100000|100%|HC|  |TAMS 0x0000000083100000, 0x0000000083000000| Complete 
|  49|0x0000000083100000, 0x0000000083200000, 0x0000000083200000|100%| O|  |TAMS 0x0000000083200000, 0x0000000083100000| Untracked 
|  50|0x0000000083200000, 0x0000000083300000, 0x0000000083300000|100%| O|  |TAMS 0x0000000083300000, 0x0000000083200000| Untracked 
|  51|0x0000000083300000, 0x0000000083400000, 0x0000000083400000|100%| O|  |TAMS 0x0000000083400000, 0x0000000083300000| Untracked 
|  52|0x0000000083400000, 0x0000000083500000, 0x0000000083500000|100%| O|  |TAMS 0x0000000083500000, 0x0000000083400000| Untracked 
|  53|0x0000000083500000, 0x0000000083600000, 0x0000000083600000|100%| O|  |TAMS 0x0000000083600000, 0x0000000083500000| Untracked 
|  54|0x0000000083600000, 0x0000000083700000, 0x0000000083700000|100%|HS|  |TAMS 0x0000000083700000, 0x0000000083600000| Complete 
|  55|0x0000000083700000, 0x0000000083800000, 0x0000000083800000|100%|HC|  |TAMS 0x0000000083800000, 0x0000000083700000| Complete 
|  56|0x0000000083800000, 0x0000000083900000, 0x0000000083900000|100%|HC|  |TAMS 0x0000000083900000, 0x0000000083800000| Complete 
|  57|0x0000000083900000, 0x0000000083a00000, 0x0000000083a00000|100%|HC|  |TAMS 0x0000000083a00000, 0x0000000083900000| Complete 
|  58|0x0000000083a00000, 0x0000000083b00000, 0x0000000083b00000|100%|HC|  |TAMS 0x0000000083b00000, 0x0000000083a00000| Complete 
|  59|0x0000000083b00000, 0x0000000083c00000, 0x0000000083c00000|100%| O|  |TAMS 0x0000000083c00000, 0x0000000083b00000| Untracked 
|  60|0x0000000083c00000, 0x0000000083d00000, 0x0000000083d00000|100%| O|  |TAMS 0x0000000083d00000, 0x0000000083c00000| Untracked 
|  61|0x0000000083d00000, 0x0000000083e00000, 0x0000000083e00000|100%| O|  |TAMS 0x0000000083e00000, 0x0000000083d00000| Untracked 
|  62|0x0000000083e00000, 0x0000000083f00000, 0x0000000083f00000|100%| O|  |TAMS 0x0000000083f00000, 0x0000000083e00000| Untracked 
|  63|0x0000000083f00000, 0x0000000084000000, 0x0000000084000000|100%| O|  |TAMS 0x0000000084000000, 0x0000000083f00000| Untracked 
|  64|0x0000000084000000, 0x0000000084100000, 0x0000000084100000|100%| O|  |TAMS 0x0000000084100000, 0x0000000084000000| Untracked 
|  65|0x0000000084100000, 0x0000000084200000, 0x0000000084200000|100%| O|  |TAMS 0x0000000084200000, 0x0000000084100000| Untracked 
|  66|0x0000000084200000, 0x0000000084300000, 0x0000000084300000|100%| O|  |TAMS 0x0000000084300000, 0x0000000084200000| Untracked 
|  67|0x0000000084300000, 0x0000000084400000, 0x0000000084400000|100%| O|  |TAMS 0x0000000084400000, 0x0000000084300000| Untracked 
|  68|0x0000000084400000, 0x0000000084500000, 0x0000000084500000|100%| O|  |TAMS 0x0000000084500000, 0x0000000084400000| Untracked 
|  69|0x0000000084500000, 0x0000000084600000, 0x0000000084600000|100%| O|  |TAMS 0x0000000084600000, 0x0000000084500000| Untracked 
|  70|0x0000000084600000, 0x0000000084700000, 0x0000000084700000|100%| O|  |TAMS 0x0000000084700000, 0x0000000084600000| Untracked 
|  71|0x0000000084700000, 0x0000000084800000, 0x0000000084800000|100%| O|  |TAMS 0x0000000084800000, 0x0000000084700000| Untracked 
|  72|0x0000000084800000, 0x0000000084900000, 0x0000000084900000|100%|HS|  |TAMS 0x0000000084900000, 0x0000000084800000| Complete 
|  73|0x0000000084900000, 0x0000000084a00000, 0x0000000084a00000|100%|HS|  |TAMS 0x0000000084a00000, 0x0000000084900000| Complete 
|  74|0x0000000084a00000, 0x0000000084b00000, 0x0000000084b00000|100%|HS|  |TAMS 0x0000000084b00000, 0x0000000084a00000| Complete 
|  75|0x0000000084b00000, 0x0000000084c00000, 0x0000000084c00000|100%|HC|  |TAMS 0x0000000084c00000, 0x0000000084b00000| Complete 
|  76|0x0000000084c00000, 0x0000000084d00000, 0x0000000084d00000|100%|HC|  |TAMS 0x0000000084d00000, 0x0000000084c00000| Complete 
|  77|0x0000000084d00000, 0x0000000084e00000, 0x0000000084e00000|100%|HC|  |TAMS 0x0000000084e00000, 0x0000000084d00000| Complete 
|  78|0x0000000084e00000, 0x0000000084f00000, 0x0000000084f00000|100%| O|  |TAMS 0x0000000084f00000, 0x0000000084e00000| Untracked 
|  79|0x0000000084f00000, 0x0000000085000000, 0x0000000085000000|100%|HS|  |TAMS 0x0000000085000000, 0x0000000084f00000| Complete 
|  80|0x0000000085000000, 0x0000000085100000, 0x0000000085100000|100%|HC|  |TAMS 0x0000000085100000, 0x0000000085000000| Complete 
|  81|0x0000000085100000, 0x0000000085200000, 0x0000000085200000|100%| O|  |TAMS 0x0000000085200000, 0x0000000085100000| Untracked 
|  82|0x0000000085200000, 0x0000000085300000, 0x0000000085300000|100%| O|  |TAMS 0x0000000085300000, 0x0000000085200000| Untracked 
|  83|0x0000000085300000, 0x0000000085400000, 0x0000000085400000|100%| O|  |TAMS 0x0000000085400000, 0x0000000085300000| Untracked 
|  84|0x0000000085400000, 0x0000000085500000, 0x0000000085500000|100%| O|  |TAMS 0x0000000085500000, 0x0000000085400000| Untracked 
|  85|0x0000000085500000, 0x0000000085600000, 0x0000000085600000|100%| O|  |TAMS 0x0000000085600000, 0x0000000085500000| Untracked 
|  86|0x0000000085600000, 0x0000000085700000, 0x0000000085700000|100%| O|  |TAMS 0x0000000085700000, 0x0000000085600000| Untracked 
|  87|0x0000000085700000, 0x0000000085800000, 0x0000000085800000|100%|HS|  |TAMS 0x0000000085800000, 0x0000000085700000| Complete 
|  88|0x0000000085800000, 0x0000000085900000, 0x0000000085900000|100%| O|  |TAMS 0x0000000085900000, 0x0000000085800000| Untracked 
|  89|0x0000000085900000, 0x0000000085a00000, 0x0000000085a00000|100%| O|  |TAMS 0x0000000085a00000, 0x0000000085900000| Untracked 
|  90|0x0000000085a00000, 0x0000000085b00000, 0x0000000085b00000|100%| O|  |TAMS 0x0000000085b00000, 0x0000000085a00000| Untracked 
|  91|0x0000000085b00000, 0x0000000085c00000, 0x0000000085c00000|100%| O|  |TAMS 0x0000000085c00000, 0x0000000085b00000| Untracked 
|  92|0x0000000085c00000, 0x0000000085d00000, 0x0000000085d00000|100%| O|  |TAMS 0x0000000085d00000, 0x0000000085c00000| Untracked 
|  93|0x0000000085d00000, 0x0000000085e00000, 0x0000000085e00000|100%| O|  |TAMS 0x0000000085e00000, 0x0000000085d00000| Untracked 
|  94|0x0000000085e00000, 0x0000000085f00000, 0x0000000085f00000|100%| O|  |TAMS 0x0000000085f00000, 0x0000000085e00000| Untracked 
|  95|0x0000000085f00000, 0x0000000086000000, 0x0000000086000000|100%| O|  |TAMS 0x0000000086000000, 0x0000000085f00000| Untracked 
|  96|0x0000000086000000, 0x0000000086100000, 0x0000000086100000|100%| O|  |TAMS 0x0000000086100000, 0x0000000086000000| Untracked 
|  97|0x0000000086100000, 0x0000000086200000, 0x0000000086200000|100%| O|  |TAMS 0x0000000086200000, 0x0000000086100000| Untracked 
|  98|0x0000000086200000, 0x0000000086300000, 0x0000000086300000|100%| O|  |TAMS 0x0000000086300000, 0x0000000086200000| Untracked 
|  99|0x0000000086300000, 0x0000000086400000, 0x0000000086400000|100%| O|  |TAMS 0x0000000086400000, 0x0000000086300000| Untracked 
| 100|0x0000000086400000, 0x0000000086500000, 0x0000000086500000|100%| O|  |TAMS 0x0000000086500000, 0x0000000086400000| Untracked 
| 101|0x0000000086500000, 0x0000000086600000, 0x0000000086600000|100%| O|  |TAMS 0x0000000086600000, 0x0000000086500000| Untracked 
| 102|0x0000000086600000, 0x0000000086700000, 0x0000000086700000|100%| O|  |TAMS 0x0000000086700000, 0x0000000086600000| Untracked 
| 103|0x0000000086700000, 0x0000000086800000, 0x0000000086800000|100%|HS|  |TAMS 0x0000000086800000, 0x0000000086700000| Complete 
| 104|0x0000000086800000, 0x0000000086900000, 0x0000000086900000|100%|HC|  |TAMS 0x0000000086900000, 0x0000000086800000| Complete 
| 105|0x0000000086900000, 0x0000000086a00000, 0x0000000086a00000|100%|HS|  |TAMS 0x0000000086a00000, 0x0000000086900000| Complete 
| 106|0x0000000086a00000, 0x0000000086b00000, 0x0000000086b00000|100%|HC|  |TAMS 0x0000000086b00000, 0x0000000086a00000| Complete 
| 107|0x0000000086b00000, 0x0000000086c00000, 0x0000000086c00000|100%|HC|  |TAMS 0x0000000086c00000, 0x0000000086b00000| Complete 
| 108|0x0000000086c00000, 0x0000000086d00000, 0x0000000086d00000|100%|HS|  |TAMS 0x0000000086d00000, 0x0000000086c00000| Complete 
| 109|0x0000000086d00000, 0x0000000086e00000, 0x0000000086e00000|100%|HC|  |TAMS 0x0000000086e00000, 0x0000000086d00000| Complete 
| 110|0x0000000086e00000, 0x0000000086f00000, 0x0000000086f00000|100%|HC|  |TAMS 0x0000000086f00000, 0x0000000086e00000| Complete 
| 111|0x0000000086f00000, 0x0000000087000000, 0x0000000087000000|100%|HS|  |TAMS 0x0000000087000000, 0x0000000086f00000| Complete 
| 112|0x0000000087000000, 0x0000000087100000, 0x0000000087100000|100%|HC|  |TAMS 0x0000000087100000, 0x0000000087000000| Complete 
| 113|0x0000000087100000, 0x0000000087200000, 0x0000000087200000|100%|HC|  |TAMS 0x0000000087200000, 0x0000000087100000| Complete 
| 114|0x0000000087200000, 0x0000000087300000, 0x0000000087300000|100%|HC|  |TAMS 0x0000000087300000, 0x0000000087200000| Complete 
| 115|0x0000000087300000, 0x0000000087400000, 0x0000000087400000|100%|HS|  |TAMS 0x0000000087400000, 0x0000000087300000| Complete 
| 116|0x0000000087400000, 0x0000000087500000, 0x0000000087500000|100%|HC|  |TAMS 0x0000000087500000, 0x0000000087400000| Complete 
| 117|0x0000000087500000, 0x0000000087600000, 0x0000000087600000|100%|HC|  |TAMS 0x0000000087600000, 0x0000000087500000| Complete 
| 118|0x0000000087600000, 0x0000000087700000, 0x0000000087700000|100%|HC|  |TAMS 0x0000000087700000, 0x0000000087600000| Complete 
| 119|0x0000000087700000, 0x0000000087800000, 0x0000000087800000|100%|HC|  |TAMS 0x0000000087800000, 0x0000000087700000| Complete 
| 120|0x0000000087800000, 0x0000000087900000, 0x0000000087900000|100%| O|  |TAMS 0x0000000087900000, 0x0000000087800000| Untracked 
| 121|0x0000000087900000, 0x0000000087a00000, 0x0000000087a00000|100%| O|  |TAMS 0x0000000087a00000, 0x0000000087900000| Untracked 
| 122|0x0000000087a00000, 0x0000000087b00000, 0x0000000087b00000|100%| O|  |TAMS 0x0000000087b00000, 0x0000000087a00000| Untracked 
| 123|0x0000000087b00000, 0x0000000087c00000, 0x0000000087c00000|100%| O|  |TAMS 0x0000000087c00000, 0x0000000087b00000| Untracked 
| 124|0x0000000087c00000, 0x0000000087d00000, 0x0000000087d00000|100%| O|  |TAMS 0x0000000087d00000, 0x0000000087c00000| Untracked 
| 125|0x0000000087d00000, 0x0000000087e00000, 0x0000000087e00000|100%| O|  |TAMS 0x0000000087e00000, 0x0000000087d00000| Untracked 
| 126|0x0000000087e00000, 0x0000000087f00000, 0x0000000087f00000|100%| O|  |TAMS 0x0000000087f00000, 0x0000000087e00000| Untracked 
| 127|0x0000000087f00000, 0x0000000088000000, 0x0000000088000000|100%| O|  |TAMS 0x0000000088000000, 0x0000000087f00000| Untracked 
| 128|0x0000000088000000, 0x0000000088100000, 0x0000000088100000|100%| O|  |TAMS 0x0000000088100000, 0x0000000088000000| Untracked 
| 129|0x0000000088100000, 0x0000000088200000, 0x0000000088200000|100%| O|  |TAMS 0x0000000088200000, 0x0000000088100000| Untracked 
| 130|0x0000000088200000, 0x0000000088300000, 0x0000000088300000|100%| O|  |TAMS 0x0000000088300000, 0x0000000088200000| Untracked 
| 131|0x0000000088300000, 0x0000000088400000, 0x0000000088400000|100%| O|  |TAMS 0x0000000088400000, 0x0000000088300000| Untracked 
| 132|0x0000000088400000, 0x0000000088500000, 0x0000000088500000|100%| O|  |TAMS 0x0000000088500000, 0x0000000088400000| Untracked 
| 133|0x0000000088500000, 0x0000000088600000, 0x0000000088600000|100%| O|  |TAMS 0x0000000088600000, 0x0000000088500000| Untracked 
| 134|0x0000000088600000, 0x0000000088700000, 0x0000000088700000|100%| O|  |TAMS 0x0000000088700000, 0x0000000088600000| Untracked 
| 135|0x0000000088700000, 0x0000000088800000, 0x0000000088800000|100%| O|  |TAMS 0x0000000088700000, 0x0000000088700000| Untracked 
| 136|0x0000000088800000, 0x0000000088900000, 0x0000000088900000|100%| O|  |TAMS 0x0000000088900000, 0x0000000088800000| Untracked 
| 137|0x0000000088900000, 0x0000000088a00000, 0x0000000088a00000|100%| O|  |TAMS 0x0000000088a00000, 0x0000000088900000| Untracked 
| 138|0x0000000088a00000, 0x0000000088b00000, 0x0000000088b00000|100%| O|  |TAMS 0x0000000088b00000, 0x0000000088a00000| Untracked 
| 139|0x0000000088b00000, 0x0000000088c00000, 0x0000000088c00000|100%| O|  |TAMS 0x0000000088c00000, 0x0000000088b00000| Untracked 
| 140|0x0000000088c00000, 0x0000000088d00000, 0x0000000088d00000|100%| O|  |TAMS 0x0000000088d00000, 0x0000000088c00000| Untracked 
| 141|0x0000000088d00000, 0x0000000088e00000, 0x0000000088e00000|100%| O|  |TAMS 0x0000000088e00000, 0x0000000088d00000| Untracked 
| 142|0x0000000088e00000, 0x0000000088f00000, 0x0000000088f00000|100%| O|  |TAMS 0x0000000088f00000, 0x0000000088e00000| Untracked 
| 143|0x0000000088f00000, 0x0000000089000000, 0x0000000089000000|100%| O|  |TAMS 0x0000000089000000, 0x0000000088f00000| Untracked 
| 144|0x0000000089000000, 0x0000000089100000, 0x0000000089100000|100%| O|  |TAMS 0x0000000089100000, 0x0000000089000000| Untracked 
| 145|0x0000000089100000, 0x0000000089200000, 0x0000000089200000|100%| O|  |TAMS 0x0000000089200000, 0x0000000089100000| Untracked 
| 146|0x0000000089200000, 0x0000000089300000, 0x0000000089300000|100%| O|  |TAMS 0x0000000089300000, 0x0000000089200000| Untracked 
| 147|0x0000000089300000, 0x0000000089400000, 0x0000000089400000|100%| O|  |TAMS 0x0000000089400000, 0x0000000089300000| Untracked 
| 148|0x0000000089400000, 0x0000000089500000, 0x0000000089500000|100%| O|  |TAMS 0x0000000089400000, 0x0000000089400000| Untracked 
| 149|0x0000000089500000, 0x0000000089600000, 0x0000000089600000|100%| O|  |TAMS 0x0000000089600000, 0x0000000089500000| Untracked 
| 150|0x0000000089600000, 0x0000000089700000, 0x0000000089700000|100%| O|  |TAMS 0x0000000089700000, 0x0000000089600000| Untracked 
| 151|0x0000000089700000, 0x0000000089800000, 0x0000000089800000|100%| O|  |TAMS 0x0000000089800000, 0x0000000089700000| Untracked 
| 152|0x0000000089800000, 0x0000000089900000, 0x0000000089900000|100%| O|  |TAMS 0x0000000089900000, 0x0000000089800000| Untracked 
| 153|0x0000000089900000, 0x0000000089a00000, 0x0000000089a00000|100%| O|  |TAMS 0x0000000089a00000, 0x0000000089900000| Untracked 
| 154|0x0000000089a00000, 0x0000000089b00000, 0x0000000089b00000|100%| O|  |TAMS 0x0000000089b00000, 0x0000000089a00000| Untracked 
| 155|0x0000000089b00000, 0x0000000089c00000, 0x0000000089c00000|100%| O|  |TAMS 0x0000000089c00000, 0x0000000089b00000| Untracked 
| 156|0x0000000089c00000, 0x0000000089d00000, 0x0000000089d00000|100%| O|  |TAMS 0x0000000089d00000, 0x0000000089c00000| Untracked 
| 157|0x0000000089d00000, 0x0000000089e00000, 0x0000000089e00000|100%| O|  |TAMS 0x0000000089e00000, 0x0000000089d00000| Untracked 
| 158|0x0000000089e00000, 0x0000000089f00000, 0x0000000089f00000|100%| O|  |TAMS 0x0000000089f00000, 0x0000000089e00000| Untracked 
| 159|0x0000000089f00000, 0x000000008a000000, 0x000000008a000000|100%| O|  |TAMS 0x000000008a000000, 0x0000000089f00000| Untracked 
| 160|0x000000008a000000, 0x000000008a100000, 0x000000008a100000|100%| O|  |TAMS 0x000000008a100000, 0x000000008a000000| Untracked 
| 161|0x000000008a100000, 0x000000008a200000, 0x000000008a200000|100%| O|  |TAMS 0x000000008a200000, 0x000000008a100000| Untracked 
| 162|0x000000008a200000, 0x000000008a300000, 0x000000008a300000|100%| O|  |TAMS 0x000000008a200000, 0x000000008a200000| Untracked 
| 163|0x000000008a300000, 0x000000008a400000, 0x000000008a400000|100%| O|  |TAMS 0x000000008a400000, 0x000000008a300000| Untracked 
| 164|0x000000008a400000, 0x000000008a500000, 0x000000008a500000|100%| O|  |TAMS 0x000000008a500000, 0x000000008a400000| Untracked 
| 165|0x000000008a500000, 0x000000008a600000, 0x000000008a600000|100%| O|  |TAMS 0x000000008a600000, 0x000000008a500000| Untracked 
| 166|0x000000008a600000, 0x000000008a700000, 0x000000008a700000|100%| O|  |TAMS 0x000000008a700000, 0x000000008a600000| Untracked 
| 167|0x000000008a700000, 0x000000008a800000, 0x000000008a800000|100%| O|  |TAMS 0x000000008a800000, 0x000000008a700000| Untracked 
| 168|0x000000008a800000, 0x000000008a900000, 0x000000008a900000|100%| O|  |TAMS 0x000000008a900000, 0x000000008a800000| Untracked 
| 169|0x000000008a900000, 0x000000008aa00000, 0x000000008aa00000|100%| O|  |TAMS 0x000000008aa00000, 0x000000008a900000| Untracked 
| 170|0x000000008aa00000, 0x000000008ab00000, 0x000000008ab00000|100%| O|  |TAMS 0x000000008ab00000, 0x000000008aa00000| Untracked 
| 171|0x000000008ab00000, 0x000000008ac00000, 0x000000008ac00000|100%| O|  |TAMS 0x000000008ac00000, 0x000000008ab00000| Untracked 
| 172|0x000000008ac00000, 0x000000008ad00000, 0x000000008ad00000|100%| O|  |TAMS 0x000000008ad00000, 0x000000008ac00000| Untracked 
| 173|0x000000008ad00000, 0x000000008ae00000, 0x000000008ae00000|100%| O|  |TAMS 0x000000008ae00000, 0x000000008ad00000| Untracked 
| 174|0x000000008ae00000, 0x000000008af00000, 0x000000008af00000|100%| O|  |TAMS 0x000000008af00000, 0x000000008ae00000| Untracked 
| 175|0x000000008af00000, 0x000000008b000000, 0x000000008b000000|100%| O|  |TAMS 0x000000008af7c400, 0x000000008af00000| Untracked 
| 176|0x000000008b000000, 0x000000008b100000, 0x000000008b100000|100%| O|  |TAMS 0x000000008b000000, 0x000000008b000000| Untracked 
| 177|0x000000008b100000, 0x000000008b200000, 0x000000008b200000|100%| O|  |TAMS 0x000000008b100000, 0x000000008b100000| Untracked 
| 178|0x000000008b200000, 0x000000008b300000, 0x000000008b300000|100%| O|  |TAMS 0x000000008b300000, 0x000000008b200000| Untracked 
| 179|0x000000008b300000, 0x000000008b400000, 0x000000008b400000|100%| O|  |TAMS 0x000000008b400000, 0x000000008b300000| Untracked 
| 180|0x000000008b400000, 0x000000008b500000, 0x000000008b500000|100%| O|  |TAMS 0x000000008b400000, 0x000000008b400000| Untracked 
| 181|0x000000008b500000, 0x000000008b600000, 0x000000008b600000|100%| O|  |TAMS 0x000000008b500000, 0x000000008b500000| Untracked 
| 182|0x000000008b600000, 0x000000008b700000, 0x000000008b700000|100%| O|  |TAMS 0x000000008b600000, 0x000000008b600000| Untracked 
| 183|0x000000008b700000, 0x000000008b800000, 0x000000008b800000|100%| O|  |TAMS 0x000000008b700000, 0x000000008b700000| Untracked 
| 184|0x000000008b800000, 0x000000008b900000, 0x000000008b900000|100%| O|  |TAMS 0x000000008b800000, 0x000000008b800000| Untracked 
| 185|0x000000008b900000, 0x000000008ba00000, 0x000000008ba00000|100%| O|  |TAMS 0x000000008b900000, 0x000000008b900000| Untracked 
| 186|0x000000008ba00000, 0x000000008bb00000, 0x000000008bb00000|100%| O|  |TAMS 0x000000008ba00000, 0x000000008ba00000| Untracked 
| 187|0x000000008bb00000, 0x000000008bc00000, 0x000000008bc00000|100%| O|  |TAMS 0x000000008bb00000, 0x000000008bb00000| Untracked 
| 188|0x000000008bc00000, 0x000000008bd00000, 0x000000008bd00000|100%| O|  |TAMS 0x000000008bc00000, 0x000000008bc00000| Untracked 
| 189|0x000000008bd00000, 0x000000008be00000, 0x000000008be00000|100%| O|  |TAMS 0x000000008bd00000, 0x000000008bd00000| Untracked 
| 190|0x000000008be00000, 0x000000008bf00000, 0x000000008bf00000|100%| O|  |TAMS 0x000000008be00000, 0x000000008be00000| Untracked 
| 191|0x000000008bf00000, 0x000000008c000000, 0x000000008c000000|100%| O|  |TAMS 0x000000008bf00000, 0x000000008bf00000| Untracked 
| 192|0x000000008c000000, 0x000000008c100000, 0x000000008c100000|100%| O|  |TAMS 0x000000008c000000, 0x000000008c000000| Untracked 
| 193|0x000000008c100000, 0x000000008c200000, 0x000000008c200000|100%| O|  |TAMS 0x000000008c100000, 0x000000008c100000| Untracked 
| 194|0x000000008c200000, 0x000000008c300000, 0x000000008c300000|100%| O|  |TAMS 0x000000008c200000, 0x000000008c200000| Untracked 
| 195|0x000000008c300000, 0x000000008c400000, 0x000000008c400000|100%| O|  |TAMS 0x000000008c300000, 0x000000008c300000| Untracked 
| 196|0x000000008c400000, 0x000000008c500000, 0x000000008c500000|100%| O|  |TAMS 0x000000008c400000, 0x000000008c400000| Untracked 
| 197|0x000000008c500000, 0x000000008c600000, 0x000000008c600000|100%| O|  |TAMS 0x000000008c500000, 0x000000008c500000| Untracked 
| 198|0x000000008c600000, 0x000000008c700000, 0x000000008c700000|100%| O|  |TAMS 0x000000008c600000, 0x000000008c600000| Untracked 
| 199|0x000000008c700000, 0x000000008c800000, 0x000000008c800000|100%| O|  |TAMS 0x000000008c700000, 0x000000008c700000| Untracked 
| 200|0x000000008c800000, 0x000000008c900000, 0x000000008c900000|100%| O|  |TAMS 0x000000008c800000, 0x000000008c800000| Untracked 
| 201|0x000000008c900000, 0x000000008ca00000, 0x000000008ca00000|100%| O|  |TAMS 0x000000008c900000, 0x000000008c900000| Untracked 
| 202|0x000000008ca00000, 0x000000008cb00000, 0x000000008cb00000|100%| O|  |TAMS 0x000000008ca00000, 0x000000008ca00000| Untracked 
| 203|0x000000008cb00000, 0x000000008cc00000, 0x000000008cc00000|100%| O|  |TAMS 0x000000008cc00000, 0x000000008cb00000| Untracked 
| 204|0x000000008cc00000, 0x000000008cd00000, 0x000000008cd00000|100%| O|  |TAMS 0x000000008cc00000, 0x000000008cc00000| Untracked 
| 205|0x000000008cd00000, 0x000000008cd13600, 0x000000008ce00000|  7%| O|  |TAMS 0x000000008cd00000, 0x000000008cd00000| Untracked 
| 206|0x000000008ce00000, 0x000000008ce00000, 0x000000008cf00000|  0%| F|  |TAMS 0x000000008ce00000, 0x000000008ce00000| Untracked 
| 207|0x000000008cf00000, 0x000000008cf00000, 0x000000008d000000|  0%| F|  |TAMS 0x000000008cf00000, 0x000000008cf00000| Untracked 
| 208|0x000000008d000000, 0x000000008d000000, 0x000000008d100000|  0%| F|  |TAMS 0x000000008d000000, 0x000000008d000000| Untracked 
| 209|0x000000008d100000, 0x000000008d100000, 0x000000008d200000|  0%| F|  |TAMS 0x000000008d100000, 0x000000008d100000| Untracked 
| 210|0x000000008d200000, 0x000000008d200000, 0x000000008d300000|  0%| F|  |TAMS 0x000000008d200000, 0x000000008d200000| Untracked 
| 211|0x000000008d300000, 0x000000008d300000, 0x000000008d400000|  0%| F|  |TAMS 0x000000008d300000, 0x000000008d300000| Untracked 
| 212|0x000000008d400000, 0x000000008d400000, 0x000000008d500000|  0%| F|  |TAMS 0x000000008d400000, 0x000000008d400000| Untracked 
| 213|0x000000008d500000, 0x000000008d500000, 0x000000008d600000|  0%| F|  |TAMS 0x000000008d500000, 0x000000008d500000| Untracked 
| 214|0x000000008d600000, 0x000000008d600000, 0x000000008d700000|  0%| F|  |TAMS 0x000000008d600000, 0x000000008d600000| Untracked 
| 215|0x000000008d700000, 0x000000008d700000, 0x000000008d800000|  0%| F|  |TAMS 0x000000008d700000, 0x000000008d700000| Untracked 
| 216|0x000000008d800000, 0x000000008d800000, 0x000000008d900000|  0%| F|  |TAMS 0x000000008d800000, 0x000000008d800000| Untracked 
| 217|0x000000008d900000, 0x000000008d900000, 0x000000008da00000|  0%| F|  |TAMS 0x000000008d900000, 0x000000008d900000| Untracked 
| 218|0x000000008da00000, 0x000000008da00000, 0x000000008db00000|  0%| F|  |TAMS 0x000000008da00000, 0x000000008da00000| Untracked 
| 219|0x000000008db00000, 0x000000008db00000, 0x000000008dc00000|  0%| F|  |TAMS 0x000000008db00000, 0x000000008db00000| Untracked 
| 220|0x000000008dc00000, 0x000000008dc00000, 0x000000008dd00000|  0%| F|  |TAMS 0x000000008dc00000, 0x000000008dc00000| Untracked 
| 221|0x000000008dd00000, 0x000000008dd00000, 0x000000008de00000|  0%| F|  |TAMS 0x000000008dd00000, 0x000000008dd00000| Untracked 
| 222|0x000000008de00000, 0x000000008de00000, 0x000000008df00000|  0%| F|  |TAMS 0x000000008de00000, 0x000000008de00000| Untracked 
| 223|0x000000008df00000, 0x000000008df00000, 0x000000008e000000|  0%| F|  |TAMS 0x000000008df00000, 0x000000008df00000| Untracked 
| 224|0x000000008e000000, 0x000000008e000000, 0x000000008e100000|  0%| F|  |TAMS 0x000000008e000000, 0x000000008e000000| Untracked 
| 225|0x000000008e100000, 0x000000008e100000, 0x000000008e200000|  0%| F|  |TAMS 0x000000008e100000, 0x000000008e100000| Untracked 
| 226|0x000000008e200000, 0x000000008e200000, 0x000000008e300000|  0%| F|  |TAMS 0x000000008e200000, 0x000000008e200000| Untracked 
| 227|0x000000008e300000, 0x000000008e300000, 0x000000008e400000|  0%| F|  |TAMS 0x000000008e300000, 0x000000008e300000| Untracked 
| 228|0x000000008e400000, 0x000000008e400000, 0x000000008e500000|  0%| F|  |TAMS 0x000000008e400000, 0x000000008e400000| Untracked 
| 229|0x000000008e500000, 0x000000008e500000, 0x000000008e600000|  0%| F|  |TAMS 0x000000008e500000, 0x000000008e500000| Untracked 
| 230|0x000000008e600000, 0x000000008e600000, 0x000000008e700000|  0%| F|  |TAMS 0x000000008e600000, 0x000000008e600000| Untracked 
| 231|0x000000008e700000, 0x000000008e700000, 0x000000008e800000|  0%| F|  |TAMS 0x000000008e700000, 0x000000008e700000| Untracked 
| 232|0x000000008e800000, 0x000000008e800000, 0x000000008e900000|  0%| F|  |TAMS 0x000000008e800000, 0x000000008e800000| Untracked 
| 233|0x000000008e900000, 0x000000008e99b818, 0x000000008ea00000| 60%| S|CS|TAMS 0x000000008e900000, 0x000000008e900000| Complete 
| 234|0x000000008ea00000, 0x000000008eb00000, 0x000000008eb00000|100%| S|CS|TAMS 0x000000008ea00000, 0x000000008ea00000| Complete 
| 235|0x000000008eb00000, 0x000000008eb00000, 0x000000008ec00000|  0%| F|  |TAMS 0x000000008eb00000, 0x000000008eb00000| Untracked 
| 236|0x000000008ec00000, 0x000000008ec00000, 0x000000008ed00000|  0%| F|  |TAMS 0x000000008ec00000, 0x000000008ec00000| Untracked 
| 237|0x000000008ed00000, 0x000000008ed00000, 0x000000008ee00000|  0%| F|  |TAMS 0x000000008ed00000, 0x000000008ed00000| Untracked 
| 238|0x000000008ee00000, 0x000000008ee00000, 0x000000008ef00000|  0%| F|  |TAMS 0x000000008ee00000, 0x000000008ee00000| Untracked 
| 239|0x000000008ef00000, 0x000000008ef00000, 0x000000008f000000|  0%| F|  |TAMS 0x000000008ef00000, 0x000000008ef00000| Untracked 
| 240|0x000000008f000000, 0x000000008f000000, 0x000000008f100000|  0%| F|  |TAMS 0x000000008f000000, 0x000000008f000000| Untracked 
| 241|0x000000008f100000, 0x000000008f100000, 0x000000008f200000|  0%| F|  |TAMS 0x000000008f100000, 0x000000008f100000| Untracked 
| 242|0x000000008f200000, 0x000000008f200000, 0x000000008f300000|  0%| F|  |TAMS 0x000000008f200000, 0x000000008f200000| Untracked 
| 243|0x000000008f300000, 0x000000008f300000, 0x000000008f400000|  0%| F|  |TAMS 0x000000008f300000, 0x000000008f300000| Untracked 
| 244|0x000000008f400000, 0x000000008f400000, 0x000000008f500000|  0%| F|  |TAMS 0x000000008f400000, 0x000000008f400000| Untracked 
| 245|0x000000008f500000, 0x000000008f500000, 0x000000008f600000|  0%| F|  |TAMS 0x000000008f500000, 0x000000008f500000| Untracked 
| 246|0x000000008f600000, 0x000000008f600000, 0x000000008f700000|  0%| F|  |TAMS 0x000000008f600000, 0x000000008f600000| Untracked 
| 247|0x000000008f700000, 0x000000008f700000, 0x000000008f800000|  0%| F|  |TAMS 0x000000008f700000, 0x000000008f700000| Untracked 
| 248|0x000000008f800000, 0x000000008f800000, 0x000000008f900000|  0%| F|  |TAMS 0x000000008f800000, 0x000000008f800000| Untracked 
| 249|0x000000008f900000, 0x000000008f900000, 0x000000008fa00000|  0%| F|  |TAMS 0x000000008f900000, 0x000000008f900000| Untracked 
| 250|0x000000008fa00000, 0x000000008fa00000, 0x000000008fb00000|  0%| F|  |TAMS 0x000000008fa00000, 0x000000008fa00000| Untracked 
| 251|0x000000008fb00000, 0x000000008fb00000, 0x000000008fc00000|  0%| F|  |TAMS 0x000000008fb00000, 0x000000008fb00000| Untracked 
| 252|0x000000008fc00000, 0x000000008fc00000, 0x000000008fd00000|  0%| F|  |TAMS 0x000000008fc00000, 0x000000008fc00000| Untracked 
| 253|0x000000008fd00000, 0x000000008fd00000, 0x000000008fe00000|  0%| F|  |TAMS 0x000000008fd00000, 0x000000008fd00000| Untracked 

Card table byte_map: [0x000002c461ad0000,0x000002c461ed0000] _byte_map_base: 0x000002c4616d0000

Marking Bits (Prev, Next): (CMBitMap*) 0x000002c44cdce558, (CMBitMap*) 0x000002c44cdce590
 Prev Bits: [0x000002c4622d0000, 0x000002c4642d0000)
 Next Bits: [0x000002c4642d0000, 0x000002c4662d0000)

Polling page: 0x000002c44ce70000

Metaspace:

Usage:
  Non-class:    117.24 MB capacity,   114.80 MB ( 98%) used,     1.98 MB (  2%) free+waste,   470.38 KB ( <1%) overhead. 
      Class:     17.97 MB capacity,    16.51 MB ( 92%) used,     1.25 MB (  7%) free+waste,   213.56 KB (  1%) overhead. 
       Both:    135.20 MB capacity,   131.31 MB ( 97%) used,     3.23 MB (  2%) free+waste,   683.94 KB ( <1%) overhead. 

Virtual space:
  Non-class space:      118.00 MB reserved,     117.36 MB (>99%) committed 
      Class space:        1.00 GB reserved,      18.07 MB (  2%) committed 
             Both:        1.12 GB reserved,     135.44 MB ( 12%) committed 

Chunk freelists:
   Non-Class:  3.00 KB
       Class:  0 bytes
        Both:  3.00 KB

MaxMetaspaceSize: 17179869184.00 GB
CompressedClassSpaceSize: 1.00 GB
Initial GC threshold: 20.80 MB
Current GC threshold: 196.56 MB
CDS: off

CodeHeap 'non-profiled nmethods': size=120064Kb used=13306Kb max_used=13306Kb free=106757Kb
 bounds [0x000002c459b60000, 0x000002c45a860000, 0x000002c4610a0000]
CodeHeap 'profiled nmethods': size=120000Kb used=47859Kb max_used=47859Kb free=72141Kb
 bounds [0x000002c452630000, 0x000002c4554f0000, 0x000002c459b60000]
CodeHeap 'non-nmethods': size=5696Kb used=2506Kb max_used=2562Kb free=3189Kb
 bounds [0x000002c4520a0000, 0x000002c452330000, 0x000002c452630000]
 total_blobs=20909 nmethods=19857 adapters=963
 compilation: enabled
              stopped_count=0, restarted_count=0
 full_count=0

Compilation events (20 events):
Event: 1694.245 Thread 0x000002c4691f0800 20765       3       com.android.tools.r8.internal.rG::a (278 bytes)
Event: 1694.247 Thread 0x000002c4691f0800 nmethod 20765 0x000002c4554db910 code [0x000002c4554dbe40, 0x000002c4554df148]
Event: 1694.250 Thread 0x000002c4691f0800 20766       2       com.android.tools.r8.internal.w7::a (57 bytes)
Event: 1694.251 Thread 0x000002c4691f0800 nmethod 20766 0x000002c4554e0190 code [0x000002c4554e03c0, 0x000002c4554e0a08]
Event: 1694.254 Thread 0x000002c4691f0800 20767       2       com.android.tools.r8.internal.w7::a (61 bytes)
Event: 1694.254 Thread 0x000002c4691f0800 nmethod 20767 0x000002c4554e0e10 code [0x000002c4554e1000, 0x000002c4554e1248]
Event: 1694.256 Thread 0x000002c4691f0800 20768   !   3       com.android.tools.r8.internal.Cd::a (1153 bytes)
Event: 1694.262 Thread 0x000002c4691f0800 nmethod 20768 0x000002c4554e1490 code [0x000002c4554e2080, 0x000002c4554eab98]
Event: 1694.262 Thread 0x000002c4691f0800 20769       2       com.android.tools.r8.code.O0::hashCode (28 bytes)
Event: 1694.262 Thread 0x000002c4691f0800 nmethod 20769 0x000002c4554ed490 code [0x000002c4554ed640, 0x000002c4554ed788]
Event: 1694.262 Thread 0x000002c4691f0800 20770       2       com.android.tools.r8.internal.X7::a (21 bytes)
Event: 1694.263 Thread 0x000002c4691f0800 nmethod 20770 0x000002c4554ed810 code [0x000002c4554ed9e0, 0x000002c4554edc88]
Event: 1694.274 Thread 0x000002c4691f0800 20771       2       com.android.tools.r8.internal.vo::<init> (11 bytes)
Event: 1694.274 Thread 0x000002c4691f0800 nmethod 20771 0x000002c4554edd90 code [0x000002c4554edf40, 0x000002c4554ee0c8]
Event: 1694.274 Thread 0x000002c4691f0800 20772       2       com.android.tools.r8.internal.Jw::<init> (7 bytes)
Event: 1694.274 Thread 0x000002c4691f0800 nmethod 20772 0x000002c4554ee190 code [0x000002c4554ee340, 0x000002c4554ee468]
Event: 1694.275 Thread 0x000002c4691f0800 20773       2       com.android.tools.r8.internal.M9$$Lambda$1738/0x00000001010f0040::accept (16 bytes)
Event: 1694.275 Thread 0x000002c4691f0800 nmethod 20773 0x000002c4554ee510 code [0x000002c4554ee6c0, 0x000002c4554ee828]
Event: 1694.275 Thread 0x000002c4691f0800 20774       2       com.android.tools.r8.internal.K9::a (7 bytes)
Event: 1694.275 Thread 0x000002c4691f0800 nmethod 20774 0x000002c4554ee910 code [0x000002c4554eeac0, 0x000002c4554eebe8]

GC Heap History (20 events):
Event: 1693.450 GC heap after
{Heap after GC invocations=61 (full 0):
 garbage-first heap   total 260096K, used 209871K [0x0000000080000000, 0x0000000100000000)
  region size 1024K, 1 young (1024K), 1 survivors (1024K)
 Metaspace       used 134304K, capacity 138295K, committed 138432K, reserved 1169408K
  class space    used 16903K, capacity 18397K, committed 18508K, reserved 1048576K
}
Event: 1693.506 GC heap before
{Heap before GC invocations=61 (full 0):
 garbage-first heap   total 260096K, used 227279K [0x0000000080000000, 0x0000000100000000)
  region size 1024K, 18 young (18432K), 1 survivors (1024K)
 Metaspace       used 134323K, capacity 138297K, committed 138432K, reserved 1169408K
  class space    used 16903K, capacity 18397K, committed 18508K, reserved 1048576K
}
Event: 1693.508 GC heap after
{Heap after GC invocations=62 (full 0):
 garbage-first heap   total 260096K, used 209724K [0x0000000080000000, 0x0000000100000000)
  region size 1024K, 1 young (1024K), 1 survivors (1024K)
 Metaspace       used 134323K, capacity 138297K, committed 138432K, reserved 1169408K
  class space    used 16903K, capacity 18397K, committed 18508K, reserved 1048576K
}
Event: 1693.537 GC heap before
{Heap before GC invocations=62 (full 0):
 garbage-first heap   total 260096K, used 226108K [0x0000000080000000, 0x0000000100000000)
  region size 1024K, 18 young (18432K), 1 survivors (1024K)
 Metaspace       used 134334K, capacity 138300K, committed 138432K, reserved 1169408K
  class space    used 16903K, capacity 18397K, committed 18508K, reserved 1048576K
}
Event: 1693.540 GC heap after
{Heap after GC invocations=63 (full 0):
 garbage-first heap   total 260096K, used 210955K [0x0000000080000000, 0x0000000100000000)
  region size 1024K, 2 young (2048K), 2 survivors (2048K)
 Metaspace       used 134334K, capacity 138300K, committed 138432K, reserved 1169408K
  class space    used 16903K, capacity 18397K, committed 18508K, reserved 1048576K
}
Event: 1693.665 GC heap before
{Heap before GC invocations=63 (full 0):
 garbage-first heap   total 260096K, used 228363K [0x0000000080000000, 0x0000000100000000)
  region size 1024K, 19 young (19456K), 2 survivors (2048K)
 Metaspace       used 134373K, capacity 138368K, committed 138688K, reserved 1169408K
  class space    used 16903K, capacity 18397K, committed 18508K, reserved 1048576K
}
Event: 1693.668 GC heap after
{Heap after GC invocations=64 (full 0):
 garbage-first heap   total 260096K, used 210481K [0x0000000080000000, 0x0000000100000000)
  region size 1024K, 1 young (1024K), 1 survivors (1024K)
 Metaspace       used 134373K, capacity 138368K, committed 138688K, reserved 1169408K
  class space    used 16903K, capacity 18397K, committed 18508K, reserved 1048576K
}
Event: 1693.750 GC heap before
{Heap before GC invocations=64 (full 0):
 garbage-first heap   total 260096K, used 226865K [0x0000000080000000, 0x0000000100000000)
  region size 1024K, 18 young (18432K), 1 survivors (1024K)
 Metaspace       used 134398K, capacity 138371K, committed 138688K, reserved 1169408K
  class space    used 16903K, capacity 18397K, committed 18508K, reserved 1048576K
}
Event: 1693.753 GC heap after
{Heap after GC invocations=65 (full 0):
 garbage-first heap   total 260096K, used 211396K [0x0000000080000000, 0x0000000100000000)
  region size 1024K, 2 young (2048K), 2 survivors (2048K)
 Metaspace       used 134398K, capacity 138371K, committed 138688K, reserved 1169408K
  class space    used 16903K, capacity 18397K, committed 18508K, reserved 1048576K
}
Event: 1693.807 GC heap before
{Heap before GC invocations=65 (full 0):
 garbage-first heap   total 260096K, used 227780K [0x0000000080000000, 0x0000000100000000)
  region size 1024K, 18 young (18432K), 2 survivors (2048K)
 Metaspace       used 134406K, capacity 138371K, committed 138688K, reserved 1169408K
  class space    used 16903K, capacity 18397K, committed 18508K, reserved 1048576K
}
Event: 1693.809 GC heap after
{Heap after GC invocations=66 (full 0):
 garbage-first heap   total 260096K, used 211533K [0x0000000080000000, 0x0000000100000000)
  region size 1024K, 2 young (2048K), 2 survivors (2048K)
 Metaspace       used 134406K, capacity 138371K, committed 138688K, reserved 1169408K
  class space    used 16903K, capacity 18397K, committed 18508K, reserved 1048576K
}
Event: 1693.929 GC heap before
{Heap before GC invocations=66 (full 0):
 garbage-first heap   total 260096K, used 227917K [0x0000000080000000, 0x0000000100000000)
  region size 1024K, 18 young (18432K), 2 survivors (2048K)
 Metaspace       used 134434K, capacity 138377K, committed 138688K, reserved 1169408K
  class space    used 16903K, capacity 18397K, committed 18508K, reserved 1048576K
}
Event: 1693.930 GC heap after
{Heap after GC invocations=67 (full 0):
 garbage-first heap   total 260096K, used 212285K [0x0000000080000000, 0x0000000100000000)
  region size 1024K, 2 young (2048K), 2 survivors (2048K)
 Metaspace       used 134434K, capacity 138377K, committed 138688K, reserved 1169408K
  class space    used 16903K, capacity 18397K, committed 18508K, reserved 1048576K
}
Event: 1693.989 GC heap before
{Heap before GC invocations=67 (full 0):
 garbage-first heap   total 260096K, used 227645K [0x0000000080000000, 0x0000000100000000)
  region size 1024K, 17 young (17408K), 2 survivors (2048K)
 Metaspace       used 134441K, capacity 138382K, committed 138688K, reserved 1169408K
  class space    used 16904K, capacity 18399K, committed 18508K, reserved 1048576K
}
Event: 1693.991 GC heap after
{Heap after GC invocations=68 (full 0):
 garbage-first heap   total 260096K, used 212216K [0x0000000080000000, 0x0000000100000000)
  region size 1024K, 2 young (2048K), 2 survivors (2048K)
 Metaspace       used 134441K, capacity 138382K, committed 138688K, reserved 1169408K
  class space    used 16904K, capacity 18399K, committed 18508K, reserved 1048576K
}
Event: 1694.045 GC heap before
{Heap before GC invocations=68 (full 0):
 garbage-first heap   total 260096K, used 229624K [0x0000000080000000, 0x0000000100000000)
  region size 1024K, 19 young (19456K), 2 survivors (2048K)
 Metaspace       used 134445K, capacity 138382K, committed 138688K, reserved 1169408K
  class space    used 16904K, capacity 18399K, committed 18508K, reserved 1048576K
}
Event: 1694.047 GC heap after
{Heap after GC invocations=69 (full 0):
 garbage-first heap   total 260096K, used 212365K [0x0000000080000000, 0x0000000100000000)
  region size 1024K, 2 young (2048K), 2 survivors (2048K)
 Metaspace       used 134445K, capacity 138382K, committed 138688K, reserved 1169408K
  class space    used 16904K, capacity 18399K, committed 18508K, reserved 1048576K
}
Event: 1694.153 GC heap before
{Heap before GC invocations=69 (full 0):
 garbage-first heap   total 260096K, used 228749K [0x0000000080000000, 0x0000000100000000)
  region size 1024K, 18 young (18432K), 2 survivors (2048K)
 Metaspace       used 134447K, capacity 138382K, committed 138688K, reserved 1169408K
  class space    used 16904K, capacity 18399K, committed 18508K, reserved 1048576K
}
Event: 1694.156 GC heap after
{Heap after GC invocations=70 (full 0):
 garbage-first heap   total 260096K, used 211424K [0x0000000080000000, 0x0000000100000000)
  region size 1024K, 2 young (2048K), 2 survivors (2048K)
 Metaspace       used 134447K, capacity 138382K, committed 138688K, reserved 1169408K
  class space    used 16904K, capacity 18399K, committed 18508K, reserved 1048576K
}
Event: 1694.276 GC heap before
{Heap before GC invocations=70 (full 0):
 garbage-first heap   total 260096K, used 228832K [0x0000000080000000, 0x0000000100000000)
  region size 1024K, 19 young (19456K), 2 survivors (2048K)
 Metaspace       used 134456K, capacity 138448K, committed 138688K, reserved 1169408K
  class space    used 16904K, capacity 18399K, committed 18508K, reserved 1048576K
}

Deoptimization events (20 events):
Event: 1693.724 Thread 0x000002c469696800 DEOPT PACKING pc=0x000002c45a7c62d0 sp=0x000000e8dc8fb540
Event: 1693.724 Thread 0x000002c469696800 DEOPT UNPACKING pc=0x000002c4520ea1af sp=0x000000e8dc8fb508 mode 2
Event: 1693.724 Thread 0x000002c469696800 Uncommon trap: trap_request=0xffffffde fr.pc=0x000002c45a7c62d0 relative=0x00000000000005f0
Event: 1693.724 Thread 0x000002c469696800 Uncommon trap: reason=class_check action=maybe_recompile pc=0x000002c45a7c62d0 method=com.android.tools.r8.internal.Zq.d()Lcom/android/tools/r8/internal/Xq; @ 3 c2
Event: 1693.724 Thread 0x000002c469696800 DEOPT PACKING pc=0x000002c45a7c62d0 sp=0x000000e8dc8fb540
Event: 1693.724 Thread 0x000002c469696800 DEOPT UNPACKING pc=0x000002c4520ea1af sp=0x000000e8dc8fb508 mode 2
Event: 1693.745 Thread 0x000002c46969c000 Uncommon trap: trap_request=0xffffffd6 fr.pc=0x000002c45a84ef44 relative=0x0000000000000704
Event: 1693.745 Thread 0x000002c46969c000 Uncommon trap: reason=array_check action=maybe_recompile pc=0x000002c45a84ef44 method=java.util.TimSort.binarySort([Ljava/lang/Object;IIILjava/util/Comparator;)V @ 215 c2
Event: 1693.745 Thread 0x000002c46969c000 DEOPT PACKING pc=0x000002c45a84ef44 sp=0x000000e8dd7fc6b0
Event: 1693.745 Thread 0x000002c46969c000 DEOPT UNPACKING pc=0x000002c4520ea1af sp=0x000000e8dd7fc658 mode 2
Event: 1693.745 Thread 0x000002c46969c000 Uncommon trap: trap_request=0xffffffd6 fr.pc=0x000002c45a84ef44 relative=0x0000000000000704
Event: 1693.745 Thread 0x000002c46969c000 Uncommon trap: reason=array_check action=maybe_recompile pc=0x000002c45a84ef44 method=java.util.TimSort.binarySort([Ljava/lang/Object;IIILjava/util/Comparator;)V @ 215 c2
Event: 1693.745 Thread 0x000002c46969c000 DEOPT PACKING pc=0x000002c45a84ef44 sp=0x000000e8dd7fc6b0
Event: 1693.745 Thread 0x000002c46969c000 DEOPT UNPACKING pc=0x000002c4520ea1af sp=0x000000e8dd7fc658 mode 2
Event: 1694.011 Thread 0x000002c469696800 DEOPT PACKING pc=0x000002c454ef232f sp=0x000000e8dc8facd0
Event: 1694.011 Thread 0x000002c469696800 DEOPT UNPACKING pc=0x000002c4520ea95e sp=0x000000e8dc8fa570 mode 0
Event: 1694.245 Thread 0x000002c469696800 DEOPT PACKING pc=0x000002c4554625c1 sp=0x000000e8dc8fb570
Event: 1694.245 Thread 0x000002c469696800 DEOPT UNPACKING pc=0x000002c4520ea95e sp=0x000000e8dc8faaf8 mode 0
Event: 1694.257 Thread 0x000002c469696800 DEOPT PACKING pc=0x000002c45527d196 sp=0x000000e8dc8fb970
Event: 1694.257 Thread 0x000002c469696800 DEOPT UNPACKING pc=0x000002c4520ea95e sp=0x000000e8dc8fafc8 mode 0

Classes redefined (0 events):
No events

Internal exceptions (20 events):
Event: 1690.179 Thread 0x000002c469696800 Exception <a 'java/lang/IncompatibleClassChangeError'{0x000000008ef04770}: Found class java.lang.Object, but interface was expected> (0x000000008ef04770) thrown at [./src/hotspot/share/interpreter/linkResolver.cpp, line 839]
Event: 1690.180 Thread 0x000002c46a659000 Exception <a 'java/lang/IncompatibleClassChangeError'{0x000000008f043e50}: Found class java.lang.Object, but interface was expected> (0x000000008f043e50) thrown at [./src/hotspot/share/interpreter/linkResolver.cpp, line 839]
Event: 1690.186 Thread 0x000002c46a65f000 Exception <a 'java/lang/IncompatibleClassChangeError'{0x000000008f071848}: Found class java.lang.Object, but interface was expected> (0x000000008f071848) thrown at [./src/hotspot/share/interpreter/linkResolver.cpp, line 839]
Event: 1690.322 Thread 0x000002c469696800 Exception <a 'java/lang/NoSuchMethodError'{0x000000008e981328}: 'java.lang.Object java.lang.invoke.DirectMethodHandle$Holder.invokeStatic(java.lang.Object, int, java.lang.Object, java.lang.Object)'> (0x000000008e981328) thrown at [./src/hotspot/share/interpreter/linkResolver.cpp, line 773]
Event: 1690.322 Thread 0x000002c46a659000 Exception <a 'java/lang/NoSuchMethodError'{0x000000008e93efb8}: 'java.lang.Object java.lang.invoke.DirectMethodHandle$Holder.invokeStatic(java.lang.Object, int, java.lang.Object, java.lang.Object)'> (0x000000008e93efb8) thrown at [./src/hotspot/share/interpreter/linkResolver.cpp, line 773]
Event: 1690.323 Thread 0x000002c46a65f000 Exception <a 'java/lang/NoSuchMethodError'{0x000000008e965cb8}: 'java.lang.Object java.lang.invoke.DirectMethodHandle$Holder.invokeStatic(java.lang.Object, int, java.lang.Object, java.lang.Object)'> (0x000000008e965cb8) thrown at [./src/hotspot/share/interpreter/linkResolver.cpp, line 773]
Event: 1690.527 Thread 0x000002c46a65f000 Exception <a 'java/lang/IncompatibleClassChangeError'{0x000000008f78a198}: Found class java.lang.Object, but interface was expected> (0x000000008f78a198) thrown at [./src/hotspot/share/interpreter/linkResolver.cpp, line 839]
Event: 1690.527 Thread 0x000002c46a65f000 Exception <a 'java/lang/IncompatibleClassChangeError'{0x000000008f791b58}: Found class java.lang.Object, but interface was expected> (0x000000008f791b58) thrown at [./src/hotspot/share/interpreter/linkResolver.cpp, line 839]
Event: 1690.591 Thread 0x000002c46a65f000 Exception <a 'java/lang/NoSuchMethodError'{0x000000008ed9e648}: 'void java.lang.invoke.DirectMethodHandle$Holder.invokeSpecial(java.lang.Object, java.lang.Object, int, java.lang.Object)'> (0x000000008ed9e648) thrown at [./src/hotspot/share/interpreter/linkResolver.cpp, line 773]
Event: 1691.676 Thread 0x000002c46a65f000 Exception <a 'java/lang/NoSuchMethodError'{0x000000008fd5a580}: 'java.lang.Object java.lang.invoke.Invokers$Holder.linkToTargetMethod(java.lang.Object, int, java.lang.Object, java.lang.Object, java.lang.Object, java.lang.Object)'> (0x000000008fd5a580) thrown at [./src/hotspot/share/interpreter/linkResolver.cpp, line 773]
Event: 1691.678 Thread 0x000002c469696800 Exception <a 'java/lang/NoSuchMethodError'{0x000000008fdb5b40}: 'long java.lang.invoke.DirectMethodHandle$Holder.invokeStatic(java.lang.Object, java.lang.Object)'> (0x000000008fdb5b40) thrown at [./src/hotspot/share/interpreter/linkResolver.cpp, line 773]
Event: 1691.687 Thread 0x000002c46a65f000 Exception <a 'java/lang/NoSuchMethodError'{0x000000008fdd6ca8}: 'void java.lang.invoke.DirectMethodHandle$Holder.invokeStatic(java.lang.Object, java.lang.Object, java.lang.Object, java.lang.Object, java.lang.Object, java.lang.Object, java.lang.Object, java.lang.Object)'> (0x000000008fdd6ca8) thrown at [./src/hotspot/share/interpreter/linkResolver.cpp, line 773]
Event: 1691.717 Thread 0x000002c469696800 Implicit null exception at 0x000002c45a7772d0 to 0x000002c45a77b3a8
Event: 1692.213 Thread 0x000002c469696800 Exception <a 'java/lang/NoSuchMethodError'{0x000000008f922da0}: 'java.lang.Object java.lang.invoke.DirectMethodHandle$Holder.invokeSpecial(java.lang.Object, java.lang.Object, java.lang.Object, java.lang.Object, java.lang.Object, java.lang.Object, java.lang.Object, java.lang.Object, java.lang.Object, java.lang.Object, java.lang.Object)'> (0x000000008f922da0) thrown at [./src/hotspot/share/interpreter/linkResolver.cpp, line 773]
Event: 1692.215 Thread 0x000002c469696800 Exception <a 'java/lang/NoSuchMethodError'{0x000000008f9c9c50}: 'java.lang.Object java.lang.invoke.Invokers$Holder.linkToTargetMethod(java.lang.Object, java.lang.Object, java.lang.Object, java.lang.Object, java.lang.Object, java.lang.Object, java.lang.Object, java.lang.Object, java.lang.Object, java.lang.Object)'> (0x000000008f9c9c50) thrown at [./src/hotspot/share/interpreter/linkResolver.cpp, line 773]
Event: 1692.240 Thread 0x000002c469696800 Exception <a 'java/lang/IncompatibleClassChangeError'{0x000000008f8c3180}: Found class java.lang.Object, but interface was expected> (0x000000008f8c3180) thrown at [./src/hotspot/share/interpreter/linkResolver.cpp, line 839]
Event: 1692.253 Thread 0x000002c46a65f000 Exception <a 'java/lang/IncompatibleClassChangeError'{0x000000008f73a1f0}: Found class java.lang.Object, but interface was expected> (0x000000008f73a1f0) thrown at [./src/hotspot/share/interpreter/linkResolver.cpp, line 839]
Event: 1692.628 Thread 0x000002c46a65f000 Exception <a 'java/lang/NoSuchMethodError'{0x000000008ef79ff8}: 'void java.lang.invoke.DirectMethodHandle$Holder.invokeSpecial(java.lang.Object, java.lang.Object, int)'> (0x000000008ef79ff8) thrown at [./src/hotspot/share/interpreter/linkResolver.cpp, line 773]
Event: 1692.663 Thread 0x000002c46a659000 Exception <a 'java/lang/NoSuchMethodError'{0x000000008ed84988}: 'java.lang.Object java.lang.invoke.DirectMethodHandle$Holder.invokeInterface(java.lang.Object, java.lang.Object, int)'> (0x000000008ed84988) thrown at [./src/hotspot/share/interpreter/linkResolver.cpp, line 773]
Event: 1692.687 Thread 0x000002c469696800 Exception <a 'java/lang/NoSuchMethodError'{0x000000008ecda8d8}: 'int java.lang.invoke.DirectMethodHandle$Holder.invokeInterface(java.lang.Object, java.lang.Object, int)'> (0x000000008ecda8d8) thrown at [./src/hotspot/share/interpreter/linkResolver.cpp, line 773]

Events (20 events):
Event: 1693.928 loading class com/android/tools/r8/internal/fT done
Event: 1693.928 Executing VM operation: G1CollectForAllocation
Event: 1693.930 Executing VM operation: G1CollectForAllocation done
Event: 1693.931 loading class com/android/tools/r8/internal/w20
Event: 1693.931 loading class com/android/tools/r8/internal/w20 done
Event: 1693.931 loading class com/android/tools/r8/internal/fT
Event: 1693.931 loading class com/android/tools/r8/internal/fT done
Event: 1693.988 Executing VM operation: G1CollectForAllocation
Event: 1693.989 Executing VM operation: G1CollectForAllocation done
Event: 1693.989 Executing VM operation: G1CollectForAllocation
Event: 1693.991 Executing VM operation: G1CollectForAllocation done
Event: 1694.030 Executing VM operation: G1CollectForAllocation
Event: 1694.042 Executing VM operation: G1CollectForAllocation done
Event: 1694.044 Executing VM operation: G1CollectForAllocation
Event: 1694.047 Executing VM operation: G1CollectForAllocation done
Event: 1694.125 Executing VM operation: RevokeBias
Event: 1694.130 Executing VM operation: RevokeBias done
Event: 1694.153 Executing VM operation: G1CollectForAllocation
Event: 1694.156 Executing VM operation: G1CollectForAllocation done
Event: 1694.276 Executing VM operation: G1CollectForAllocation


Dynamic libraries:
0x00007ff77b850000 - 0x00007ff77b85a000 	C:\Users\yjt4\Downloads\android-studio-2021.3.1.17-windows\android-studio\jre\bin\java.exe
0x00007ffaa9870000 - 0x00007ffaa9a68000 	C:\WINDOWS\SYSTEM32\ntdll.dll
0x00007ffaa9770000 - 0x00007ffaa982f000 	C:\WINDOWS\System32\KERNEL32.DLL
0x00007ffaa7130000 - 0x00007ffaa7402000 	C:\WINDOWS\System32\KERNELBASE.dll
0x00007ffaa7480000 - 0x00007ffaa7580000 	C:\WINDOWS\System32\ucrtbase.dll
0x00007ffaa1f10000 - 0x00007ffaa1f29000 	C:\Users\yjt4\Downloads\android-studio-2021.3.1.17-windows\android-studio\jre\bin\jli.dll
0x00007ffaa9080000 - 0x00007ffaa921d000 	C:\WINDOWS\System32\USER32.dll
0x00007ffaa7100000 - 0x00007ffaa7122000 	C:\WINDOWS\System32\win32u.dll
0x00007ffaa7fa0000 - 0x00007ffaa7fcb000 	C:\WINDOWS\System32\GDI32.dll
0x00007ffaa1ef0000 - 0x00007ffaa1f07000 	C:\Users\yjt4\Downloads\android-studio-2021.3.1.17-windows\android-studio\jre\bin\VCRUNTIME140.dll
0x00007ffa9b400000 - 0x00007ffa9b69a000 	C:\WINDOWS\WinSxS\amd64_microsoft.windows.common-controls_6595b64144ccf1df_6.0.19041.1110_none_60b5254171f9507e\COMCTL32.dll
0x00007ffaa79b0000 - 0x00007ffaa7a4e000 	C:\WINDOWS\System32\msvcrt.dll
0x00007ffaa7760000 - 0x00007ffaa786f000 	C:\WINDOWS\System32\gdi32full.dll
0x00007ffaa7060000 - 0x00007ffaa70fd000 	C:\WINDOWS\System32\msvcp_win.dll
0x00007ffaa7a70000 - 0x00007ffaa7aa2000 	C:\WINDOWS\System32\IMM32.DLL
0x00007ffa81a70000 - 0x00007ffa81b0d000 	C:\Users\yjt4\Downloads\android-studio-2021.3.1.17-windows\android-studio\jre\bin\msvcp140.dll
0x00007ffa53300000 - 0x00007ffa53e02000 	C:\Users\yjt4\Downloads\android-studio-2021.3.1.17-windows\android-studio\jre\bin\server\jvm.dll
0x00007ffaa9220000 - 0x00007ffaa92ce000 	C:\WINDOWS\System32\ADVAPI32.dll
0x00007ffaa8fe0000 - 0x00007ffaa907c000 	C:\WINDOWS\System32\sechost.dll
0x00007ffaa9340000 - 0x00007ffaa9465000 	C:\WINDOWS\System32\RPCRT4.dll
0x00007ffaa94e0000 - 0x00007ffaa94e8000 	C:\WINDOWS\System32\PSAPI.DLL
0x00007ffa9a400000 - 0x00007ffa9a409000 	C:\WINDOWS\SYSTEM32\WSOCK32.dll
0x00007ffa9d710000 - 0x00007ffa9d737000 	C:\WINDOWS\SYSTEM32\WINMM.dll
0x00007ffaa92d0000 - 0x00007ffaa933b000 	C:\WINDOWS\System32\WS2_32.dll
0x00007ffaa2780000 - 0x00007ffaa278a000 	C:\WINDOWS\SYSTEM32\VERSION.dll
0x00007ffaa4f40000 - 0x00007ffaa4f52000 	C:\WINDOWS\SYSTEM32\kernel.appcore.dll
0x00007ffaa1e20000 - 0x00007ffaa1e31000 	C:\Users\yjt4\Downloads\android-studio-2021.3.1.17-windows\android-studio\jre\bin\verify.dll
0x00007ffaa3170000 - 0x00007ffaa3354000 	C:\WINDOWS\SYSTEM32\DBGHELP.DLL
0x00007ffaa2000000 - 0x00007ffaa202c000 	C:\WINDOWS\SYSTEM32\dbgcore.DLL
0x00007ffaa7920000 - 0x00007ffaa79a2000 	C:\WINDOWS\System32\bcryptPrimitives.dll
0x00007ffa899f0000 - 0x00007ffa89a19000 	C:\Users\yjt4\Downloads\android-studio-2021.3.1.17-windows\android-studio\jre\bin\java.dll
0x00007ffaa1e10000 - 0x00007ffaa1e1b000 	C:\Users\yjt4\Downloads\android-studio-2021.3.1.17-windows\android-studio\jre\bin\jimage.dll
0x00007ffaa13f0000 - 0x00007ffaa1408000 	C:\Users\yjt4\Downloads\android-studio-2021.3.1.17-windows\android-studio\jre\bin\zip.dll
0x00007ffaa8700000 - 0x00007ffaa8e43000 	C:\WINDOWS\System32\SHELL32.dll
0x00007ffaa5140000 - 0x00007ffaa58d2000 	C:\WINDOWS\SYSTEM32\windows.storage.dll
0x00007ffaa7c40000 - 0x00007ffaa7f94000 	C:\WINDOWS\System32\combase.dll
0x00007ffaa6a50000 - 0x00007ffaa6a80000 	C:\WINDOWS\SYSTEM32\Wldp.dll
0x00007ffaa8f30000 - 0x00007ffaa8fdd000 	C:\WINDOWS\System32\SHCORE.dll
0x00007ffaa7ab0000 - 0x00007ffaa7b05000 	C:\WINDOWS\System32\shlwapi.dll
0x00007ffaa6fa0000 - 0x00007ffaa6fbf000 	C:\WINDOWS\SYSTEM32\profapi.dll
0x00007ffaa10e0000 - 0x00007ffaa10fa000 	C:\Users\yjt4\Downloads\android-studio-2021.3.1.17-windows\android-studio\jre\bin\net.dll
0x00007ffaa3f60000 - 0x00007ffaa406c000 	C:\WINDOWS\SYSTEM32\WINHTTP.dll
0x00007ffaa6740000 - 0x00007ffaa67aa000 	C:\WINDOWS\system32\mswsock.dll
0x00007ffa887a0000 - 0x00007ffa887b4000 	C:\Users\yjt4\Downloads\android-studio-2021.3.1.17-windows\android-studio\jre\bin\nio.dll
0x00007ffaa1f30000 - 0x00007ffaa1f57000 	C:\Users\yjt4\.gradle\native\e1d6ef7f7dcc3fd88c89a11ec53ec762bb8ba0a96d01ffa2cd45eb1d1d8dd5c5\windows-amd64\native-platform.dll
0x00007ffa633a0000 - 0x00007ffa634e4000 	C:\Users\yjt4\.gradle\native\0d407fdbe67a94daf76414ababcb853783967236a71b16ec16e742cd7a986fd3\windows-amd64\native-platform-file-events.dll
0x00007ffaa1510000 - 0x00007ffaa151a000 	C:\Users\yjt4\Downloads\android-studio-2021.3.1.17-windows\android-studio\jre\bin\management.dll
0x00007ffaa12f0000 - 0x00007ffaa12fd000 	C:\Users\yjt4\Downloads\android-studio-2021.3.1.17-windows\android-studio\jre\bin\management_ext.dll
0x00007ffaa69a0000 - 0x00007ffaa69b8000 	C:\WINDOWS\SYSTEM32\CRYPTSP.dll
0x00007ffaa6060000 - 0x00007ffaa6094000 	C:\WINDOWS\system32\rsaenh.dll
0x00007ffaa7730000 - 0x00007ffaa7757000 	C:\WINDOWS\System32\bcrypt.dll
0x00007ffaa6f60000 - 0x00007ffaa6f8e000 	C:\WINDOWS\SYSTEM32\USERENV.dll
0x00007ffaa69c0000 - 0x00007ffaa69cc000 	C:\WINDOWS\SYSTEM32\CRYPTBASE.dll
0x00007ffaa6430000 - 0x00007ffaa646b000 	C:\WINDOWS\SYSTEM32\IPHLPAPI.DLL
0x00007ffaa9470000 - 0x00007ffaa9478000 	C:\WINDOWS\System32\NSI.dll
0x00007ffaa2b00000 - 0x00007ffaa2b17000 	C:\WINDOWS\SYSTEM32\dhcpcsvc6.DLL
0x00007ffaa2aa0000 - 0x00007ffaa2abd000 	C:\WINDOWS\SYSTEM32\dhcpcsvc.DLL
0x00007ffaa6470000 - 0x00007ffaa653a000 	C:\WINDOWS\SYSTEM32\DNSAPI.dll
0x00007ffaa6180000 - 0x00007ffaa61b3000 	C:\WINDOWS\SYSTEM32\ntmarta.dll
0x00007ffaa1110000 - 0x00007ffaa112e000 	C:\Users\yjt4\AppData\Local\Temp\native-platform1557373900410494405dir\native-platform.dll
0x00007ffaa1fe0000 - 0x00007ffaa1fe8000 	C:\Users\yjt4\Downloads\android-studio-2021.3.1.17-windows\android-studio\jre\bin\rmi.dll

dbghelp: loaded successfully - version: 4.0.5 - missing functions: none
symbol engine: initialized successfully - sym options: 0x614 - pdb path: .;C:\Users\yjt4\Downloads\android-studio-2021.3.1.17-windows\android-studio\jre\bin;C:\WINDOWS\SYSTEM32;C:\WINDOWS\WinSxS\amd64_microsoft.windows.common-controls_6595b64144ccf1df_6.0.19041.1110_none_60b5254171f9507e;C:\Users\yjt4\Downloads\android-studio-2021.3.1.17-windows\android-studio\jre\bin\server;C:\Users\yjt4\.gradle\native\e1d6ef7f7dcc3fd88c89a11ec53ec762bb8ba0a96d01ffa2cd45eb1d1d8dd5c5\windows-amd64;C:\Users\yjt4\.gradle\native\0d407fdbe67a94daf76414ababcb853783967236a71b16ec16e742cd7a986fd3\windows-amd64;C:\Users\yjt4\AppData\Local\Temp\native-platform1557373900410494405dir

VM Arguments:
jvm_args: --add-opens=java.base/java.util=ALL-UNNAMED --add-opens=java.base/java.lang=ALL-UNNAMED --add-opens=java.base/java.lang.invoke=ALL-UNNAMED --add-opens=java.base/java.util=ALL-UNNAMED --add-opens=java.prefs/java.util.prefs=ALL-UNNAMED --add-opens=java.prefs/java.util.prefs=ALL-UNNAMED --add-opens=java.base/java.nio.charset=ALL-UNNAMED --add-opens=java.base/java.net=ALL-UNNAMED --add-opens=java.base/java.util.concurrent.atomic=ALL-UNNAMED -Xmx2048m -Dfile.encoding=UTF-8 -Duser.country=NZ -Duser.language=en -Duser.variant 
java_command: org.gradle.launcher.daemon.bootstrap.GradleDaemon 7.4
java_class_path (initial): C:\Users\yjt4\.gradle\wrapper\dists\gradle-7.4-bin\c0gwcg53nkjbqw7r0h0umtfvt\gradle-7.4\lib\gradle-launcher-7.4.jar
Launcher Type: SUN_STANDARD

[Global flags]
     intx CICompilerCount                          = 3                                         {product} {ergonomic}
     uint ConcGCThreads                            = 1                                         {product} {ergonomic}
     uint G1ConcRefinementThreads                  = 4                                         {product} {ergonomic}
   size_t G1HeapRegionSize                         = 1048576                                   {product} {ergonomic}
    uintx GCDrainStackTargetSize                   = 64                                        {product} {ergonomic}
   size_t InitialHeapSize                          = 266338304                                 {product} {ergonomic}
   size_t MarkStackSize                            = 4194304                                   {product} {ergonomic}
   size_t MaxHeapSize                              = 2147483648                                {product} {command line}
   size_t MaxNewSize                               = 1287651328                                {product} {ergonomic}
   size_t MinHeapDeltaBytes                        = 1048576                                   {product} {ergonomic}
    uintx NonNMethodCodeHeapSize                   = 5830732                                {pd product} {ergonomic}
    uintx NonProfiledCodeHeapSize                  = 122913754                              {pd product} {ergonomic}
    uintx ProfiledCodeHeapSize                     = 122913754                              {pd product} {ergonomic}
    uintx ReservedCodeCacheSize                    = 251658240                              {pd product} {ergonomic}
     bool SegmentedCodeCache                       = true                                      {product} {ergonomic}
     bool UseCompressedClassPointers               = true                                 {lp64_product} {ergonomic}
     bool UseCompressedOops                        = true                                 {lp64_product} {ergonomic}
     bool UseG1GC                                  = true                                      {product} {ergonomic}
     bool UseLargePagesIndividualAllocation        = false                                  {pd product} {ergonomic}

Logging:
Log output configuration:
 #0: stdout all=warning uptime,level,tags
 #1: stderr all=off uptime,level,tags

Environment Variables:
PATH=C:\Program Files (x86)\NVIDIA Corporation\PhysX\Common;C:\ProgramData\Oracle\Java\javapath;C:\WINDOWS\system32;C:\WINDOWS;C:\WINDOWS\System32\Wbem;C:\WINDOWS\System32\WindowsPowerShell\v1.0\;C:\Program Files\Google\Google Apps Sync\;C:\Program Files\Microsoft SQL Server\Client SDK\ODBC\110\Tools\Binn\;C:\Program Files (x86)\Microsoft SQL Server\120\Tools\Binn\;C:\Program Files\Microsoft SQL Server\120\Tools\Binn\;C:\Program Files\Microsoft SQL Server\120\DTS\Binn\;C:\Program Files (x86)\Windows Kits\8.1\Windows Performance Toolkit\;C:\PROGRA~1\Matlab\R2017b\runtime\win64;C:\PROGRA~1\Matlab\R2017b\bin;C:\Program Files (x86)\Skype\Phone\;C:\texlive\2017\bin\win32;C:\Program Files\dotnet\;C:\Program Files\Microsoft SQL Server\130\Tools\Binn\;C:\Program Files\Microsoft SQL Server\Client SDK\ODBC\170\Tools\Binn\;C:\Program Files\Microsoft SQL Server\110\Tools\Binn\;C:\Program Files (x86)\Common Files\AspenTech Shared\;C:\WINDOWS\System32\OpenSSH\;C:\Users\yjt4\AppData\Local\Programs\Python\Launcher\;C:\Users\yjt4\AppData\Local\Microsoft\WindowsApps;C:\Users\yjt4\AppData\Local\Programs\Microsoft VS Code\bin;C:\Users\yjt4\AppData\Local\JetBrains\IntelliJ IDEA Community Edition 2022.2.2\bin;;C:\Users\yjt4\AppData\Local\GitHubDesktop\bin;C:\Users\yjt4\AppData\Local\Programs\Git\cmd
USERNAME=yjt4
OS=Windows_NT
PROCESSOR_IDENTIFIER=Intel64 Family 6 Model 158 Stepping 9, GenuineIntel



---------------  S Y S T E M  ---------------

OS: Windows 10 , 64 bit Build 19041 (10.0.19041.2251)
OS uptime: 35 days 18:45 hours

CPU:total 4 (initial active 4) (4 cores per cpu, 1 threads per core) family 6 model 158 stepping 9 microcode 0xf0, cmov, cx8, fxsr, mmx, sse, sse2, sse3, ssse3, sse4.1, sse4.2, popcnt, avx, avx2, aes, clmul, erms, rtm, 3dnowpref, lzcnt, tsc, tscinvbit, bmi1, bmi2, adx, fma

Memory: 4k page, system-wide physical 16247M (933M free)
TotalPageFile size 31138M (AvailPageFile size 44M)
current process WorkingSet (physical memory assigned to process): 641M, peak: 644M
current process commit charge ("private bytes"): 681M, peak: 734M

vm_info: OpenJDK 64-Bit Server VM (11.0.13+0-b1751.21-8125866) for windows-amd64 JRE (11.0.13+0-b1751.21-8125866), built on Feb  2 2022 03:00:22 by "builder" with MS VC++ 14.0 (VS2015)

END.
